[0.046s] Invoking command in '/home/sergio/tiago_simulator2_ws/build/aws_robomaker_small_house_world': CMAKE_PREFIX_PATH=${CMAKE_PREFIX_PATH}:/home/sergio/tiago_simulator_ws/install/waypoint_navigation:/home/sergio/tiago_simulator_ws/install/sound_recognition:/opt/ros/humble /usr/bin/cmake /home/sergio/tiago_simulator2_ws/src/ThirdParty/aws-robomaker-small-house-world -DBUILD_TESTING=OFF -DAMENT_CMAKE_SYMLINK_INSTALL=1 -DCMAKE_INSTALL_PREFIX=/home/sergio/tiago_simulator2_ws/install/aws_robomaker_small_house_world
[0.301s] -- The C compiler identification is GNU 11.4.0
[0.483s] -- The CXX compiler identification is GNU 11.4.0
[0.496s] -- Detecting C compiler ABI info
[0.627s] -- Detecting C compiler ABI info - done
[0.642s] -- Check for working C compiler: /usr/bin/cc - skipped
[0.643s] -- Detecting C compile features
[0.644s] -- Detecting C compile features - done
[0.649s] -- Detecting CXX compiler ABI info
[0.801s] -- Detecting CXX compiler ABI info - done
[0.821s] -- Check for working CXX compiler: /usr/bin/c++ - skipped
[0.821s] -- Detecting CXX compile features
[0.822s] -- Detecting CXX compile features - done
[0.830s] -- Found gazebo_ros: 3.7.0 (/opt/ros/humble/share/gazebo_ros/cmake)
[1.172s] -- Found Python3: /usr/bin/python3 (found version "3.10.12") found components: Interpreter 
[1.312s] -- Override CMake install command with custom implementation using symlinks instead of copying resources
[1.497s] -- Found rosidl_generator_c: 3.1.5 (/opt/ros/humble/share/rosidl_generator_c/cmake)
[1.512s] -- Found rosidl_adapter: 3.1.5 (/opt/ros/humble/share/rosidl_adapter/cmake)
[1.533s] -- Found rosidl_generator_cpp: 3.1.5 (/opt/ros/humble/share/rosidl_generator_cpp/cmake)
[1.567s] -- Using all available rosidl_typesupport_c: rosidl_typesupport_fastrtps_c;rosidl_typesupport_introspection_c
[1.611s] -- Using all available rosidl_typesupport_cpp: rosidl_typesupport_fastrtps_cpp;rosidl_typesupport_introspection_cpp
[1.814s] -- Found rmw_implementation_cmake: 6.1.1 (/opt/ros/humble/share/rmw_implementation_cmake/cmake)
[1.823s] -- Found rmw_fastrtps_cpp: 6.2.6 (/opt/ros/humble/share/rmw_fastrtps_cpp/cmake)
[2.037s] -- Found OpenSSL: /usr/lib/x86_64-linux-gnu/libcrypto.so (found version "3.0.2")  
[2.094s] -- Found FastRTPS: /opt/ros/humble/include  
[2.182s] -- Using RMW implementation 'rmw_fastrtps_cpp' as default
[2.205s] -- Looking for pthread.h
[2.312s] -- Looking for pthread.h - found
[2.313s] -- Performing Test CMAKE_HAVE_LIBC_PTHREAD
[2.434s] -- Performing Test CMAKE_HAVE_LIBC_PTHREAD - Success
[2.436s] -- Found Threads: TRUE  
[2.765s] -- Found PkgConfig: /usr/bin/pkg-config (found version "0.29.2") 
[2.768s] -- Checking for module 'bullet>=2.82'
[2.788s] --   Found bullet, version 3.05
[2.966s] -- Found fcl: /usr/include (found suitable version "0.7.0", minimum required is "0.5.0") 
[3.049s] -- Found assimp: /usr/include (found version "5.2.0") 
[3.109s] -- Found DART: /usr/include (Required is at least version "6.6") found components: dart 
[3.181s] -- Found Boost: /usr/lib/x86_64-linux-gnu/cmake/Boost-1.74.0/BoostConfig.cmake (found suitable version "1.74.0", minimum required is "1.40.0") found components: thread system filesystem program_options regex iostreams date_time 
[3.216s] -- Found Protobuf: /usr/lib/x86_64-linux-gnu/libprotobuf.so (found version "3.12.4") 
[3.227s] -- Looking for ignition-math6 -- found version 6.15.1
[3.244s] -- Searching for dependencies of ignition-math6
[3.247s] -- Looking for OGRE...
[3.248s] -- OGRE_PREFIX_WATCH changed.
[3.255s] -- Checking for module 'OGRE'
[3.278s] --   Found OGRE, version 1.9.0
[3.337s] -- Found Ogre Ghadamon (1.9.0)
[3.358s] -- Found OGRE: optimized;/usr/lib/x86_64-linux-gnu/libOgreMain.so;debug;/usr/lib/x86_64-linux-gnu/libOgreMain.so
[3.378s] -- Looking for OGRE_Paging...
[3.396s] -- Found OGRE_Paging: optimized;/usr/lib/x86_64-linux-gnu/libOgrePaging.so;debug;/usr/lib/x86_64-linux-gnu/libOgrePaging.so
[3.396s] -- Looking for OGRE_Terrain...
[3.414s] -- Found OGRE_Terrain: optimized;/usr/lib/x86_64-linux-gnu/libOgreTerrain.so;debug;/usr/lib/x86_64-linux-gnu/libOgreTerrain.so
[3.415s] -- Looking for OGRE_Property...
[3.432s] -- Found OGRE_Property: optimized;/usr/lib/x86_64-linux-gnu/libOgreProperty.so;debug;/usr/lib/x86_64-linux-gnu/libOgreProperty.so
[3.432s] -- Looking for OGRE_RTShaderSystem...
[3.448s] -- Found OGRE_RTShaderSystem: optimized;/usr/lib/x86_64-linux-gnu/libOgreRTShaderSystem.so;debug;/usr/lib/x86_64-linux-gnu/libOgreRTShaderSystem.so
[3.448s] -- Looking for OGRE_Volume...
[3.465s] -- Found OGRE_Volume: optimized;/usr/lib/x86_64-linux-gnu/libOgreVolume.so;debug;/usr/lib/x86_64-linux-gnu/libOgreVolume.so
[3.465s] -- Looking for OGRE_Overlay...
[3.481s] -- Found OGRE_Overlay: optimized;/usr/lib/x86_64-linux-gnu/libOgreOverlay.so;debug;/usr/lib/x86_64-linux-gnu/libOgreOverlay.so
[3.742s] -- Looking for ignition-math6 -- found version 6.15.1
[3.749s] -- Looking for ignition-transport8 -- found version 8.2.1
[3.750s] -- Searching for dependencies of ignition-transport8
[3.773s] -- Found Protobuf: /usr/lib/x86_64-linux-gnu/libprotobuf.so (found suitable version "3.12.4", minimum required is "3") 
[3.788s] -- Config-file not installed for ZeroMQ -- checking for pkg-config
[3.794s] -- Checking for module 'libzmq >= 4'
[3.817s] --   Found libzmq , version 4.3.4
[3.864s] -- Found ZeroMQ: TRUE (Required is at least version "4") 
[3.872s] -- Checking for module 'uuid'
[3.894s] --   Found uuid, version 2.37.2
[3.946s] -- Found UUID: TRUE  
[3.953s] -- Looking for ignition-msgs5 -- found version 5.8.1
[3.953s] -- Searching for dependencies of ignition-msgs5
[3.985s] -- Looking for ignition-math6 -- found version 6.15.1
[3.993s] -- Checking for module 'tinyxml2'
[4.016s] --   Found tinyxml2, version 9.0.0
[4.072s] -- Looking for ignition-msgs5 -- found version 5.8.1
[4.080s] -- Looking for ignition-common3 -- found version 3.14.0
[4.081s] -- Searching for dependencies of ignition-common3
[4.081s] -- Looking for dlfcn.h - found
[4.084s] -- Looking for libdl - found
[4.086s] -- Found DL: TRUE  
[4.112s] -- Found tinyobjloader: /usr/lib/x86_64-linux-gnu/cmake/tinyobjloader/tinyobjloader-config.cmake (found version "2.0.0") 
[4.113s] -- Searching for <ignition-common3> component [graphics]
[4.120s] -- Looking for ignition-common3-graphics -- found version 3.14.0
[4.120s] -- Searching for dependencies of ignition-common3-graphics
[4.121s] -- Looking for ignition-math6 -- found version 6.15.1
[4.129s] -- Looking for ignition-fuel_tools4 -- found version 4.4.0
[4.129s] -- Searching for dependencies of ignition-fuel_tools4
[4.267s] -- Found CURL: /usr/lib/x86_64-linux-gnu/libcurl.so (found version "7.81.0")  
[4.299s] -- Checking for module 'jsoncpp'
[4.321s] --   Found jsoncpp, version 1.9.5
[4.376s] -- Found JSONCPP: TRUE  
[4.386s] -- Checking for module 'libzip'
[4.409s] --   Found libzip, version 1.7.3
[4.466s] -- Found ZIP: TRUE  
[4.467s] -- Looking for ignition-common3 -- found version 3.14.0
[4.467s] -- Looking for ignition-math6 -- found version 6.15.1
[4.468s] -- Looking for ignition-msgs5 -- found version 5.8.1
[4.478s] -- Gazebo version: 11.10
[4.478s] -- Checking for module 'tbb'
[4.501s] --   Found tbb, version 2021.5.0
[4.578s] -- Found ament_cmake_ros: 0.10.0 (/opt/ros/humble/share/ament_cmake_ros/cmake)
[4.736s] -- Configuring done
[4.754s] -- Generating done
[4.758s] -- Build files have been written to: /home/sergio/tiago_simulator2_ws/build/aws_robomaker_small_house_world
[4.777s] Invoked command in '/home/sergio/tiago_simulator2_ws/build/aws_robomaker_small_house_world' returned '0': CMAKE_PREFIX_PATH=${CMAKE_PREFIX_PATH}:/home/sergio/tiago_simulator_ws/install/waypoint_navigation:/home/sergio/tiago_simulator_ws/install/sound_recognition:/opt/ros/humble /usr/bin/cmake /home/sergio/tiago_simulator2_ws/src/ThirdParty/aws-robomaker-small-house-world -DBUILD_TESTING=OFF -DAMENT_CMAKE_SYMLINK_INSTALL=1 -DCMAKE_INSTALL_PREFIX=/home/sergio/tiago_simulator2_ws/install/aws_robomaker_small_house_world
[4.779s] Invoking command in '/home/sergio/tiago_simulator2_ws/build/aws_robomaker_small_house_world': CMAKE_PREFIX_PATH=${CMAKE_PREFIX_PATH}:/home/sergio/tiago_simulator_ws/install/waypoint_navigation:/home/sergio/tiago_simulator_ws/install/sound_recognition:/opt/ros/humble /usr/bin/cmake --build /home/sergio/tiago_simulator2_ws/build/aws_robomaker_small_house_world -- -j8 -l8
[4.850s] Invoked command in '/home/sergio/tiago_simulator2_ws/build/aws_robomaker_small_house_world' returned '0': CMAKE_PREFIX_PATH=${CMAKE_PREFIX_PATH}:/home/sergio/tiago_simulator_ws/install/waypoint_navigation:/home/sergio/tiago_simulator_ws/install/sound_recognition:/opt/ros/humble /usr/bin/cmake --build /home/sergio/tiago_simulator2_ws/build/aws_robomaker_small_house_world -- -j8 -l8
[4.896s] Invoking command in '/home/sergio/tiago_simulator2_ws/build/aws_robomaker_small_house_world': CMAKE_PREFIX_PATH=${CMAKE_PREFIX_PATH}:/home/sergio/tiago_simulator_ws/install/waypoint_navigation:/home/sergio/tiago_simulator_ws/install/sound_recognition:/opt/ros/humble /usr/bin/cmake --install /home/sergio/tiago_simulator2_ws/build/aws_robomaker_small_house_world
[4.910s] -- Install configuration: ""
[4.911s] -- Execute custom install script
[4.912s] -- Symlinking: /home/sergio/tiago_simulator2_ws/install/aws_robomaker_small_house_world/share/aws_robomaker_small_house_world/launch/small_house.launch.py
[4.929s] -- Symlinking: /home/sergio/tiago_simulator2_ws/install/aws_robomaker_small_house_world/share/aws_robomaker_small_house_world/launch/view_small_house.launch.py
[4.961s] -- Symlinking: /home/sergio/tiago_simulator2_ws/install/aws_robomaker_small_house_world/share/aws_robomaker_small_house_world/models/aws_robomaker_residential_AirconditionerA_01/materials/textures/aws_AirconditionerA_01.png
[4.976s] -- Symlinking: /home/sergio/tiago_simulator2_ws/install/aws_robomaker_small_house_world/share/aws_robomaker_small_house_world/models/aws_robomaker_residential_AirconditionerA_01/meshes/aws_AirconditionerA_01_collision.DAE
[4.992s] -- Symlinking: /home/sergio/tiago_simulator2_ws/install/aws_robomaker_small_house_world/share/aws_robomaker_small_house_world/models/aws_robomaker_residential_AirconditionerA_01/meshes/aws_AirconditionerA_01_visual.DAE
[5.008s] -- Symlinking: /home/sergio/tiago_simulator2_ws/install/aws_robomaker_small_house_world/share/aws_robomaker_small_house_world/models/aws_robomaker_residential_AirconditionerA_01/meshes/aws__Air conditioner_01.DAE
[5.025s] -- Symlinking: /home/sergio/tiago_simulator2_ws/install/aws_robomaker_small_house_world/share/aws_robomaker_small_house_world/models/aws_robomaker_residential_AirconditionerA_01/model.config
[5.042s] -- Symlinking: /home/sergio/tiago_simulator2_ws/install/aws_robomaker_small_house_world/share/aws_robomaker_small_house_world/models/aws_robomaker_residential_AirconditionerA_01/model.sdf
[5.058s] -- Symlinking: /home/sergio/tiago_simulator2_ws/install/aws_robomaker_small_house_world/share/aws_robomaker_small_house_world/models/aws_robomaker_residential_AirconditionerB_01/materials/textures/aws_AirconditionerB_01.png
[5.075s] -- Symlinking: /home/sergio/tiago_simulator2_ws/install/aws_robomaker_small_house_world/share/aws_robomaker_small_house_world/models/aws_robomaker_residential_AirconditionerB_01/meshes/aws_AirconditionerB_01_collision.DAE
[5.090s] -- Symlinking: /home/sergio/tiago_simulator2_ws/install/aws_robomaker_small_house_world/share/aws_robomaker_small_house_world/models/aws_robomaker_residential_AirconditionerB_01/meshes/aws_AirconditionerB_01_visual.DAE
[5.107s] -- Symlinking: /home/sergio/tiago_simulator2_ws/install/aws_robomaker_small_house_world/share/aws_robomaker_small_house_world/models/aws_robomaker_residential_AirconditionerB_01/model.config
[5.120s] -- Symlinking: /home/sergio/tiago_simulator2_ws/install/aws_robomaker_small_house_world/share/aws_robomaker_small_house_world/models/aws_robomaker_residential_AirconditionerB_01/model.sdf
[5.137s] -- Symlinking: /home/sergio/tiago_simulator2_ws/install/aws_robomaker_small_house_world/share/aws_robomaker_small_house_world/models/aws_robomaker_residential_BalconyTable_01/materials/textures/aws_BalconyTable_01.png
[5.153s] -- Symlinking: /home/sergio/tiago_simulator2_ws/install/aws_robomaker_small_house_world/share/aws_robomaker_small_house_world/models/aws_robomaker_residential_BalconyTable_01/meshes/aws_BalconyTable_01_collision.DAE
[5.170s] -- Symlinking: /home/sergio/tiago_simulator2_ws/install/aws_robomaker_small_house_world/share/aws_robomaker_small_house_world/models/aws_robomaker_residential_BalconyTable_01/meshes/aws_BalconyTable_01_visual.DAE
[5.187s] -- Symlinking: /home/sergio/tiago_simulator2_ws/install/aws_robomaker_small_house_world/share/aws_robomaker_small_house_world/models/aws_robomaker_residential_BalconyTable_01/model.config
[5.204s] -- Symlinking: /home/sergio/tiago_simulator2_ws/install/aws_robomaker_small_house_world/share/aws_robomaker_small_house_world/models/aws_robomaker_residential_BalconyTable_01/model.sdf
[5.223s] -- Symlinking: /home/sergio/tiago_simulator2_ws/install/aws_robomaker_small_house_world/share/aws_robomaker_small_house_world/models/aws_robomaker_residential_Ball_01/materials/textures/aws_Ball_01.png
[5.242s] -- Symlinking: /home/sergio/tiago_simulator2_ws/install/aws_robomaker_small_house_world/share/aws_robomaker_small_house_world/models/aws_robomaker_residential_Ball_01/meshes/aws_Ball_01_collision.DAE
[5.260s] -- Symlinking: /home/sergio/tiago_simulator2_ws/install/aws_robomaker_small_house_world/share/aws_robomaker_small_house_world/models/aws_robomaker_residential_Ball_01/meshes/aws_Ball_01_visual.DAE
[5.277s] -- Symlinking: /home/sergio/tiago_simulator2_ws/install/aws_robomaker_small_house_world/share/aws_robomaker_small_house_world/models/aws_robomaker_residential_Ball_01/model.config
[5.292s] -- Symlinking: /home/sergio/tiago_simulator2_ws/install/aws_robomaker_small_house_world/share/aws_robomaker_small_house_world/models/aws_robomaker_residential_Ball_01/model.sdf
[5.311s] -- Symlinking: /home/sergio/tiago_simulator2_ws/install/aws_robomaker_small_house_world/share/aws_robomaker_small_house_world/models/aws_robomaker_residential_Bed_01/materials/textures/aws_BedA_01.png
[5.328s] -- Symlinking: /home/sergio/tiago_simulator2_ws/install/aws_robomaker_small_house_world/share/aws_robomaker_small_house_world/models/aws_robomaker_residential_Bed_01/materials/textures/aws_BedB_01.png
[5.342s] -- Symlinking: /home/sergio/tiago_simulator2_ws/install/aws_robomaker_small_house_world/share/aws_robomaker_small_house_world/models/aws_robomaker_residential_Bed_01/materials/textures/aws_BedC_01.png
[5.359s] -- Symlinking: /home/sergio/tiago_simulator2_ws/install/aws_robomaker_small_house_world/share/aws_robomaker_small_house_world/models/aws_robomaker_residential_Bed_01/materials/textures/aws_Bed_01.png
[5.382s] -- Symlinking: /home/sergio/tiago_simulator2_ws/install/aws_robomaker_small_house_world/share/aws_robomaker_small_house_world/models/aws_robomaker_residential_Bed_01/meshes/aws_Bed_01_collision.DAE
[5.394s] -- Symlinking: /home/sergio/tiago_simulator2_ws/install/aws_robomaker_small_house_world/share/aws_robomaker_small_house_world/models/aws_robomaker_residential_Bed_01/meshes/aws_Bed_01_visual.DAE
[5.411s] -- Symlinking: /home/sergio/tiago_simulator2_ws/install/aws_robomaker_small_house_world/share/aws_robomaker_small_house_world/models/aws_robomaker_residential_Bed_01/model.config
[5.426s] -- Symlinking: /home/sergio/tiago_simulator2_ws/install/aws_robomaker_small_house_world/share/aws_robomaker_small_house_world/models/aws_robomaker_residential_Bed_01/model.sdf
[5.440s] -- Symlinking: /home/sergio/tiago_simulator2_ws/install/aws_robomaker_small_house_world/share/aws_robomaker_small_house_world/models/aws_robomaker_residential_Board_01/materials/textures/aws_Board_01.png
[5.458s] -- Symlinking: /home/sergio/tiago_simulator2_ws/install/aws_robomaker_small_house_world/share/aws_robomaker_small_house_world/models/aws_robomaker_residential_Board_01/meshes/aws_Board_01_collision.DAE
[5.476s] -- Symlinking: /home/sergio/tiago_simulator2_ws/install/aws_robomaker_small_house_world/share/aws_robomaker_small_house_world/models/aws_robomaker_residential_Board_01/meshes/aws_Board_01_visual.DAE
[5.493s] -- Symlinking: /home/sergio/tiago_simulator2_ws/install/aws_robomaker_small_house_world/share/aws_robomaker_small_house_world/models/aws_robomaker_residential_Board_01/model.config
[5.509s] -- Symlinking: /home/sergio/tiago_simulator2_ws/install/aws_robomaker_small_house_world/share/aws_robomaker_small_house_world/models/aws_robomaker_residential_Board_01/model.sdf
[5.524s] -- Symlinking: /home/sergio/tiago_simulator2_ws/install/aws_robomaker_small_house_world/share/aws_robomaker_small_house_world/models/aws_robomaker_residential_Carpet_01/materials/textures/aws_Carpet_01.png
[5.538s] -- Symlinking: /home/sergio/tiago_simulator2_ws/install/aws_robomaker_small_house_world/share/aws_robomaker_small_house_world/models/aws_robomaker_residential_Carpet_01/meshes/aws_Carpet_01_collision.DAE
[5.554s] -- Symlinking: /home/sergio/tiago_simulator2_ws/install/aws_robomaker_small_house_world/share/aws_robomaker_small_house_world/models/aws_robomaker_residential_Carpet_01/meshes/aws_Carpet_01_visual.DAE
[5.572s] -- Symlinking: /home/sergio/tiago_simulator2_ws/install/aws_robomaker_small_house_world/share/aws_robomaker_small_house_world/models/aws_robomaker_residential_Carpet_01/model.config
[5.588s] -- Symlinking: /home/sergio/tiago_simulator2_ws/install/aws_robomaker_small_house_world/share/aws_robomaker_small_house_world/models/aws_robomaker_residential_Carpet_01/model.sdf
[5.602s] -- Symlinking: /home/sergio/tiago_simulator2_ws/install/aws_robomaker_small_house_world/share/aws_robomaker_small_house_world/models/aws_robomaker_residential_ChairA_01/materials/textures/aws_ChairA_01.png
[5.619s] -- Symlinking: /home/sergio/tiago_simulator2_ws/install/aws_robomaker_small_house_world/share/aws_robomaker_small_house_world/models/aws_robomaker_residential_ChairA_01/meshes/aws_ChairA_01_collision.DAE
[5.634s] -- Symlinking: /home/sergio/tiago_simulator2_ws/install/aws_robomaker_small_house_world/share/aws_robomaker_small_house_world/models/aws_robomaker_residential_ChairA_01/meshes/aws_ChairA_01_visual.DAE
[5.648s] -- Symlinking: /home/sergio/tiago_simulator2_ws/install/aws_robomaker_small_house_world/share/aws_robomaker_small_house_world/models/aws_robomaker_residential_ChairA_01/model.config
[5.666s] -- Symlinking: /home/sergio/tiago_simulator2_ws/install/aws_robomaker_small_house_world/share/aws_robomaker_small_house_world/models/aws_robomaker_residential_ChairA_01/model.sdf
[5.683s] -- Symlinking: /home/sergio/tiago_simulator2_ws/install/aws_robomaker_small_house_world/share/aws_robomaker_small_house_world/models/aws_robomaker_residential_ChairD_01/materials/textures/aws_ChairD_01.png
[5.696s] -- Symlinking: /home/sergio/tiago_simulator2_ws/install/aws_robomaker_small_house_world/share/aws_robomaker_small_house_world/models/aws_robomaker_residential_ChairD_01/meshes/aws_ChairD_01_collision.DAE
[5.715s] -- Symlinking: /home/sergio/tiago_simulator2_ws/install/aws_robomaker_small_house_world/share/aws_robomaker_small_house_world/models/aws_robomaker_residential_ChairD_01/meshes/aws_ChairD_01_visual.DAE
[5.732s] -- Symlinking: /home/sergio/tiago_simulator2_ws/install/aws_robomaker_small_house_world/share/aws_robomaker_small_house_world/models/aws_robomaker_residential_ChairD_01/model.config
[5.746s] -- Symlinking: /home/sergio/tiago_simulator2_ws/install/aws_robomaker_small_house_world/share/aws_robomaker_small_house_world/models/aws_robomaker_residential_ChairD_01/model.sdf
[5.763s] -- Symlinking: /home/sergio/tiago_simulator2_ws/install/aws_robomaker_small_house_world/share/aws_robomaker_small_house_world/models/aws_robomaker_residential_Chandelier_01/materials/textures/aws_Chandelier_01.png
[5.779s] -- Symlinking: /home/sergio/tiago_simulator2_ws/install/aws_robomaker_small_house_world/share/aws_robomaker_small_house_world/models/aws_robomaker_residential_Chandelier_01/meshes/aws_Chandelier_01.DAE
[5.796s] -- Symlinking: /home/sergio/tiago_simulator2_ws/install/aws_robomaker_small_house_world/share/aws_robomaker_small_house_world/models/aws_robomaker_residential_Chandelier_01/meshes/aws_Chandelier_01_collision.DAE
[5.812s] -- Symlinking: /home/sergio/tiago_simulator2_ws/install/aws_robomaker_small_house_world/share/aws_robomaker_small_house_world/models/aws_robomaker_residential_Chandelier_01/meshes/aws_Chandelier_01_visual.DAE
[5.828s] -- Symlinking: /home/sergio/tiago_simulator2_ws/install/aws_robomaker_small_house_world/share/aws_robomaker_small_house_world/models/aws_robomaker_residential_Chandelier_01/model.config
[5.843s] -- Symlinking: /home/sergio/tiago_simulator2_ws/install/aws_robomaker_small_house_world/share/aws_robomaker_small_house_world/models/aws_robomaker_residential_Chandelier_01/model.sdf
[5.860s] -- Symlinking: /home/sergio/tiago_simulator2_ws/install/aws_robomaker_small_house_world/share/aws_robomaker_small_house_world/models/aws_robomaker_residential_CoffeeTable_01/materials/textures/aws_CoffeeTable_01.png
[5.877s] -- Symlinking: /home/sergio/tiago_simulator2_ws/install/aws_robomaker_small_house_world/share/aws_robomaker_small_house_world/models/aws_robomaker_residential_CoffeeTable_01/meshes/aws_CoffeeTable_01_collision.DAE
[5.893s] -- Symlinking: /home/sergio/tiago_simulator2_ws/install/aws_robomaker_small_house_world/share/aws_robomaker_small_house_world/models/aws_robomaker_residential_CoffeeTable_01/meshes/aws_CoffeeTable_01_visual.DAE
[5.909s] -- Symlinking: /home/sergio/tiago_simulator2_ws/install/aws_robomaker_small_house_world/share/aws_robomaker_small_house_world/models/aws_robomaker_residential_CoffeeTable_01/model.config
[5.923s] -- Symlinking: /home/sergio/tiago_simulator2_ws/install/aws_robomaker_small_house_world/share/aws_robomaker_small_house_world/models/aws_robomaker_residential_CoffeeTable_01/model.sdf
[5.939s] -- Symlinking: /home/sergio/tiago_simulator2_ws/install/aws_robomaker_small_house_world/share/aws_robomaker_small_house_world/models/aws_robomaker_residential_CookingBench_01/materials/textures/aws_CookingBench_01.png
[5.953s] -- Symlinking: /home/sergio/tiago_simulator2_ws/install/aws_robomaker_small_house_world/share/aws_robomaker_small_house_world/models/aws_robomaker_residential_CookingBench_01/meshes/aws_CookingBench_01.DAE
[5.967s] -- Symlinking: /home/sergio/tiago_simulator2_ws/install/aws_robomaker_small_house_world/share/aws_robomaker_small_house_world/models/aws_robomaker_residential_CookingBench_01/meshes/aws_CookingBench_01_collision.DAE
[5.980s] -- Symlinking: /home/sergio/tiago_simulator2_ws/install/aws_robomaker_small_house_world/share/aws_robomaker_small_house_world/models/aws_robomaker_residential_CookingBench_01/meshes/aws_CookingBench_01_visual.DAE
[5.997s] -- Symlinking: /home/sergio/tiago_simulator2_ws/install/aws_robomaker_small_house_world/share/aws_robomaker_small_house_world/models/aws_robomaker_residential_CookingBench_01/model.config
[6.010s] -- Symlinking: /home/sergio/tiago_simulator2_ws/install/aws_robomaker_small_house_world/share/aws_robomaker_small_house_world/models/aws_robomaker_residential_CookingBench_01/model.sdf
[6.027s] -- Symlinking: /home/sergio/tiago_simulator2_ws/install/aws_robomaker_small_house_world/share/aws_robomaker_small_house_world/models/aws_robomaker_residential_Curtain_01/materials/textures/aws_Curtain_01.png
[6.043s] -- Symlinking: /home/sergio/tiago_simulator2_ws/install/aws_robomaker_small_house_world/share/aws_robomaker_small_house_world/models/aws_robomaker_residential_Curtain_01/meshes/aws_Curtain_01_collision.DAE
[6.061s] -- Symlinking: /home/sergio/tiago_simulator2_ws/install/aws_robomaker_small_house_world/share/aws_robomaker_small_house_world/models/aws_robomaker_residential_Curtain_01/meshes/aws_Curtain_01_visual.DAE
[6.075s] -- Symlinking: /home/sergio/tiago_simulator2_ws/install/aws_robomaker_small_house_world/share/aws_robomaker_small_house_world/models/aws_robomaker_residential_Curtain_01/model.config
[6.088s] -- Symlinking: /home/sergio/tiago_simulator2_ws/install/aws_robomaker_small_house_world/share/aws_robomaker_small_house_world/models/aws_robomaker_residential_Curtain_01/model.sdf
[6.100s] -- Symlinking: /home/sergio/tiago_simulator2_ws/install/aws_robomaker_small_house_world/share/aws_robomaker_small_house_world/models/aws_robomaker_residential_DeskPortraitA_01/materials/textures/aws_DeskPortraitA_01.png
[6.117s] -- Symlinking: /home/sergio/tiago_simulator2_ws/install/aws_robomaker_small_house_world/share/aws_robomaker_small_house_world/models/aws_robomaker_residential_DeskPortraitA_01/materials/textures/aws_DeskPortraitA_02.png
[6.130s] -- Symlinking: /home/sergio/tiago_simulator2_ws/install/aws_robomaker_small_house_world/share/aws_robomaker_small_house_world/models/aws_robomaker_residential_DeskPortraitA_01/meshes/aws_DeskPortraitA_01_collision.DAE
[6.143s] -- Symlinking: /home/sergio/tiago_simulator2_ws/install/aws_robomaker_small_house_world/share/aws_robomaker_small_house_world/models/aws_robomaker_residential_DeskPortraitA_01/meshes/aws_DeskPortraitA_01_visual.DAE
[6.160s] -- Symlinking: /home/sergio/tiago_simulator2_ws/install/aws_robomaker_small_house_world/share/aws_robomaker_small_house_world/models/aws_robomaker_residential_DeskPortraitA_01/model.config
[6.175s] -- Symlinking: /home/sergio/tiago_simulator2_ws/install/aws_robomaker_small_house_world/share/aws_robomaker_small_house_world/models/aws_robomaker_residential_DeskPortraitA_01/model.sdf
[6.191s] -- Symlinking: /home/sergio/tiago_simulator2_ws/install/aws_robomaker_small_house_world/share/aws_robomaker_small_house_world/models/aws_robomaker_residential_DeskPortraitA_02/materials/textures/aws_DeskPortraitA_01.png
[6.207s] -- Symlinking: /home/sergio/tiago_simulator2_ws/install/aws_robomaker_small_house_world/share/aws_robomaker_small_house_world/models/aws_robomaker_residential_DeskPortraitA_02/materials/textures/aws_DeskPortraitA_02.png
[6.224s] -- Symlinking: /home/sergio/tiago_simulator2_ws/install/aws_robomaker_small_house_world/share/aws_robomaker_small_house_world/models/aws_robomaker_residential_DeskPortraitA_02/meshes/aws_DeskPortraitA_01_collision.DAE
[6.240s] -- Symlinking: /home/sergio/tiago_simulator2_ws/install/aws_robomaker_small_house_world/share/aws_robomaker_small_house_world/models/aws_robomaker_residential_DeskPortraitA_02/meshes/aws_DeskPortraitA_01_visual.DAE
[6.255s] -- Symlinking: /home/sergio/tiago_simulator2_ws/install/aws_robomaker_small_house_world/share/aws_robomaker_small_house_world/models/aws_robomaker_residential_DeskPortraitA_02/model.config
[6.267s] -- Symlinking: /home/sergio/tiago_simulator2_ws/install/aws_robomaker_small_house_world/share/aws_robomaker_small_house_world/models/aws_robomaker_residential_DeskPortraitA_02/model.sdf
[6.283s] -- Symlinking: /home/sergio/tiago_simulator2_ws/install/aws_robomaker_small_house_world/share/aws_robomaker_small_house_world/models/aws_robomaker_residential_DeskPortraitB_01/materials/textures/aws_DeskPortraitB_01.png
[6.299s] -- Symlinking: /home/sergio/tiago_simulator2_ws/install/aws_robomaker_small_house_world/share/aws_robomaker_small_house_world/models/aws_robomaker_residential_DeskPortraitB_01/materials/textures/aws_DeskPortraitB_02.png
[6.316s] -- Symlinking: /home/sergio/tiago_simulator2_ws/install/aws_robomaker_small_house_world/share/aws_robomaker_small_house_world/models/aws_robomaker_residential_DeskPortraitB_01/meshes/aws_DeskPortraitB_01_collision.DAE
[6.332s] -- Symlinking: /home/sergio/tiago_simulator2_ws/install/aws_robomaker_small_house_world/share/aws_robomaker_small_house_world/models/aws_robomaker_residential_DeskPortraitB_01/meshes/aws_DeskPortraitB_01_visual.DAE
[6.346s] -- Symlinking: /home/sergio/tiago_simulator2_ws/install/aws_robomaker_small_house_world/share/aws_robomaker_small_house_world/models/aws_robomaker_residential_DeskPortraitB_01/model.config
[6.363s] -- Symlinking: /home/sergio/tiago_simulator2_ws/install/aws_robomaker_small_house_world/share/aws_robomaker_small_house_world/models/aws_robomaker_residential_DeskPortraitB_01/model.sdf
[6.377s] -- Symlinking: /home/sergio/tiago_simulator2_ws/install/aws_robomaker_small_house_world/share/aws_robomaker_small_house_world/models/aws_robomaker_residential_DeskPortraitB_02/materials/textures/aws_DeskPortraitB_01.png
[6.394s] -- Symlinking: /home/sergio/tiago_simulator2_ws/install/aws_robomaker_small_house_world/share/aws_robomaker_small_house_world/models/aws_robomaker_residential_DeskPortraitB_02/materials/textures/aws_DeskPortraitB_02.png
[6.411s] -- Symlinking: /home/sergio/tiago_simulator2_ws/install/aws_robomaker_small_house_world/share/aws_robomaker_small_house_world/models/aws_robomaker_residential_DeskPortraitB_02/meshes/aws_DeskPortraitB_01_collision.DAE
[6.425s] -- Symlinking: /home/sergio/tiago_simulator2_ws/install/aws_robomaker_small_house_world/share/aws_robomaker_small_house_world/models/aws_robomaker_residential_DeskPortraitB_02/meshes/aws_DeskPortraitB_01_visual.DAE
[6.439s] -- Symlinking: /home/sergio/tiago_simulator2_ws/install/aws_robomaker_small_house_world/share/aws_robomaker_small_house_world/models/aws_robomaker_residential_DeskPortraitB_02/model.config
[6.456s] -- Symlinking: /home/sergio/tiago_simulator2_ws/install/aws_robomaker_small_house_world/share/aws_robomaker_small_house_world/models/aws_robomaker_residential_DeskPortraitB_02/model.sdf
[6.469s] -- Symlinking: /home/sergio/tiago_simulator2_ws/install/aws_robomaker_small_house_world/share/aws_robomaker_small_house_world/models/aws_robomaker_residential_DeskPortraitC_01/materials/textures/aws_DeskPortraitC_01.png
[6.481s] -- Symlinking: /home/sergio/tiago_simulator2_ws/install/aws_robomaker_small_house_world/share/aws_robomaker_small_house_world/models/aws_robomaker_residential_DeskPortraitC_01/materials/textures/aws_DeskPortraitC_02.png
[6.494s] -- Symlinking: /home/sergio/tiago_simulator2_ws/install/aws_robomaker_small_house_world/share/aws_robomaker_small_house_world/models/aws_robomaker_residential_DeskPortraitC_01/meshes/aws_DeskPortraitC_01_collision.DAE
[6.506s] -- Symlinking: /home/sergio/tiago_simulator2_ws/install/aws_robomaker_small_house_world/share/aws_robomaker_small_house_world/models/aws_robomaker_residential_DeskPortraitC_01/meshes/aws_DeskPortraitC_01_visual.DAE
[6.521s] -- Symlinking: /home/sergio/tiago_simulator2_ws/install/aws_robomaker_small_house_world/share/aws_robomaker_small_house_world/models/aws_robomaker_residential_DeskPortraitC_01/model.config
[6.534s] -- Symlinking: /home/sergio/tiago_simulator2_ws/install/aws_robomaker_small_house_world/share/aws_robomaker_small_house_world/models/aws_robomaker_residential_DeskPortraitC_01/model.sdf
[6.547s] -- Symlinking: /home/sergio/tiago_simulator2_ws/install/aws_robomaker_small_house_world/share/aws_robomaker_small_house_world/models/aws_robomaker_residential_DeskPortraitC_02/materials/textures/aws_DeskPortraitC_01.png
[6.559s] -- Symlinking: /home/sergio/tiago_simulator2_ws/install/aws_robomaker_small_house_world/share/aws_robomaker_small_house_world/models/aws_robomaker_residential_DeskPortraitC_02/materials/textures/aws_DeskPortraitC_02.png
[6.571s] -- Symlinking: /home/sergio/tiago_simulator2_ws/install/aws_robomaker_small_house_world/share/aws_robomaker_small_house_world/models/aws_robomaker_residential_DeskPortraitC_02/meshes/aws_DeskPortraitC_01_collision.DAE
[6.583s] -- Symlinking: /home/sergio/tiago_simulator2_ws/install/aws_robomaker_small_house_world/share/aws_robomaker_small_house_world/models/aws_robomaker_residential_DeskPortraitC_02/meshes/aws_DeskPortraitC_01_visual.DAE
[6.600s] -- Symlinking: /home/sergio/tiago_simulator2_ws/install/aws_robomaker_small_house_world/share/aws_robomaker_small_house_world/models/aws_robomaker_residential_DeskPortraitC_02/model.config
[6.617s] -- Symlinking: /home/sergio/tiago_simulator2_ws/install/aws_robomaker_small_house_world/share/aws_robomaker_small_house_world/models/aws_robomaker_residential_DeskPortraitC_02/model.sdf
[6.633s] -- Symlinking: /home/sergio/tiago_simulator2_ws/install/aws_robomaker_small_house_world/share/aws_robomaker_small_house_world/models/aws_robomaker_residential_DeskPortraitD_01/materials/textures/aws_DeskPortraitD_01.png
[6.650s] -- Symlinking: /home/sergio/tiago_simulator2_ws/install/aws_robomaker_small_house_world/share/aws_robomaker_small_house_world/models/aws_robomaker_residential_DeskPortraitD_01/materials/textures/aws_DeskPortraitD_02.png
[6.663s] -- Symlinking: /home/sergio/tiago_simulator2_ws/install/aws_robomaker_small_house_world/share/aws_robomaker_small_house_world/models/aws_robomaker_residential_DeskPortraitD_01/meshes/aws_DeskPortraitD_01_collision.DAE
[6.682s] -- Symlinking: /home/sergio/tiago_simulator2_ws/install/aws_robomaker_small_house_world/share/aws_robomaker_small_house_world/models/aws_robomaker_residential_DeskPortraitD_01/meshes/aws_DeskPortraitD_01_visual.DAE
[6.698s] -- Symlinking: /home/sergio/tiago_simulator2_ws/install/aws_robomaker_small_house_world/share/aws_robomaker_small_house_world/models/aws_robomaker_residential_DeskPortraitD_01/model.config
[6.710s] -- Symlinking: /home/sergio/tiago_simulator2_ws/install/aws_robomaker_small_house_world/share/aws_robomaker_small_house_world/models/aws_robomaker_residential_DeskPortraitD_01/model.sdf
[6.723s] -- Symlinking: /home/sergio/tiago_simulator2_ws/install/aws_robomaker_small_house_world/share/aws_robomaker_small_house_world/models/aws_robomaker_residential_DeskPortraitD_02/materials/textures/aws_DeskPortraitD_01.png
[6.735s] -- Symlinking: /home/sergio/tiago_simulator2_ws/install/aws_robomaker_small_house_world/share/aws_robomaker_small_house_world/models/aws_robomaker_residential_DeskPortraitD_02/materials/textures/aws_DeskPortraitD_02.png
[6.751s] -- Symlinking: /home/sergio/tiago_simulator2_ws/install/aws_robomaker_small_house_world/share/aws_robomaker_small_house_world/models/aws_robomaker_residential_DeskPortraitD_02/meshes/aws_DeskPortraitD_01_collision.DAE
[6.776s] -- Symlinking: /home/sergio/tiago_simulator2_ws/install/aws_robomaker_small_house_world/share/aws_robomaker_small_house_world/models/aws_robomaker_residential_DeskPortraitD_02/meshes/aws_DeskPortraitD_01_visual.DAE
[6.795s] -- Symlinking: /home/sergio/tiago_simulator2_ws/install/aws_robomaker_small_house_world/share/aws_robomaker_small_house_world/models/aws_robomaker_residential_DeskPortraitD_02/model.config
[6.810s] -- Symlinking: /home/sergio/tiago_simulator2_ws/install/aws_robomaker_small_house_world/share/aws_robomaker_small_house_world/models/aws_robomaker_residential_DeskPortraitD_02/model.sdf
[6.828s] -- Symlinking: /home/sergio/tiago_simulator2_ws/install/aws_robomaker_small_house_world/share/aws_robomaker_small_house_world/models/aws_robomaker_residential_DeskPortraitD_03/materials/textures/aws_DeskPortraitD_01.png
[6.844s] -- Symlinking: /home/sergio/tiago_simulator2_ws/install/aws_robomaker_small_house_world/share/aws_robomaker_small_house_world/models/aws_robomaker_residential_DeskPortraitD_03/materials/textures/aws_DeskPortraitD_02.png
[6.858s] -- Symlinking: /home/sergio/tiago_simulator2_ws/install/aws_robomaker_small_house_world/share/aws_robomaker_small_house_world/models/aws_robomaker_residential_DeskPortraitD_03/meshes/aws_DeskPortraitD_01_collision.DAE
[6.876s] -- Symlinking: /home/sergio/tiago_simulator2_ws/install/aws_robomaker_small_house_world/share/aws_robomaker_small_house_world/models/aws_robomaker_residential_DeskPortraitD_03/meshes/aws_DeskPortraitD_01_visual.DAE
[6.893s] -- Symlinking: /home/sergio/tiago_simulator2_ws/install/aws_robomaker_small_house_world/share/aws_robomaker_small_house_world/models/aws_robomaker_residential_DeskPortraitD_03/model.config
[6.908s] -- Symlinking: /home/sergio/tiago_simulator2_ws/install/aws_robomaker_small_house_world/share/aws_robomaker_small_house_world/models/aws_robomaker_residential_DeskPortraitD_03/model.sdf
[6.921s] -- Symlinking: /home/sergio/tiago_simulator2_ws/install/aws_robomaker_small_house_world/share/aws_robomaker_small_house_world/models/aws_robomaker_residential_DeskPortraitD_04/materials/textures/aws_DeskPortraitD_01.png
[6.934s] -- Symlinking: /home/sergio/tiago_simulator2_ws/install/aws_robomaker_small_house_world/share/aws_robomaker_small_house_world/models/aws_robomaker_residential_DeskPortraitD_04/materials/textures/aws_DeskPortraitD_02.png
[6.952s] -- Symlinking: /home/sergio/tiago_simulator2_ws/install/aws_robomaker_small_house_world/share/aws_robomaker_small_house_world/models/aws_robomaker_residential_DeskPortraitD_04/meshes/aws_DeskPortraitD_01_collision.DAE
[6.968s] -- Symlinking: /home/sergio/tiago_simulator2_ws/install/aws_robomaker_small_house_world/share/aws_robomaker_small_house_world/models/aws_robomaker_residential_DeskPortraitD_04/meshes/aws_DeskPortraitD_01_visual.DAE
[6.984s] -- Symlinking: /home/sergio/tiago_simulator2_ws/install/aws_robomaker_small_house_world/share/aws_robomaker_small_house_world/models/aws_robomaker_residential_DeskPortraitD_04/model.config
[7.000s] -- Symlinking: /home/sergio/tiago_simulator2_ws/install/aws_robomaker_small_house_world/share/aws_robomaker_small_house_world/models/aws_robomaker_residential_DeskPortraitD_04/model.sdf
[7.015s] -- Symlinking: /home/sergio/tiago_simulator2_ws/install/aws_robomaker_small_house_world/share/aws_robomaker_small_house_world/models/aws_robomaker_residential_Door_01/materials/textures/aws_Door_01.png
[7.029s] -- Symlinking: /home/sergio/tiago_simulator2_ws/install/aws_robomaker_small_house_world/share/aws_robomaker_small_house_world/models/aws_robomaker_residential_Door_01/meshes/aws_Door_01_collision.DAE
[7.041s] -- Symlinking: /home/sergio/tiago_simulator2_ws/install/aws_robomaker_small_house_world/share/aws_robomaker_small_house_world/models/aws_robomaker_residential_Door_01/meshes/aws_Door_01_visual.DAE
[7.054s] -- Symlinking: /home/sergio/tiago_simulator2_ws/install/aws_robomaker_small_house_world/share/aws_robomaker_small_house_world/models/aws_robomaker_residential_Door_01/model.config
[7.067s] -- Symlinking: /home/sergio/tiago_simulator2_ws/install/aws_robomaker_small_house_world/share/aws_robomaker_small_house_world/models/aws_robomaker_residential_Door_01/model.sdf
[7.079s] -- Symlinking: /home/sergio/tiago_simulator2_ws/install/aws_robomaker_small_house_world/share/aws_robomaker_small_house_world/models/aws_robomaker_residential_Dumbbell_01/materials/textures/aws_Dumbbell_01.png
[7.091s] -- Symlinking: /home/sergio/tiago_simulator2_ws/install/aws_robomaker_small_house_world/share/aws_robomaker_small_house_world/models/aws_robomaker_residential_Dumbbell_01/meshes/aws_Dumbbell_01_collision.DAE
[7.108s] -- Symlinking: /home/sergio/tiago_simulator2_ws/install/aws_robomaker_small_house_world/share/aws_robomaker_small_house_world/models/aws_robomaker_residential_Dumbbell_01/meshes/aws_Dumbbell_01_visual.DAE
[7.125s] -- Symlinking: /home/sergio/tiago_simulator2_ws/install/aws_robomaker_small_house_world/share/aws_robomaker_small_house_world/models/aws_robomaker_residential_Dumbbell_01/model.config
[7.138s] -- Symlinking: /home/sergio/tiago_simulator2_ws/install/aws_robomaker_small_house_world/share/aws_robomaker_small_house_world/models/aws_robomaker_residential_Dumbbell_01/model.sdf
[7.150s] -- Symlinking: /home/sergio/tiago_simulator2_ws/install/aws_robomaker_small_house_world/share/aws_robomaker_small_house_world/models/aws_robomaker_residential_FitnessEquipment_01/materials/textures/aws_FitnessEquipment_01.png
[7.161s] -- Symlinking: /home/sergio/tiago_simulator2_ws/install/aws_robomaker_small_house_world/share/aws_robomaker_small_house_world/models/aws_robomaker_residential_FitnessEquipment_01/meshes/aws_FitnessEquipment_01_collision.DAE
[7.177s] -- Symlinking: /home/sergio/tiago_simulator2_ws/install/aws_robomaker_small_house_world/share/aws_robomaker_small_house_world/models/aws_robomaker_residential_FitnessEquipment_01/meshes/aws_FitnessEquipment_01_visual.DAE
[7.191s] -- Symlinking: /home/sergio/tiago_simulator2_ws/install/aws_robomaker_small_house_world/share/aws_robomaker_small_house_world/models/aws_robomaker_residential_FitnessEquipment_01/model.config
[7.204s] -- Symlinking: /home/sergio/tiago_simulator2_ws/install/aws_robomaker_small_house_world/share/aws_robomaker_small_house_world/models/aws_robomaker_residential_FitnessEquipment_01/model.sdf
[7.216s] -- Symlinking: /home/sergio/tiago_simulator2_ws/install/aws_robomaker_small_house_world/share/aws_robomaker_small_house_world/models/aws_robomaker_residential_FloorB_01/materials/textures/aws_FloorB_01.png
[7.228s] -- Symlinking: /home/sergio/tiago_simulator2_ws/install/aws_robomaker_small_house_world/share/aws_robomaker_small_house_world/models/aws_robomaker_residential_FloorB_01/meshes/aws_FloorB_01_collision.DAE
[7.240s] -- Symlinking: /home/sergio/tiago_simulator2_ws/install/aws_robomaker_small_house_world/share/aws_robomaker_small_house_world/models/aws_robomaker_residential_FloorB_01/meshes/aws_FloorB_01_visual.DAE
[7.253s] -- Symlinking: /home/sergio/tiago_simulator2_ws/install/aws_robomaker_small_house_world/share/aws_robomaker_small_house_world/models/aws_robomaker_residential_FloorB_01/model.config
[7.265s] -- Symlinking: /home/sergio/tiago_simulator2_ws/install/aws_robomaker_small_house_world/share/aws_robomaker_small_house_world/models/aws_robomaker_residential_FloorB_01/model.sdf
[7.277s] -- Symlinking: /home/sergio/tiago_simulator2_ws/install/aws_robomaker_small_house_world/share/aws_robomaker_small_house_world/models/aws_robomaker_residential_FoldingDoor_01/materials/textures/aws_FoldingDoor_01.png
[7.289s] -- Symlinking: /home/sergio/tiago_simulator2_ws/install/aws_robomaker_small_house_world/share/aws_robomaker_small_house_world/models/aws_robomaker_residential_FoldingDoor_01/meshes/aws_FoldingDoor_01_collision.DAE
[7.302s] -- Symlinking: /home/sergio/tiago_simulator2_ws/install/aws_robomaker_small_house_world/share/aws_robomaker_small_house_world/models/aws_robomaker_residential_FoldingDoor_01/meshes/aws_FoldingDoor_01_visual.DAE
[7.315s] -- Symlinking: /home/sergio/tiago_simulator2_ws/install/aws_robomaker_small_house_world/share/aws_robomaker_small_house_world/models/aws_robomaker_residential_FoldingDoor_01/model.config
[7.326s] -- Symlinking: /home/sergio/tiago_simulator2_ws/install/aws_robomaker_small_house_world/share/aws_robomaker_small_house_world/models/aws_robomaker_residential_FoldingDoor_01/model.sdf
[7.343s] -- Symlinking: /home/sergio/tiago_simulator2_ws/install/aws_robomaker_small_house_world/share/aws_robomaker_small_house_world/models/aws_robomaker_residential_FoldingDoor_02/materials/textures/aws_FoldingDoor_02.png
[7.355s] -- Symlinking: /home/sergio/tiago_simulator2_ws/install/aws_robomaker_small_house_world/share/aws_robomaker_small_house_world/models/aws_robomaker_residential_FoldingDoor_02/meshes/aws_FoldingDoor_02_collision.DAE
[7.367s] -- Symlinking: /home/sergio/tiago_simulator2_ws/install/aws_robomaker_small_house_world/share/aws_robomaker_small_house_world/models/aws_robomaker_residential_FoldingDoor_02/meshes/aws_FoldingDoor_02_visual.DAE
[7.380s] -- Symlinking: /home/sergio/tiago_simulator2_ws/install/aws_robomaker_small_house_world/share/aws_robomaker_small_house_world/models/aws_robomaker_residential_FoldingDoor_02/model.config
[7.392s] -- Symlinking: /home/sergio/tiago_simulator2_ws/install/aws_robomaker_small_house_world/share/aws_robomaker_small_house_world/models/aws_robomaker_residential_FoldingDoor_02/model.sdf
[7.403s] -- Symlinking: /home/sergio/tiago_simulator2_ws/install/aws_robomaker_small_house_world/share/aws_robomaker_small_house_world/models/aws_robomaker_residential_Handle_01/materials/textures/aws_Handle_01.png
[7.415s] -- Symlinking: /home/sergio/tiago_simulator2_ws/install/aws_robomaker_small_house_world/share/aws_robomaker_small_house_world/models/aws_robomaker_residential_Handle_01/meshes/aws_ handle_01_collision.DAE
[7.427s] -- Symlinking: /home/sergio/tiago_simulator2_ws/install/aws_robomaker_small_house_world/share/aws_robomaker_small_house_world/models/aws_robomaker_residential_Handle_01/meshes/aws_Handle_01_collision.DAE
[7.439s] -- Symlinking: /home/sergio/tiago_simulator2_ws/install/aws_robomaker_small_house_world/share/aws_robomaker_small_house_world/models/aws_robomaker_residential_Handle_01/meshes/aws_Handle_01_visual.DAE
[7.455s] -- Symlinking: /home/sergio/tiago_simulator2_ws/install/aws_robomaker_small_house_world/share/aws_robomaker_small_house_world/models/aws_robomaker_residential_Handle_01/model.config
[7.467s] -- Symlinking: /home/sergio/tiago_simulator2_ws/install/aws_robomaker_small_house_world/share/aws_robomaker_small_house_world/models/aws_robomaker_residential_Handle_01/model.sdf
[7.481s] -- Symlinking: /home/sergio/tiago_simulator2_ws/install/aws_robomaker_small_house_world/share/aws_robomaker_small_house_world/models/aws_robomaker_residential_HouseWallB_01/materials/textures/aws_HouseWallB_01.png
[7.494s] -- Symlinking: /home/sergio/tiago_simulator2_ws/install/aws_robomaker_small_house_world/share/aws_robomaker_small_house_world/models/aws_robomaker_residential_HouseWallB_01/meshes/aws_HouseWallB_01_collision.DAE
[7.505s] -- Symlinking: /home/sergio/tiago_simulator2_ws/install/aws_robomaker_small_house_world/share/aws_robomaker_small_house_world/models/aws_robomaker_residential_HouseWallB_01/meshes/aws_HouseWallB_01_visual.DAE
[7.518s] -- Symlinking: /home/sergio/tiago_simulator2_ws/install/aws_robomaker_small_house_world/share/aws_robomaker_small_house_world/models/aws_robomaker_residential_HouseWallB_01/model.config
[7.530s] -- Symlinking: /home/sergio/tiago_simulator2_ws/install/aws_robomaker_small_house_world/share/aws_robomaker_small_house_world/models/aws_robomaker_residential_HouseWallB_01/model.sdf
[7.542s] -- Symlinking: /home/sergio/tiago_simulator2_ws/install/aws_robomaker_small_house_world/share/aws_robomaker_small_house_world/models/aws_robomaker_residential_KitchenCabinet_01/materials/textures/aws_KitchenCabinet_01.png
[7.553s] -- Symlinking: /home/sergio/tiago_simulator2_ws/install/aws_robomaker_small_house_world/share/aws_robomaker_small_house_world/models/aws_robomaker_residential_KitchenCabinet_01/meshes/aws_KitchenCabinet_01_collision.DAE
[7.565s] -- Symlinking: /home/sergio/tiago_simulator2_ws/install/aws_robomaker_small_house_world/share/aws_robomaker_small_house_world/models/aws_robomaker_residential_KitchenCabinet_01/meshes/aws_KitchenCabinet_01_visual.DAE
[7.577s] -- Symlinking: /home/sergio/tiago_simulator2_ws/install/aws_robomaker_small_house_world/share/aws_robomaker_small_house_world/models/aws_robomaker_residential_KitchenCabinet_01/model.config
[7.589s] -- Symlinking: /home/sergio/tiago_simulator2_ws/install/aws_robomaker_small_house_world/share/aws_robomaker_small_house_world/models/aws_robomaker_residential_KitchenCabinet_01/model.sdf
[7.602s] -- Symlinking: /home/sergio/tiago_simulator2_ws/install/aws_robomaker_small_house_world/share/aws_robomaker_small_house_world/models/aws_robomaker_residential_KitchenTable_01/materials/textures/aws_KitchenTable_01.png
[7.614s] -- Symlinking: /home/sergio/tiago_simulator2_ws/install/aws_robomaker_small_house_world/share/aws_robomaker_small_house_world/models/aws_robomaker_residential_KitchenTable_01/meshes/aws_KitchenTable_01_collision.DAE
[7.626s] -- Symlinking: /home/sergio/tiago_simulator2_ws/install/aws_robomaker_small_house_world/share/aws_robomaker_small_house_world/models/aws_robomaker_residential_KitchenTable_01/meshes/aws_KitchenTable_01_visual.DAE
[7.637s] -- Symlinking: /home/sergio/tiago_simulator2_ws/install/aws_robomaker_small_house_world/share/aws_robomaker_small_house_world/models/aws_robomaker_residential_KitchenTable_01/model.config
[7.649s] -- Symlinking: /home/sergio/tiago_simulator2_ws/install/aws_robomaker_small_house_world/share/aws_robomaker_small_house_world/models/aws_robomaker_residential_KitchenTable_01/model.sdf
[7.662s] -- Symlinking: /home/sergio/tiago_simulator2_ws/install/aws_robomaker_small_house_world/share/aws_robomaker_small_house_world/models/aws_robomaker_residential_KitchenUtensils_01/materials/textures/aws_KitchenUtensils_01.png
[7.674s] -- Symlinking: /home/sergio/tiago_simulator2_ws/install/aws_robomaker_small_house_world/share/aws_robomaker_small_house_world/models/aws_robomaker_residential_KitchenUtensils_01/meshes/aws_KitchenUtensils_01_collision.DAE
[7.685s] -- Symlinking: /home/sergio/tiago_simulator2_ws/install/aws_robomaker_small_house_world/share/aws_robomaker_small_house_world/models/aws_robomaker_residential_KitchenUtensils_01/meshes/aws_KitchenUtensils_01_visual.DAE
[7.697s] -- Symlinking: /home/sergio/tiago_simulator2_ws/install/aws_robomaker_small_house_world/share/aws_robomaker_small_house_world/models/aws_robomaker_residential_KitchenUtensils_01/model.config
[7.709s] -- Symlinking: /home/sergio/tiago_simulator2_ws/install/aws_robomaker_small_house_world/share/aws_robomaker_small_house_world/models/aws_robomaker_residential_KitchenUtensils_01/model.sdf
[7.721s] -- Symlinking: /home/sergio/tiago_simulator2_ws/install/aws_robomaker_small_house_world/share/aws_robomaker_small_house_world/models/aws_robomaker_residential_LightC_01/materials/textures/aws_LightC_01.png
[7.733s] -- Symlinking: /home/sergio/tiago_simulator2_ws/install/aws_robomaker_small_house_world/share/aws_robomaker_small_house_world/models/aws_robomaker_residential_LightC_01/meshes/aws_LightC_01_collision.DAE
[7.745s] -- Symlinking: /home/sergio/tiago_simulator2_ws/install/aws_robomaker_small_house_world/share/aws_robomaker_small_house_world/models/aws_robomaker_residential_LightC_01/meshes/aws_LightC_01_visual.DAE
[7.757s] -- Symlinking: /home/sergio/tiago_simulator2_ws/install/aws_robomaker_small_house_world/share/aws_robomaker_small_house_world/models/aws_robomaker_residential_LightC_01/model.config
[7.769s] -- Symlinking: /home/sergio/tiago_simulator2_ws/install/aws_robomaker_small_house_world/share/aws_robomaker_small_house_world/models/aws_robomaker_residential_LightC_01/model.sdf
[7.781s] -- Symlinking: /home/sergio/tiago_simulator2_ws/install/aws_robomaker_small_house_world/share/aws_robomaker_small_house_world/models/aws_robomaker_residential_NightStand_01/materials/textures/aws_NightStand_01.png
[7.793s] -- Symlinking: /home/sergio/tiago_simulator2_ws/install/aws_robomaker_small_house_world/share/aws_robomaker_small_house_world/models/aws_robomaker_residential_NightStand_01/meshes/aws_NightStand_01_collision.DAE
[7.804s] -- Symlinking: /home/sergio/tiago_simulator2_ws/install/aws_robomaker_small_house_world/share/aws_robomaker_small_house_world/models/aws_robomaker_residential_NightStand_01/meshes/aws_NightStand_01_visual.DAE
[7.820s] -- Symlinking: /home/sergio/tiago_simulator2_ws/install/aws_robomaker_small_house_world/share/aws_robomaker_small_house_world/models/aws_robomaker_residential_NightStand_01/model.config
[7.833s] -- Symlinking: /home/sergio/tiago_simulator2_ws/install/aws_robomaker_small_house_world/share/aws_robomaker_small_house_world/models/aws_robomaker_residential_NightStand_01/model.sdf
[7.847s] -- Symlinking: /home/sergio/tiago_simulator2_ws/install/aws_robomaker_small_house_world/share/aws_robomaker_small_house_world/models/aws_robomaker_residential_Pillow_01/materials/textures/aws_Pillow_01.png
[7.863s] -- Symlinking: /home/sergio/tiago_simulator2_ws/install/aws_robomaker_small_house_world/share/aws_robomaker_small_house_world/models/aws_robomaker_residential_Pillow_01/meshes/aws_Pillow_01_collision.DAE
[7.875s] -- Symlinking: /home/sergio/tiago_simulator2_ws/install/aws_robomaker_small_house_world/share/aws_robomaker_small_house_world/models/aws_robomaker_residential_Pillow_01/meshes/aws_Pillow_01_visual.DAE
[7.889s] -- Symlinking: /home/sergio/tiago_simulator2_ws/install/aws_robomaker_small_house_world/share/aws_robomaker_small_house_world/models/aws_robomaker_residential_Pillow_01/model.config
[7.901s] -- Symlinking: /home/sergio/tiago_simulator2_ws/install/aws_robomaker_small_house_world/share/aws_robomaker_small_house_world/models/aws_robomaker_residential_Pillow_01/model.sdf
[7.914s] -- Symlinking: /home/sergio/tiago_simulator2_ws/install/aws_robomaker_small_house_world/share/aws_robomaker_small_house_world/models/aws_robomaker_residential_PortraitA_01/materials/textures/aws_PortraitA_01.png
[7.927s] -- Symlinking: /home/sergio/tiago_simulator2_ws/install/aws_robomaker_small_house_world/share/aws_robomaker_small_house_world/models/aws_robomaker_residential_PortraitA_01/materials/textures/aws_PortraitA_02.png
[7.939s] -- Symlinking: /home/sergio/tiago_simulator2_ws/install/aws_robomaker_small_house_world/share/aws_robomaker_small_house_world/models/aws_robomaker_residential_PortraitA_01/meshes/aws_PortraitA_01_collision.DAE
[7.950s] -- Symlinking: /home/sergio/tiago_simulator2_ws/install/aws_robomaker_small_house_world/share/aws_robomaker_small_house_world/models/aws_robomaker_residential_PortraitA_01/meshes/aws_PortraitA_01_visual.DAE
[7.962s] -- Symlinking: /home/sergio/tiago_simulator2_ws/install/aws_robomaker_small_house_world/share/aws_robomaker_small_house_world/models/aws_robomaker_residential_PortraitA_01/model.config
[7.974s] -- Symlinking: /home/sergio/tiago_simulator2_ws/install/aws_robomaker_small_house_world/share/aws_robomaker_small_house_world/models/aws_robomaker_residential_PortraitA_01/model.sdf
[7.986s] -- Symlinking: /home/sergio/tiago_simulator2_ws/install/aws_robomaker_small_house_world/share/aws_robomaker_small_house_world/models/aws_robomaker_residential_PortraitA_02/materials/textures/aws_PortraitA_01.png
[7.997s] -- Symlinking: /home/sergio/tiago_simulator2_ws/install/aws_robomaker_small_house_world/share/aws_robomaker_small_house_world/models/aws_robomaker_residential_PortraitA_02/materials/textures/aws_PortraitA_02.png
[8.011s] -- Symlinking: /home/sergio/tiago_simulator2_ws/install/aws_robomaker_small_house_world/share/aws_robomaker_small_house_world/models/aws_robomaker_residential_PortraitA_02/meshes/aws_PortraitA_01_collision.DAE
[8.021s] -- Symlinking: /home/sergio/tiago_simulator2_ws/install/aws_robomaker_small_house_world/share/aws_robomaker_small_house_world/models/aws_robomaker_residential_PortraitA_02/meshes/aws_PortraitA_01_visual.DAE
[8.033s] -- Symlinking: /home/sergio/tiago_simulator2_ws/install/aws_robomaker_small_house_world/share/aws_robomaker_small_house_world/models/aws_robomaker_residential_PortraitA_02/model.config
[8.046s] -- Symlinking: /home/sergio/tiago_simulator2_ws/install/aws_robomaker_small_house_world/share/aws_robomaker_small_house_world/models/aws_robomaker_residential_PortraitA_02/model.sdf
[8.057s] -- Symlinking: /home/sergio/tiago_simulator2_ws/install/aws_robomaker_small_house_world/share/aws_robomaker_small_house_world/models/aws_robomaker_residential_PortraitB_01/materials/textures/aws_PortraitB_01.png
[8.068s] -- Symlinking: /home/sergio/tiago_simulator2_ws/install/aws_robomaker_small_house_world/share/aws_robomaker_small_house_world/models/aws_robomaker_residential_PortraitB_01/materials/textures/aws_PortraitB_02.png
[8.080s] -- Symlinking: /home/sergio/tiago_simulator2_ws/install/aws_robomaker_small_house_world/share/aws_robomaker_small_house_world/models/aws_robomaker_residential_PortraitB_01/meshes/aws_PortraitB_01_collision.DAE
[8.092s] -- Symlinking: /home/sergio/tiago_simulator2_ws/install/aws_robomaker_small_house_world/share/aws_robomaker_small_house_world/models/aws_robomaker_residential_PortraitB_01/meshes/aws_PortraitB_01_visual.DAE
[8.103s] -- Symlinking: /home/sergio/tiago_simulator2_ws/install/aws_robomaker_small_house_world/share/aws_robomaker_small_house_world/models/aws_robomaker_residential_PortraitB_01/model.config
[8.116s] -- Symlinking: /home/sergio/tiago_simulator2_ws/install/aws_robomaker_small_house_world/share/aws_robomaker_small_house_world/models/aws_robomaker_residential_PortraitB_01/model.sdf
[8.128s] -- Symlinking: /home/sergio/tiago_simulator2_ws/install/aws_robomaker_small_house_world/share/aws_robomaker_small_house_world/models/aws_robomaker_residential_PortraitB_02/materials/textures/aws_PortraitB_01.png
[8.139s] -- Symlinking: /home/sergio/tiago_simulator2_ws/install/aws_robomaker_small_house_world/share/aws_robomaker_small_house_world/models/aws_robomaker_residential_PortraitB_02/materials/textures/aws_PortraitB_02.png
[8.151s] -- Symlinking: /home/sergio/tiago_simulator2_ws/install/aws_robomaker_small_house_world/share/aws_robomaker_small_house_world/models/aws_robomaker_residential_PortraitB_02/meshes/aws_PortraitB_01_collision.DAE
[8.163s] -- Symlinking: /home/sergio/tiago_simulator2_ws/install/aws_robomaker_small_house_world/share/aws_robomaker_small_house_world/models/aws_robomaker_residential_PortraitB_02/meshes/aws_PortraitB_01_visual.DAE
[8.175s] -- Symlinking: /home/sergio/tiago_simulator2_ws/install/aws_robomaker_small_house_world/share/aws_robomaker_small_house_world/models/aws_robomaker_residential_PortraitB_02/model.config
[8.186s] -- Symlinking: /home/sergio/tiago_simulator2_ws/install/aws_robomaker_small_house_world/share/aws_robomaker_small_house_world/models/aws_robomaker_residential_PortraitB_02/model.sdf
[8.198s] -- Symlinking: /home/sergio/tiago_simulator2_ws/install/aws_robomaker_small_house_world/share/aws_robomaker_small_house_world/models/aws_robomaker_residential_PortraitB_03/materials/textures/aws_PortraitB_01.png
[8.210s] -- Symlinking: /home/sergio/tiago_simulator2_ws/install/aws_robomaker_small_house_world/share/aws_robomaker_small_house_world/models/aws_robomaker_residential_PortraitB_03/materials/textures/aws_PortraitB_02.png
[8.222s] -- Symlinking: /home/sergio/tiago_simulator2_ws/install/aws_robomaker_small_house_world/share/aws_robomaker_small_house_world/models/aws_robomaker_residential_PortraitB_03/meshes/aws_PortraitB_01_collision.DAE
[8.233s] -- Symlinking: /home/sergio/tiago_simulator2_ws/install/aws_robomaker_small_house_world/share/aws_robomaker_small_house_world/models/aws_robomaker_residential_PortraitB_03/meshes/aws_PortraitB_01_visual.DAE
[8.245s] -- Symlinking: /home/sergio/tiago_simulator2_ws/install/aws_robomaker_small_house_world/share/aws_robomaker_small_house_world/models/aws_robomaker_residential_PortraitB_03/model.config
[8.256s] -- Symlinking: /home/sergio/tiago_simulator2_ws/install/aws_robomaker_small_house_world/share/aws_robomaker_small_house_world/models/aws_robomaker_residential_PortraitB_03/model.sdf
[8.268s] -- Symlinking: /home/sergio/tiago_simulator2_ws/install/aws_robomaker_small_house_world/share/aws_robomaker_small_house_world/models/aws_robomaker_residential_PortraitC_01/materials/textures/aws_PortraitC_01.png
[8.280s] -- Symlinking: /home/sergio/tiago_simulator2_ws/install/aws_robomaker_small_house_world/share/aws_robomaker_small_house_world/models/aws_robomaker_residential_PortraitC_01/materials/textures/aws_PortraitC_02.png
[8.291s] -- Symlinking: /home/sergio/tiago_simulator2_ws/install/aws_robomaker_small_house_world/share/aws_robomaker_small_house_world/models/aws_robomaker_residential_PortraitC_01/meshes/aws_PortraitC_01_collision.DAE
[8.303s] -- Symlinking: /home/sergio/tiago_simulator2_ws/install/aws_robomaker_small_house_world/share/aws_robomaker_small_house_world/models/aws_robomaker_residential_PortraitC_01/meshes/aws_PortraitC_01_visual.DAE
[8.314s] -- Symlinking: /home/sergio/tiago_simulator2_ws/install/aws_robomaker_small_house_world/share/aws_robomaker_small_house_world/models/aws_robomaker_residential_PortraitC_01/model.config
[8.326s] -- Symlinking: /home/sergio/tiago_simulator2_ws/install/aws_robomaker_small_house_world/share/aws_robomaker_small_house_world/models/aws_robomaker_residential_PortraitC_01/model.sdf
[8.338s] -- Symlinking: /home/sergio/tiago_simulator2_ws/install/aws_robomaker_small_house_world/share/aws_robomaker_small_house_world/models/aws_robomaker_residential_PortraitD_01/materials/textures/aws_PortraitD_01.png
[8.349s] -- Symlinking: /home/sergio/tiago_simulator2_ws/install/aws_robomaker_small_house_world/share/aws_robomaker_small_house_world/models/aws_robomaker_residential_PortraitD_01/materials/textures/aws_PortraitD_02.png
[8.361s] -- Symlinking: /home/sergio/tiago_simulator2_ws/install/aws_robomaker_small_house_world/share/aws_robomaker_small_house_world/models/aws_robomaker_residential_PortraitD_01/meshes/aws_PortraitD_01_collision.DAE
[8.373s] -- Symlinking: /home/sergio/tiago_simulator2_ws/install/aws_robomaker_small_house_world/share/aws_robomaker_small_house_world/models/aws_robomaker_residential_PortraitD_01/meshes/aws_PortraitD_01_visual.DAE
[8.384s] -- Symlinking: /home/sergio/tiago_simulator2_ws/install/aws_robomaker_small_house_world/share/aws_robomaker_small_house_world/models/aws_robomaker_residential_PortraitD_01/model.config
[8.396s] -- Symlinking: /home/sergio/tiago_simulator2_ws/install/aws_robomaker_small_house_world/share/aws_robomaker_small_house_world/models/aws_robomaker_residential_PortraitD_01/model.sdf
[8.408s] -- Symlinking: /home/sergio/tiago_simulator2_ws/install/aws_robomaker_small_house_world/share/aws_robomaker_small_house_world/models/aws_robomaker_residential_PortraitD_02/materials/textures/aws_PortraitD_01.png
[8.420s] -- Symlinking: /home/sergio/tiago_simulator2_ws/install/aws_robomaker_small_house_world/share/aws_robomaker_small_house_world/models/aws_robomaker_residential_PortraitD_02/materials/textures/aws_PortraitD_02.png
[8.432s] -- Symlinking: /home/sergio/tiago_simulator2_ws/install/aws_robomaker_small_house_world/share/aws_robomaker_small_house_world/models/aws_robomaker_residential_PortraitD_02/meshes/aws_PortraitD_01_collision.DAE
[8.444s] -- Symlinking: /home/sergio/tiago_simulator2_ws/install/aws_robomaker_small_house_world/share/aws_robomaker_small_house_world/models/aws_robomaker_residential_PortraitD_02/meshes/aws_PortraitD_01_visual.DAE
[8.456s] -- Symlinking: /home/sergio/tiago_simulator2_ws/install/aws_robomaker_small_house_world/share/aws_robomaker_small_house_world/models/aws_robomaker_residential_PortraitD_02/model.config
[8.467s] -- Symlinking: /home/sergio/tiago_simulator2_ws/install/aws_robomaker_small_house_world/share/aws_robomaker_small_house_world/models/aws_robomaker_residential_PortraitD_02/model.sdf
[8.479s] -- Symlinking: /home/sergio/tiago_simulator2_ws/install/aws_robomaker_small_house_world/share/aws_robomaker_small_house_world/models/aws_robomaker_residential_PortraitE_01/materials/textures/aws_PortraitE_01.png
[8.491s] -- Symlinking: /home/sergio/tiago_simulator2_ws/install/aws_robomaker_small_house_world/share/aws_robomaker_small_house_world/models/aws_robomaker_residential_PortraitE_01/materials/textures/aws_PortraitE_02.png
[8.502s] -- Symlinking: /home/sergio/tiago_simulator2_ws/install/aws_robomaker_small_house_world/share/aws_robomaker_small_house_world/models/aws_robomaker_residential_PortraitE_01/meshes/aws_PortraitE_01_collision.DAE
[8.515s] -- Symlinking: /home/sergio/tiago_simulator2_ws/install/aws_robomaker_small_house_world/share/aws_robomaker_small_house_world/models/aws_robomaker_residential_PortraitE_01/meshes/aws_PortraitE_01_visual.DAE
[8.528s] -- Symlinking: /home/sergio/tiago_simulator2_ws/install/aws_robomaker_small_house_world/share/aws_robomaker_small_house_world/models/aws_robomaker_residential_PortraitE_01/model.config
[8.539s] -- Symlinking: /home/sergio/tiago_simulator2_ws/install/aws_robomaker_small_house_world/share/aws_robomaker_small_house_world/models/aws_robomaker_residential_PortraitE_01/model.sdf
[8.550s] -- Symlinking: /home/sergio/tiago_simulator2_ws/install/aws_robomaker_small_house_world/share/aws_robomaker_small_house_world/models/aws_robomaker_residential_PortraitE_02/materials/textures/aws_PortraitE_01.png
[8.562s] -- Symlinking: /home/sergio/tiago_simulator2_ws/install/aws_robomaker_small_house_world/share/aws_robomaker_small_house_world/models/aws_robomaker_residential_PortraitE_02/materials/textures/aws_PortraitE_02.png
[8.573s] -- Symlinking: /home/sergio/tiago_simulator2_ws/install/aws_robomaker_small_house_world/share/aws_robomaker_small_house_world/models/aws_robomaker_residential_PortraitE_02/meshes/aws_PortraitE_01_collision.DAE
[8.584s] -- Symlinking: /home/sergio/tiago_simulator2_ws/install/aws_robomaker_small_house_world/share/aws_robomaker_small_house_world/models/aws_robomaker_residential_PortraitE_02/meshes/aws_PortraitE_01_visual.DAE
[8.596s] -- Symlinking: /home/sergio/tiago_simulator2_ws/install/aws_robomaker_small_house_world/share/aws_robomaker_small_house_world/models/aws_robomaker_residential_PortraitE_02/model.config
[8.607s] -- Symlinking: /home/sergio/tiago_simulator2_ws/install/aws_robomaker_small_house_world/share/aws_robomaker_small_house_world/models/aws_robomaker_residential_PortraitE_02/model.sdf
[8.618s] -- Symlinking: /home/sergio/tiago_simulator2_ws/install/aws_robomaker_small_house_world/share/aws_robomaker_small_house_world/models/aws_robomaker_residential_Quilt_01/materials/textures/aws_Quilt_01.png
[8.629s] -- Symlinking: /home/sergio/tiago_simulator2_ws/install/aws_robomaker_small_house_world/share/aws_robomaker_small_house_world/models/aws_robomaker_residential_Quilt_01/meshes/aws_Quilt_01_collision.DAE
[8.641s] -- Symlinking: /home/sergio/tiago_simulator2_ws/install/aws_robomaker_small_house_world/share/aws_robomaker_small_house_world/models/aws_robomaker_residential_Quilt_01/meshes/aws_Quilt_01_visual.DAE
[8.652s] -- Symlinking: /home/sergio/tiago_simulator2_ws/install/aws_robomaker_small_house_world/share/aws_robomaker_small_house_world/models/aws_robomaker_residential_Quilt_01/model.config
[8.664s] -- Symlinking: /home/sergio/tiago_simulator2_ws/install/aws_robomaker_small_house_world/share/aws_robomaker_small_house_world/models/aws_robomaker_residential_Quilt_01/model.sdf
[8.676s] -- Symlinking: /home/sergio/tiago_simulator2_ws/install/aws_robomaker_small_house_world/share/aws_robomaker_small_house_world/models/aws_robomaker_residential_Rangehood_01/materials/textures/aws_Rangehood_01.png
[8.687s] -- Symlinking: /home/sergio/tiago_simulator2_ws/install/aws_robomaker_small_house_world/share/aws_robomaker_small_house_world/models/aws_robomaker_residential_Rangehood_01/meshes/aws_Rangehood_01_collision.DAE
[8.698s] -- Symlinking: /home/sergio/tiago_simulator2_ws/install/aws_robomaker_small_house_world/share/aws_robomaker_small_house_world/models/aws_robomaker_residential_Rangehood_01/meshes/aws_Rangehood_01_visual.DAE
[8.710s] -- Symlinking: /home/sergio/tiago_simulator2_ws/install/aws_robomaker_small_house_world/share/aws_robomaker_small_house_world/models/aws_robomaker_residential_Rangehood_01/model.config
[8.721s] -- Symlinking: /home/sergio/tiago_simulator2_ws/install/aws_robomaker_small_house_world/share/aws_robomaker_small_house_world/models/aws_robomaker_residential_Rangehood_01/model.sdf
[8.733s] -- Symlinking: /home/sergio/tiago_simulator2_ws/install/aws_robomaker_small_house_world/share/aws_robomaker_small_house_world/models/aws_robomaker_residential_ReadingDesk_01/materials/textures/aws_ReadingDesk_01.png
[8.746s] -- Symlinking: /home/sergio/tiago_simulator2_ws/install/aws_robomaker_small_house_world/share/aws_robomaker_small_house_world/models/aws_robomaker_residential_ReadingDesk_01/meshes/aws_ReadingDesk_01_collision.DAE
[8.757s] -- Symlinking: /home/sergio/tiago_simulator2_ws/install/aws_robomaker_small_house_world/share/aws_robomaker_small_house_world/models/aws_robomaker_residential_ReadingDesk_01/meshes/aws_ReadingDesk_01_visual.DAE
[8.768s] -- Symlinking: /home/sergio/tiago_simulator2_ws/install/aws_robomaker_small_house_world/share/aws_robomaker_small_house_world/models/aws_robomaker_residential_ReadingDesk_01/model.config
[8.779s] -- Symlinking: /home/sergio/tiago_simulator2_ws/install/aws_robomaker_small_house_world/share/aws_robomaker_small_house_world/models/aws_robomaker_residential_ReadingDesk_01/model.sdf
[8.790s] -- Symlinking: /home/sergio/tiago_simulator2_ws/install/aws_robomaker_small_house_world/share/aws_robomaker_small_house_world/models/aws_robomaker_residential_Refrigerator_01/materials/textures/aws_Refrigerator_01.png
[8.802s] -- Symlinking: /home/sergio/tiago_simulator2_ws/install/aws_robomaker_small_house_world/share/aws_robomaker_small_house_world/models/aws_robomaker_residential_Refrigerator_01/materials/textures/aws_Refrigerator_02.png
[8.814s] -- Symlinking: /home/sergio/tiago_simulator2_ws/install/aws_robomaker_small_house_world/share/aws_robomaker_small_house_world/models/aws_robomaker_residential_Refrigerator_01/meshes/aws_Refrigerator_01.DAE
[8.826s] -- Symlinking: /home/sergio/tiago_simulator2_ws/install/aws_robomaker_small_house_world/share/aws_robomaker_small_house_world/models/aws_robomaker_residential_Refrigerator_01/meshes/aws_Refrigerator_01_collision.DAE
[8.837s] -- Symlinking: /home/sergio/tiago_simulator2_ws/install/aws_robomaker_small_house_world/share/aws_robomaker_small_house_world/models/aws_robomaker_residential_Refrigerator_01/meshes/aws_Refrigerator_01_visual.DAE
[8.849s] -- Symlinking: /home/sergio/tiago_simulator2_ws/install/aws_robomaker_small_house_world/share/aws_robomaker_small_house_world/models/aws_robomaker_residential_Refrigerator_01/model.config
[8.861s] -- Symlinking: /home/sergio/tiago_simulator2_ws/install/aws_robomaker_small_house_world/share/aws_robomaker_small_house_world/models/aws_robomaker_residential_Refrigerator_01/model.sdf
[8.872s] -- Symlinking: /home/sergio/tiago_simulator2_ws/install/aws_robomaker_small_house_world/share/aws_robomaker_small_house_world/models/aws_robomaker_residential_RoomCeiling_01/materials/textures/aws_RoomCeiling_01.png
[8.883s] -- Symlinking: /home/sergio/tiago_simulator2_ws/install/aws_robomaker_small_house_world/share/aws_robomaker_small_house_world/models/aws_robomaker_residential_RoomCeiling_01/meshes/aws_RoomCeiling_01_collision.DAE
[8.894s] -- Symlinking: /home/sergio/tiago_simulator2_ws/install/aws_robomaker_small_house_world/share/aws_robomaker_small_house_world/models/aws_robomaker_residential_RoomCeiling_01/meshes/aws_RoomCeiling_01_visual.DAE
[8.905s] -- Symlinking: /home/sergio/tiago_simulator2_ws/install/aws_robomaker_small_house_world/share/aws_robomaker_small_house_world/models/aws_robomaker_residential_RoomCeiling_01/model.config
[8.916s] -- Symlinking: /home/sergio/tiago_simulator2_ws/install/aws_robomaker_small_house_world/share/aws_robomaker_small_house_world/models/aws_robomaker_residential_RoomCeiling_01/model.sdf
[8.928s] -- Symlinking: /home/sergio/tiago_simulator2_ws/install/aws_robomaker_small_house_world/share/aws_robomaker_small_house_world/models/aws_robomaker_residential_RoomWall_01/materials/textures/aws_RoomWall_01.png
[8.939s] -- Symlinking: /home/sergio/tiago_simulator2_ws/install/aws_robomaker_small_house_world/share/aws_robomaker_small_house_world/models/aws_robomaker_residential_RoomWall_01/meshes/aws_RoomWall_01_collision.DAE
[8.954s] -- Symlinking: /home/sergio/tiago_simulator2_ws/install/aws_robomaker_small_house_world/share/aws_robomaker_small_house_world/models/aws_robomaker_residential_RoomWall_01/meshes/aws_RoomWall_01_visual.DAE
[8.965s] -- Symlinking: /home/sergio/tiago_simulator2_ws/install/aws_robomaker_small_house_world/share/aws_robomaker_small_house_world/models/aws_robomaker_residential_RoomWall_01/model.config
[8.977s] -- Symlinking: /home/sergio/tiago_simulator2_ws/install/aws_robomaker_small_house_world/share/aws_robomaker_small_house_world/models/aws_robomaker_residential_RoomWall_01/model.sdf
[8.989s] -- Symlinking: /home/sergio/tiago_simulator2_ws/install/aws_robomaker_small_house_world/share/aws_robomaker_small_house_world/models/aws_robomaker_residential_RoomWindow_01/materials/textures/aws_RoomWindow_01.png
[9.000s] -- Symlinking: /home/sergio/tiago_simulator2_ws/install/aws_robomaker_small_house_world/share/aws_robomaker_small_house_world/models/aws_robomaker_residential_RoomWindow_01/meshes/aws_RoomWindow_01_collision.DAE
[9.011s] -- Symlinking: /home/sergio/tiago_simulator2_ws/install/aws_robomaker_small_house_world/share/aws_robomaker_small_house_world/models/aws_robomaker_residential_RoomWindow_01/meshes/aws_RoomWindow_01_visual.DAE
[9.023s] -- Symlinking: /home/sergio/tiago_simulator2_ws/install/aws_robomaker_small_house_world/share/aws_robomaker_small_house_world/models/aws_robomaker_residential_RoomWindow_01/model.config
[9.035s] -- Symlinking: /home/sergio/tiago_simulator2_ws/install/aws_robomaker_small_house_world/share/aws_robomaker_small_house_world/models/aws_robomaker_residential_RoomWindow_01/model.sdf
[9.047s] -- Symlinking: /home/sergio/tiago_simulator2_ws/install/aws_robomaker_small_house_world/share/aws_robomaker_small_house_world/models/aws_robomaker_residential_SeasoningBox_01/materials/textures/aws_SeasoningBox_01.png
[9.058s] -- Symlinking: /home/sergio/tiago_simulator2_ws/install/aws_robomaker_small_house_world/share/aws_robomaker_small_house_world/models/aws_robomaker_residential_SeasoningBox_01/meshes/aws_SeasoningBox_01_collision.DAE
[9.069s] -- Symlinking: /home/sergio/tiago_simulator2_ws/install/aws_robomaker_small_house_world/share/aws_robomaker_small_house_world/models/aws_robomaker_residential_SeasoningBox_01/meshes/aws_SeasoningBox_01_visual.DAE
[9.081s] -- Symlinking: /home/sergio/tiago_simulator2_ws/install/aws_robomaker_small_house_world/share/aws_robomaker_small_house_world/models/aws_robomaker_residential_SeasoningBox_01/model.config
[9.092s] -- Symlinking: /home/sergio/tiago_simulator2_ws/install/aws_robomaker_small_house_world/share/aws_robomaker_small_house_world/models/aws_robomaker_residential_SeasoningBox_01/model.sdf
[9.103s] -- Symlinking: /home/sergio/tiago_simulator2_ws/install/aws_robomaker_small_house_world/share/aws_robomaker_small_house_world/models/aws_robomaker_residential_SecurityCamera_01/materials/textures/aws_SecurityCamera_01.png
[9.115s] -- Symlinking: /home/sergio/tiago_simulator2_ws/install/aws_robomaker_small_house_world/share/aws_robomaker_small_house_world/models/aws_robomaker_residential_SecurityCamera_01/meshes/aws_SecurityCamera_01_collision.DAE
[9.126s] -- Symlinking: /home/sergio/tiago_simulator2_ws/install/aws_robomaker_small_house_world/share/aws_robomaker_small_house_world/models/aws_robomaker_residential_SecurityCamera_01/meshes/aws_SecurityCamera_01_visual.DAE
[9.138s] -- Symlinking: /home/sergio/tiago_simulator2_ws/install/aws_robomaker_small_house_world/share/aws_robomaker_small_house_world/models/aws_robomaker_residential_SecurityCamera_01/model.config
[9.149s] -- Symlinking: /home/sergio/tiago_simulator2_ws/install/aws_robomaker_small_house_world/share/aws_robomaker_small_house_world/models/aws_robomaker_residential_SecurityCamera_01/model.sdf
[9.161s] -- Symlinking: /home/sergio/tiago_simulator2_ws/install/aws_robomaker_small_house_world/share/aws_robomaker_small_house_world/models/aws_robomaker_residential_ShoeRack_01/materials/textures/aws_ShoeRack_01.png
[9.172s] -- Symlinking: /home/sergio/tiago_simulator2_ws/install/aws_robomaker_small_house_world/share/aws_robomaker_small_house_world/models/aws_robomaker_residential_ShoeRack_01/meshes/aws_ShoeRack_01_collision.DAE
[9.184s] -- Symlinking: /home/sergio/tiago_simulator2_ws/install/aws_robomaker_small_house_world/share/aws_robomaker_small_house_world/models/aws_robomaker_residential_ShoeRack_01/meshes/aws_ShoeRack_01_visual.DAE
[9.196s] -- Symlinking: /home/sergio/tiago_simulator2_ws/install/aws_robomaker_small_house_world/share/aws_robomaker_small_house_world/models/aws_robomaker_residential_ShoeRack_01/model.config
[9.207s] -- Symlinking: /home/sergio/tiago_simulator2_ws/install/aws_robomaker_small_house_world/share/aws_robomaker_small_house_world/models/aws_robomaker_residential_ShoeRack_01/model.sdf
[9.220s] -- Symlinking: /home/sergio/tiago_simulator2_ws/install/aws_robomaker_small_house_world/share/aws_robomaker_small_house_world/models/aws_robomaker_residential_SofaB_01/materials/textures/aws_SofaB_01.png
[9.234s] -- Symlinking: /home/sergio/tiago_simulator2_ws/install/aws_robomaker_small_house_world/share/aws_robomaker_small_house_world/models/aws_robomaker_residential_SofaB_01/meshes/aws_SofaB_01_collision.DAE
[9.245s] -- Symlinking: /home/sergio/tiago_simulator2_ws/install/aws_robomaker_small_house_world/share/aws_robomaker_small_house_world/models/aws_robomaker_residential_SofaB_01/meshes/aws_SofaB_01_visual.DAE
[9.257s] -- Symlinking: /home/sergio/tiago_simulator2_ws/install/aws_robomaker_small_house_world/share/aws_robomaker_small_house_world/models/aws_robomaker_residential_SofaB_01/model.config
[9.268s] -- Symlinking: /home/sergio/tiago_simulator2_ws/install/aws_robomaker_small_house_world/share/aws_robomaker_small_house_world/models/aws_robomaker_residential_SofaB_01/model.sdf
[9.280s] -- Symlinking: /home/sergio/tiago_simulator2_ws/install/aws_robomaker_small_house_world/share/aws_robomaker_small_house_world/models/aws_robomaker_residential_SofaC_01/materials/textures/aws_SofaC_01.png
[9.292s] -- Symlinking: /home/sergio/tiago_simulator2_ws/install/aws_robomaker_small_house_world/share/aws_robomaker_small_house_world/models/aws_robomaker_residential_SofaC_01/meshes/aws_SofaC_01_collision.DAE
[9.303s] -- Symlinking: /home/sergio/tiago_simulator2_ws/install/aws_robomaker_small_house_world/share/aws_robomaker_small_house_world/models/aws_robomaker_residential_SofaC_01/meshes/aws_SofaC_01_visual.DAE
[9.314s] -- Symlinking: /home/sergio/tiago_simulator2_ws/install/aws_robomaker_small_house_world/share/aws_robomaker_small_house_world/models/aws_robomaker_residential_SofaC_01/model.config
[9.325s] -- Symlinking: /home/sergio/tiago_simulator2_ws/install/aws_robomaker_small_house_world/share/aws_robomaker_small_house_world/models/aws_robomaker_residential_SofaC_01/model.sdf
[9.339s] -- Symlinking: /home/sergio/tiago_simulator2_ws/install/aws_robomaker_small_house_world/share/aws_robomaker_small_house_world/models/aws_robomaker_residential_Sofa_01/materials/textures/aws_Sofa_01.png
[9.351s] -- Symlinking: /home/sergio/tiago_simulator2_ws/install/aws_robomaker_small_house_world/share/aws_robomaker_small_house_world/models/aws_robomaker_residential_Sofa_01/meshes/aws_Sofa_01.DAE
[9.365s] -- Symlinking: /home/sergio/tiago_simulator2_ws/install/aws_robomaker_small_house_world/share/aws_robomaker_small_house_world/models/aws_robomaker_residential_Sofa_01/meshes/aws_Sofa_01_collision.DAE
[9.378s] -- Symlinking: /home/sergio/tiago_simulator2_ws/install/aws_robomaker_small_house_world/share/aws_robomaker_small_house_world/models/aws_robomaker_residential_Sofa_01/meshes/aws_Sofa_01_visual.DAE
[9.389s] -- Symlinking: /home/sergio/tiago_simulator2_ws/install/aws_robomaker_small_house_world/share/aws_robomaker_small_house_world/models/aws_robomaker_residential_Sofa_01/model.config
[9.401s] -- Symlinking: /home/sergio/tiago_simulator2_ws/install/aws_robomaker_small_house_world/share/aws_robomaker_small_house_world/models/aws_robomaker_residential_Sofa_01/model.sdf
[9.412s] -- Symlinking: /home/sergio/tiago_simulator2_ws/install/aws_robomaker_small_house_world/share/aws_robomaker_small_house_world/models/aws_robomaker_residential_TVCabinet_01/materials/textures/aws_TVCabinet_01.png
[9.423s] -- Symlinking: /home/sergio/tiago_simulator2_ws/install/aws_robomaker_small_house_world/share/aws_robomaker_small_house_world/models/aws_robomaker_residential_TVCabinet_01/meshes/aws_TVCabinet_01_collision.DAE
[9.435s] -- Symlinking: /home/sergio/tiago_simulator2_ws/install/aws_robomaker_small_house_world/share/aws_robomaker_small_house_world/models/aws_robomaker_residential_TVCabinet_01/meshes/aws_TVCabinet_01_visual.DAE
[9.446s] -- Symlinking: /home/sergio/tiago_simulator2_ws/install/aws_robomaker_small_house_world/share/aws_robomaker_small_house_world/models/aws_robomaker_residential_TVCabinet_01/model.config
[9.457s] -- Symlinking: /home/sergio/tiago_simulator2_ws/install/aws_robomaker_small_house_world/share/aws_robomaker_small_house_world/models/aws_robomaker_residential_TVCabinet_01/model.sdf
[9.468s] -- Symlinking: /home/sergio/tiago_simulator2_ws/install/aws_robomaker_small_house_world/share/aws_robomaker_small_house_world/models/aws_robomaker_residential_TV_01/materials/textures/aws_TV_01.png
[9.480s] -- Symlinking: /home/sergio/tiago_simulator2_ws/install/aws_robomaker_small_house_world/share/aws_robomaker_small_house_world/models/aws_robomaker_residential_TV_01/meshes/aws_TV_01_collision.DAE
[9.491s] -- Symlinking: /home/sergio/tiago_simulator2_ws/install/aws_robomaker_small_house_world/share/aws_robomaker_small_house_world/models/aws_robomaker_residential_TV_01/meshes/aws_TV_01_visual.DAE
[9.502s] -- Symlinking: /home/sergio/tiago_simulator2_ws/install/aws_robomaker_small_house_world/share/aws_robomaker_small_house_world/models/aws_robomaker_residential_TV_01/model.config
[9.515s] -- Symlinking: /home/sergio/tiago_simulator2_ws/install/aws_robomaker_small_house_world/share/aws_robomaker_small_house_world/models/aws_robomaker_residential_TV_01/model.sdf
[9.526s] -- Symlinking: /home/sergio/tiago_simulator2_ws/install/aws_robomaker_small_house_world/share/aws_robomaker_small_house_world/models/aws_robomaker_residential_TV_02/materials/textures/aws_TV_01.png
[9.538s] -- Symlinking: /home/sergio/tiago_simulator2_ws/install/aws_robomaker_small_house_world/share/aws_robomaker_small_house_world/models/aws_robomaker_residential_TV_02/meshes/aws_TV_01_collision.DAE
[9.551s] -- Symlinking: /home/sergio/tiago_simulator2_ws/install/aws_robomaker_small_house_world/share/aws_robomaker_small_house_world/models/aws_robomaker_residential_TV_02/meshes/aws_TV_01_visual.DAE
[9.561s] -- Symlinking: /home/sergio/tiago_simulator2_ws/install/aws_robomaker_small_house_world/share/aws_robomaker_small_house_world/models/aws_robomaker_residential_TV_02/model.config
[9.574s] -- Symlinking: /home/sergio/tiago_simulator2_ws/install/aws_robomaker_small_house_world/share/aws_robomaker_small_house_world/models/aws_robomaker_residential_TV_02/model.sdf
[9.586s] -- Symlinking: /home/sergio/tiago_simulator2_ws/install/aws_robomaker_small_house_world/share/aws_robomaker_small_house_world/models/aws_robomaker_residential_Tablet_01/materials/textures/aws_Tablet_01_nologo.png
[9.596s] -- Symlinking: /home/sergio/tiago_simulator2_ws/install/aws_robomaker_small_house_world/share/aws_robomaker_small_house_world/models/aws_robomaker_residential_Tablet_01/meshes/aws_Tablet_01_collision.DAE
[9.608s] -- Symlinking: /home/sergio/tiago_simulator2_ws/install/aws_robomaker_small_house_world/share/aws_robomaker_small_house_world/models/aws_robomaker_residential_Tablet_01/meshes/aws_Tablet_01_visual.DAE
[9.619s] -- Symlinking: /home/sergio/tiago_simulator2_ws/install/aws_robomaker_small_house_world/share/aws_robomaker_small_house_world/models/aws_robomaker_residential_Tablet_01/model.config
[9.631s] -- Symlinking: /home/sergio/tiago_simulator2_ws/install/aws_robomaker_small_house_world/share/aws_robomaker_small_house_world/models/aws_robomaker_residential_Tablet_01/model.sdf
[9.642s] -- Symlinking: /home/sergio/tiago_simulator2_ws/install/aws_robomaker_small_house_world/share/aws_robomaker_small_house_world/models/aws_robomaker_residential_Tableware_01/materials/textures/aws_Tableware_01.png
[9.653s] -- Symlinking: /home/sergio/tiago_simulator2_ws/install/aws_robomaker_small_house_world/share/aws_robomaker_small_house_world/models/aws_robomaker_residential_Tableware_01/meshes/aws_Tableware_01_collision.DAE
[9.664s] -- Symlinking: /home/sergio/tiago_simulator2_ws/install/aws_robomaker_small_house_world/share/aws_robomaker_small_house_world/models/aws_robomaker_residential_Tableware_01/meshes/aws_Tableware_01_visual.DAE
[9.676s] -- Symlinking: /home/sergio/tiago_simulator2_ws/install/aws_robomaker_small_house_world/share/aws_robomaker_small_house_world/models/aws_robomaker_residential_Tableware_01/model.config
[9.687s] -- Symlinking: /home/sergio/tiago_simulator2_ws/install/aws_robomaker_small_house_world/share/aws_robomaker_small_house_world/models/aws_robomaker_residential_Tableware_01/model.sdf
[9.698s] -- Symlinking: /home/sergio/tiago_simulator2_ws/install/aws_robomaker_small_house_world/share/aws_robomaker_small_house_world/models/aws_robomaker_residential_Trash_01/materials/textures/aws_Trash_01.png
[9.709s] -- Symlinking: /home/sergio/tiago_simulator2_ws/install/aws_robomaker_small_house_world/share/aws_robomaker_small_house_world/models/aws_robomaker_residential_Trash_01/meshes/aws_Trash_01_collision.DAE
[9.721s] -- Symlinking: /home/sergio/tiago_simulator2_ws/install/aws_robomaker_small_house_world/share/aws_robomaker_small_house_world/models/aws_robomaker_residential_Trash_01/meshes/aws_Trash_01_visual.DAE
[9.732s] -- Symlinking: /home/sergio/tiago_simulator2_ws/install/aws_robomaker_small_house_world/share/aws_robomaker_small_house_world/models/aws_robomaker_residential_Trash_01/model.config
[9.744s] -- Symlinking: /home/sergio/tiago_simulator2_ws/install/aws_robomaker_small_house_world/share/aws_robomaker_small_house_world/models/aws_robomaker_residential_Trash_01/model.sdf
[9.755s] -- Symlinking: /home/sergio/tiago_simulator2_ws/install/aws_robomaker_small_house_world/share/aws_robomaker_small_house_world/models/aws_robomaker_residential_Vase_01/materials/textures/aws_Vase_01.png
[9.767s] -- Symlinking: /home/sergio/tiago_simulator2_ws/install/aws_robomaker_small_house_world/share/aws_robomaker_small_house_world/models/aws_robomaker_residential_Vase_01/meshes/aws_Vase_01_collision.DAE
[9.778s] -- Symlinking: /home/sergio/tiago_simulator2_ws/install/aws_robomaker_small_house_world/share/aws_robomaker_small_house_world/models/aws_robomaker_residential_Vase_01/meshes/aws_Vase_01_visual.DAE
[9.790s] -- Symlinking: /home/sergio/tiago_simulator2_ws/install/aws_robomaker_small_house_world/share/aws_robomaker_small_house_world/models/aws_robomaker_residential_Vase_01/model.config
[9.802s] -- Symlinking: /home/sergio/tiago_simulator2_ws/install/aws_robomaker_small_house_world/share/aws_robomaker_small_house_world/models/aws_robomaker_residential_Vase_01/model.sdf
[9.814s] -- Symlinking: /home/sergio/tiago_simulator2_ws/install/aws_robomaker_small_house_world/share/aws_robomaker_small_house_world/models/aws_robomaker_residential_Wardrobe_01/materials/textures/aws_Wardrobe_01.png
[9.826s] -- Symlinking: /home/sergio/tiago_simulator2_ws/install/aws_robomaker_small_house_world/share/aws_robomaker_small_house_world/models/aws_robomaker_residential_Wardrobe_01/meshes/aws_Wardrobe_01_collision.DAE
[9.838s] -- Symlinking: /home/sergio/tiago_simulator2_ws/install/aws_robomaker_small_house_world/share/aws_robomaker_small_house_world/models/aws_robomaker_residential_Wardrobe_01/meshes/aws_Wardrobe_01_visual.DAE
[9.850s] -- Symlinking: /home/sergio/tiago_simulator2_ws/install/aws_robomaker_small_house_world/share/aws_robomaker_small_house_world/models/aws_robomaker_residential_Wardrobe_01/model.config
[9.861s] -- Symlinking: /home/sergio/tiago_simulator2_ws/install/aws_robomaker_small_house_world/share/aws_robomaker_small_house_world/models/aws_robomaker_residential_Wardrobe_01/model.sdf
[9.873s] -- Symlinking: /home/sergio/tiago_simulator2_ws/install/aws_robomaker_small_house_world/share/aws_robomaker_small_house_world/worlds/small_house.world
[9.884s] -- Symlinking: /home/sergio/tiago_simulator2_ws/install/aws_robomaker_small_house_world/share/aws_robomaker_small_house_world/maps/turtlebot3_waffle_pi/map.pgm
[9.896s] -- Symlinking: /home/sergio/tiago_simulator2_ws/install/aws_robomaker_small_house_world/share/aws_robomaker_small_house_world/maps/turtlebot3_waffle_pi/map.yaml
[9.909s] -- Symlinking: /home/sergio/tiago_simulator2_ws/install/aws_robomaker_small_house_world/share/aws_robomaker_small_house_world/photos/DeskPortraitA_01.jpg
[9.920s] -- Symlinking: /home/sergio/tiago_simulator2_ws/install/aws_robomaker_small_house_world/share/aws_robomaker_small_house_world/photos/DeskPortraitA_02.jpg
[9.932s] -- Symlinking: /home/sergio/tiago_simulator2_ws/install/aws_robomaker_small_house_world/share/aws_robomaker_small_house_world/photos/DeskPortraitB_01.jpg
[9.943s] -- Symlinking: /home/sergio/tiago_simulator2_ws/install/aws_robomaker_small_house_world/share/aws_robomaker_small_house_world/photos/DeskPortraitB_02.jpg
[9.954s] -- Symlinking: /home/sergio/tiago_simulator2_ws/install/aws_robomaker_small_house_world/share/aws_robomaker_small_house_world/photos/DeskPortraitC_01.jpg
[9.965s] -- Symlinking: /home/sergio/tiago_simulator2_ws/install/aws_robomaker_small_house_world/share/aws_robomaker_small_house_world/photos/DeskPortraitC_02.jpg
[9.976s] -- Symlinking: /home/sergio/tiago_simulator2_ws/install/aws_robomaker_small_house_world/share/aws_robomaker_small_house_world/photos/DeskPortraitD_01.jpg
[9.987s] -- Symlinking: /home/sergio/tiago_simulator2_ws/install/aws_robomaker_small_house_world/share/aws_robomaker_small_house_world/photos/DeskPortraitD_02.jpg
[9.998s] -- Symlinking: /home/sergio/tiago_simulator2_ws/install/aws_robomaker_small_house_world/share/aws_robomaker_small_house_world/photos/DeskPortraitD_03.jpg
[10.009s] -- Symlinking: /home/sergio/tiago_simulator2_ws/install/aws_robomaker_small_house_world/share/aws_robomaker_small_house_world/photos/DeskPortraitD_04.jpg
[10.021s] -- Symlinking: /home/sergio/tiago_simulator2_ws/install/aws_robomaker_small_house_world/share/aws_robomaker_small_house_world/photos/PortraitA_01.jpg
[10.032s] -- Symlinking: /home/sergio/tiago_simulator2_ws/install/aws_robomaker_small_house_world/share/aws_robomaker_small_house_world/photos/PortraitA_02.jpg
[10.043s] -- Symlinking: /home/sergio/tiago_simulator2_ws/install/aws_robomaker_small_house_world/share/aws_robomaker_small_house_world/photos/PortraitB_01.jpg
[10.055s] -- Symlinking: /home/sergio/tiago_simulator2_ws/install/aws_robomaker_small_house_world/share/aws_robomaker_small_house_world/photos/PortraitB_02.jpg
[10.066s] -- Symlinking: /home/sergio/tiago_simulator2_ws/install/aws_robomaker_small_house_world/share/aws_robomaker_small_house_world/photos/PortraitB_03.jpg
[10.077s] -- Symlinking: /home/sergio/tiago_simulator2_ws/install/aws_robomaker_small_house_world/share/aws_robomaker_small_house_world/photos/PortraitC_01.jpg
[10.088s] -- Symlinking: /home/sergio/tiago_simulator2_ws/install/aws_robomaker_small_house_world/share/aws_robomaker_small_house_world/photos/PortraitD_01.jpg
[10.100s] -- Symlinking: /home/sergio/tiago_simulator2_ws/install/aws_robomaker_small_house_world/share/aws_robomaker_small_house_world/photos/PortraitD_02.jpg
[10.110s] -- Symlinking: /home/sergio/tiago_simulator2_ws/install/aws_robomaker_small_house_world/share/aws_robomaker_small_house_world/photos/PortraitE_01.jpg
[10.123s] -- Symlinking: /home/sergio/tiago_simulator2_ws/install/aws_robomaker_small_house_world/share/aws_robomaker_small_house_world/photos/PortraitE_02.jpg
[10.135s] -- Symlinking: /home/sergio/tiago_simulator2_ws/install/aws_robomaker_small_house_world/share/aws_robomaker_small_house_world/param/waffle_pi.yaml
[10.146s] -- Symlinking: /home/sergio/tiago_simulator2_ws/install/aws_robomaker_small_house_world/share/aws_robomaker_small_house_world/routes/route.yaml
[10.157s] -- Symlinking: /home/sergio/tiago_simulator2_ws/install/aws_robomaker_small_house_world/share/ament_index/resource_index/package_run_dependencies/aws_robomaker_small_house_world
[10.169s] -- Symlinking: /home/sergio/tiago_simulator2_ws/install/aws_robomaker_small_house_world/share/ament_index/resource_index/parent_prefix_path/aws_robomaker_small_house_world
[10.182s] -- Symlinking: /home/sergio/tiago_simulator2_ws/install/aws_robomaker_small_house_world/share/aws_robomaker_small_house_world/environment/ament_prefix_path.sh
[10.193s] -- Symlinking: /home/sergio/tiago_simulator2_ws/install/aws_robomaker_small_house_world/share/aws_robomaker_small_house_world/environment/ament_prefix_path.dsv
[10.205s] -- Symlinking: /home/sergio/tiago_simulator2_ws/install/aws_robomaker_small_house_world/share/aws_robomaker_small_house_world/environment/path.sh
[10.216s] -- Symlinking: /home/sergio/tiago_simulator2_ws/install/aws_robomaker_small_house_world/share/aws_robomaker_small_house_world/environment/path.dsv
[10.228s] -- Symlinking: /home/sergio/tiago_simulator2_ws/install/aws_robomaker_small_house_world/share/aws_robomaker_small_house_world/local_setup.bash
[10.239s] -- Symlinking: /home/sergio/tiago_simulator2_ws/install/aws_robomaker_small_house_world/share/aws_robomaker_small_house_world/local_setup.sh
[10.251s] -- Symlinking: /home/sergio/tiago_simulator2_ws/install/aws_robomaker_small_house_world/share/aws_robomaker_small_house_world/local_setup.zsh
[10.262s] -- Symlinking: /home/sergio/tiago_simulator2_ws/install/aws_robomaker_small_house_world/share/aws_robomaker_small_house_world/local_setup.dsv
[10.273s] -- Symlinking: /home/sergio/tiago_simulator2_ws/install/aws_robomaker_small_house_world/share/aws_robomaker_small_house_world/package.dsv
[10.285s] -- Symlinking: /home/sergio/tiago_simulator2_ws/install/aws_robomaker_small_house_world/share/ament_index/resource_index/packages/aws_robomaker_small_house_world
[10.298s] -- Symlinking: /home/sergio/tiago_simulator2_ws/install/aws_robomaker_small_house_world/share/aws_robomaker_small_house_world/cmake/ament_cmake_export_dependencies-extras.cmake
[10.310s] -- Symlinking: /home/sergio/tiago_simulator2_ws/install/aws_robomaker_small_house_world/share/aws_robomaker_small_house_world/cmake/aws_robomaker_small_house_worldConfig.cmake
[10.321s] -- Symlinking: /home/sergio/tiago_simulator2_ws/install/aws_robomaker_small_house_world/share/aws_robomaker_small_house_world/cmake/aws_robomaker_small_house_worldConfig-version.cmake
[10.332s] -- Symlinking: /home/sergio/tiago_simulator2_ws/install/aws_robomaker_small_house_world/share/aws_robomaker_small_house_world/package.xml
[10.346s] Invoked command in '/home/sergio/tiago_simulator2_ws/build/aws_robomaker_small_house_world' returned '0': CMAKE_PREFIX_PATH=${CMAKE_PREFIX_PATH}:/home/sergio/tiago_simulator_ws/install/waypoint_navigation:/home/sergio/tiago_simulator_ws/install/sound_recognition:/opt/ros/humble /usr/bin/cmake --install /home/sergio/tiago_simulator2_ws/build/aws_robomaker_small_house_world
