[0.060s] Invoking command in '/home/sergio/tiago_simulator2_ws/build/aws_robomaker_bookstore_world': CMAKE_PREFIX_PATH=${CMAKE_PREFIX_PATH}:/home/sergio/tiago_simulator_ws/install/waypoint_navigation:/home/sergio/tiago_simulator_ws/install/sound_recognition:/opt/ros/humble /usr/bin/cmake /home/sergio/tiago_simulator2_ws/src/ThirdParty/aws-robomaker-bookstore-world -DBUILD_TESTING=OFF -DAMENT_CMAKE_SYMLINK_INSTALL=1 -DCMAKE_INSTALL_PREFIX=/home/sergio/tiago_simulator2_ws/install/aws_robomaker_bookstore_world
[0.332s] -- The C compiler identification is GNU 11.4.0
[0.484s] -- The CXX compiler identification is GNU 11.4.0
[0.504s] -- Detecting C compiler ABI info
[0.645s] -- Detecting C compiler ABI info - done
[0.663s] -- Check for working C compiler: /usr/bin/cc - skipped
[0.664s] -- Detecting C compile features
[0.666s] -- Detecting C compile features - done
[0.674s] -- Detecting CXX compiler ABI info
[0.817s] -- Detecting CXX compiler ABI info - done
[0.832s] -- Check for working CXX compiler: /usr/bin/c++ - skipped
[0.832s] -- Detecting CXX compile features
[0.833s] -- Detecting CXX compile features - done
[0.845s] -- Found ament_cmake: 1.3.8 (/opt/ros/humble/share/ament_cmake/cmake)
[1.200s] -- Found Python3: /usr/bin/python3 (found version "3.10.12") found components: Interpreter 
[1.344s] -- Override CMake install command with custom implementation using symlinks instead of copying resources
[1.412s] -- Found gazebo_ros: 3.7.0 (/opt/ros/humble/share/gazebo_ros/cmake)
[1.530s] -- Found rosidl_generator_c: 3.1.5 (/opt/ros/humble/share/rosidl_generator_c/cmake)
[1.547s] -- Found rosidl_adapter: 3.1.5 (/opt/ros/humble/share/rosidl_adapter/cmake)
[1.574s] -- Found rosidl_generator_cpp: 3.1.5 (/opt/ros/humble/share/rosidl_generator_cpp/cmake)
[1.615s] -- Using all available rosidl_typesupport_c: rosidl_typesupport_fastrtps_c;rosidl_typesupport_introspection_c
[1.652s] -- Using all available rosidl_typesupport_cpp: rosidl_typesupport_fastrtps_cpp;rosidl_typesupport_introspection_cpp
[1.805s] -- Found rmw_implementation_cmake: 6.1.1 (/opt/ros/humble/share/rmw_implementation_cmake/cmake)
[1.812s] -- Found rmw_fastrtps_cpp: 6.2.6 (/opt/ros/humble/share/rmw_fastrtps_cpp/cmake)
[1.994s] -- Found OpenSSL: /usr/lib/x86_64-linux-gnu/libcrypto.so (found version "3.0.2")  
[2.048s] -- Found FastRTPS: /opt/ros/humble/include  
[2.149s] -- Using RMW implementation 'rmw_fastrtps_cpp' as default
[2.176s] -- Looking for pthread.h
[2.316s] -- Looking for pthread.h - found
[2.316s] -- Performing Test CMAKE_HAVE_LIBC_PTHREAD
[2.446s] -- Performing Test CMAKE_HAVE_LIBC_PTHREAD - Success
[2.448s] -- Found Threads: TRUE  
[2.901s] -- Found PkgConfig: /usr/bin/pkg-config (found version "0.29.2") 
[2.903s] -- Checking for module 'bullet>=2.82'
[2.925s] --   Found bullet, version 3.05
[3.108s] -- Found fcl: /usr/include (found suitable version "0.7.0", minimum required is "0.5.0") 
[3.191s] -- Found assimp: /usr/include (found version "5.2.0") 
[3.236s] -- Found DART: /usr/include (Required is at least version "6.6") found components: dart 
[3.290s] -- Found Boost: /usr/lib/x86_64-linux-gnu/cmake/Boost-1.74.0/BoostConfig.cmake (found suitable version "1.74.0", minimum required is "1.40.0") found components: thread system filesystem program_options regex iostreams date_time 
[3.321s] -- Found Protobuf: /usr/lib/x86_64-linux-gnu/libprotobuf.so (found version "3.12.4") 
[3.332s] -- Looking for ignition-math6 -- found version 6.15.1
[3.346s] -- Searching for dependencies of ignition-math6
[3.348s] -- Looking for OGRE...
[3.349s] -- OGRE_PREFIX_WATCH changed.
[3.357s] -- Checking for module 'OGRE'
[3.377s] --   Found OGRE, version 1.9.0
[3.428s] -- Found Ogre Ghadamon (1.9.0)
[3.446s] -- Found OGRE: optimized;/usr/lib/x86_64-linux-gnu/libOgreMain.so;debug;/usr/lib/x86_64-linux-gnu/libOgreMain.so
[3.462s] -- Looking for OGRE_Paging...
[3.472s] -- Found OGRE_Paging: optimized;/usr/lib/x86_64-linux-gnu/libOgrePaging.so;debug;/usr/lib/x86_64-linux-gnu/libOgrePaging.so
[3.472s] -- Looking for OGRE_Terrain...
[3.483s] -- Found OGRE_Terrain: optimized;/usr/lib/x86_64-linux-gnu/libOgreTerrain.so;debug;/usr/lib/x86_64-linux-gnu/libOgreTerrain.so
[3.483s] -- Looking for OGRE_Property...
[3.494s] -- Found OGRE_Property: optimized;/usr/lib/x86_64-linux-gnu/libOgreProperty.so;debug;/usr/lib/x86_64-linux-gnu/libOgreProperty.so
[3.494s] -- Looking for OGRE_RTShaderSystem...
[3.504s] -- Found OGRE_RTShaderSystem: optimized;/usr/lib/x86_64-linux-gnu/libOgreRTShaderSystem.so;debug;/usr/lib/x86_64-linux-gnu/libOgreRTShaderSystem.so
[3.504s] -- Looking for OGRE_Volume...
[3.514s] -- Found OGRE_Volume: optimized;/usr/lib/x86_64-linux-gnu/libOgreVolume.so;debug;/usr/lib/x86_64-linux-gnu/libOgreVolume.so
[3.514s] -- Looking for OGRE_Overlay...
[3.523s] -- Found OGRE_Overlay: optimized;/usr/lib/x86_64-linux-gnu/libOgreOverlay.so;debug;/usr/lib/x86_64-linux-gnu/libOgreOverlay.so
[3.887s] -- Looking for ignition-math6 -- found version 6.15.1
[3.894s] -- Looking for ignition-transport8 -- found version 8.2.1
[3.895s] -- Searching for dependencies of ignition-transport8
[3.925s] -- Found Protobuf: /usr/lib/x86_64-linux-gnu/libprotobuf.so (found suitable version "3.12.4", minimum required is "3") 
[3.942s] -- Config-file not installed for ZeroMQ -- checking for pkg-config
[3.950s] -- Checking for module 'libzmq >= 4'
[3.972s] --   Found libzmq , version 4.3.4
[4.037s] -- Found ZeroMQ: TRUE (Required is at least version "4") 
[4.048s] -- Checking for module 'uuid'
[4.069s] --   Found uuid, version 2.37.2
[4.124s] -- Found UUID: TRUE  
[4.130s] -- Looking for ignition-msgs5 -- found version 5.8.1
[4.130s] -- Searching for dependencies of ignition-msgs5
[4.164s] -- Looking for ignition-math6 -- found version 6.15.1
[4.172s] -- Checking for module 'tinyxml2'
[4.192s] --   Found tinyxml2, version 9.0.0
[4.250s] -- Looking for ignition-msgs5 -- found version 5.8.1
[4.257s] -- Looking for ignition-common3 -- found version 3.14.0
[4.257s] -- Searching for dependencies of ignition-common3
[4.258s] -- Looking for dlfcn.h - found
[4.261s] -- Looking for libdl - found
[4.264s] -- Found DL: TRUE  
[4.287s] -- Found tinyobjloader: /usr/lib/x86_64-linux-gnu/cmake/tinyobjloader/tinyobjloader-config.cmake (found version "2.0.0") 
[4.288s] -- Searching for <ignition-common3> component [graphics]
[4.293s] -- Looking for ignition-common3-graphics -- found version 3.14.0
[4.294s] -- Searching for dependencies of ignition-common3-graphics
[4.295s] -- Looking for ignition-math6 -- found version 6.15.1
[4.301s] -- Looking for ignition-fuel_tools4 -- found version 4.4.0
[4.302s] -- Searching for dependencies of ignition-fuel_tools4
[4.435s] -- Found CURL: /usr/lib/x86_64-linux-gnu/libcurl.so (found version "7.81.0")  
[4.452s] -- Checking for module 'jsoncpp'
[4.475s] --   Found jsoncpp, version 1.9.5
[4.528s] -- Found JSONCPP: TRUE  
[4.538s] -- Checking for module 'libzip'
[4.562s] --   Found libzip, version 1.7.3
[4.620s] -- Found ZIP: TRUE  
[4.620s] -- Looking for ignition-common3 -- found version 3.14.0
[4.621s] -- Looking for ignition-math6 -- found version 6.15.1
[4.622s] -- Looking for ignition-msgs5 -- found version 5.8.1
[4.630s] -- Gazebo version: 11.10
[4.631s] -- Checking for module 'tbb'
[4.654s] --   Found tbb, version 2021.5.0
[4.845s] -- Configuring done
[4.856s] -- Generating done
[4.862s] -- Build files have been written to: /home/sergio/tiago_simulator2_ws/build/aws_robomaker_bookstore_world
[4.889s] Invoked command in '/home/sergio/tiago_simulator2_ws/build/aws_robomaker_bookstore_world' returned '0': CMAKE_PREFIX_PATH=${CMAKE_PREFIX_PATH}:/home/sergio/tiago_simulator_ws/install/waypoint_navigation:/home/sergio/tiago_simulator_ws/install/sound_recognition:/opt/ros/humble /usr/bin/cmake /home/sergio/tiago_simulator2_ws/src/ThirdParty/aws-robomaker-bookstore-world -DBUILD_TESTING=OFF -DAMENT_CMAKE_SYMLINK_INSTALL=1 -DCMAKE_INSTALL_PREFIX=/home/sergio/tiago_simulator2_ws/install/aws_robomaker_bookstore_world
[4.891s] Invoking command in '/home/sergio/tiago_simulator2_ws/build/aws_robomaker_bookstore_world': CMAKE_PREFIX_PATH=${CMAKE_PREFIX_PATH}:/home/sergio/tiago_simulator_ws/install/waypoint_navigation:/home/sergio/tiago_simulator_ws/install/sound_recognition:/opt/ros/humble /usr/bin/cmake --build /home/sergio/tiago_simulator2_ws/build/aws_robomaker_bookstore_world -- -j8 -l8
[4.980s] Invoked command in '/home/sergio/tiago_simulator2_ws/build/aws_robomaker_bookstore_world' returned '0': CMAKE_PREFIX_PATH=${CMAKE_PREFIX_PATH}:/home/sergio/tiago_simulator_ws/install/waypoint_navigation:/home/sergio/tiago_simulator_ws/install/sound_recognition:/opt/ros/humble /usr/bin/cmake --build /home/sergio/tiago_simulator2_ws/build/aws_robomaker_bookstore_world -- -j8 -l8
[5.027s] Invoking command in '/home/sergio/tiago_simulator2_ws/build/aws_robomaker_bookstore_world': CMAKE_PREFIX_PATH=${CMAKE_PREFIX_PATH}:/home/sergio/tiago_simulator_ws/install/waypoint_navigation:/home/sergio/tiago_simulator_ws/install/sound_recognition:/opt/ros/humble /usr/bin/cmake --install /home/sergio/tiago_simulator2_ws/build/aws_robomaker_bookstore_world
[5.041s] -- Install configuration: ""
[5.042s] -- Execute custom install script
[5.043s] -- Symlinking: /home/sergio/tiago_simulator2_ws/install/aws_robomaker_bookstore_world/share/aws_robomaker_bookstore_world/launch/bookstore.launch.py
[5.060s] -- Symlinking: /home/sergio/tiago_simulator2_ws/install/aws_robomaker_bookstore_world/share/aws_robomaker_bookstore_world/launch/view_bookstore.launch.py
[5.077s] -- Symlinking: /home/sergio/tiago_simulator2_ws/install/aws_robomaker_bookstore_world/share/aws_robomaker_bookstore_world/maps/turtlebot3_waffle_pi/map.pgm
[5.095s] -- Symlinking: /home/sergio/tiago_simulator2_ws/install/aws_robomaker_bookstore_world/share/aws_robomaker_bookstore_world/maps/turtlebot3_waffle_pi/map.yaml
[5.119s] -- Symlinking: /home/sergio/tiago_simulator2_ws/install/aws_robomaker_bookstore_world/share/aws_robomaker_bookstore_world/models/aws_robomaker_retail_AirConditionerC_01/materials/textures/aws_AirConditionerC_01.png
[5.133s] -- Symlinking: /home/sergio/tiago_simulator2_ws/install/aws_robomaker_bookstore_world/share/aws_robomaker_bookstore_world/models/aws_robomaker_retail_AirConditionerC_01/meshes/aws_AirConditionerC_01_collision.DAE
[5.150s] -- Symlinking: /home/sergio/tiago_simulator2_ws/install/aws_robomaker_bookstore_world/share/aws_robomaker_bookstore_world/models/aws_robomaker_retail_AirConditionerC_01/meshes/aws_AirConditionerC_01_visual.DAE
[5.167s] -- Symlinking: /home/sergio/tiago_simulator2_ws/install/aws_robomaker_bookstore_world/share/aws_robomaker_bookstore_world/models/aws_robomaker_retail_AirConditionerC_01/model.config
[5.183s] -- Symlinking: /home/sergio/tiago_simulator2_ws/install/aws_robomaker_bookstore_world/share/aws_robomaker_bookstore_world/models/aws_robomaker_retail_AirConditionerC_01/model.sdf
[5.195s] -- Symlinking: /home/sergio/tiago_simulator2_ws/install/aws_robomaker_bookstore_world/share/aws_robomaker_bookstore_world/models/aws_robomaker_retail_Bicycle_01/materials/textures/aws_Bicycle_01.png
[5.213s] -- Symlinking: /home/sergio/tiago_simulator2_ws/install/aws_robomaker_bookstore_world/share/aws_robomaker_bookstore_world/models/aws_robomaker_retail_Bicycle_01/meshes/aws_Bicycle_01_collision.DAE
[5.230s] -- Symlinking: /home/sergio/tiago_simulator2_ws/install/aws_robomaker_bookstore_world/share/aws_robomaker_bookstore_world/models/aws_robomaker_retail_Bicycle_01/meshes/aws_Bicycle_01_visual.DAE
[5.247s] -- Symlinking: /home/sergio/tiago_simulator2_ws/install/aws_robomaker_bookstore_world/share/aws_robomaker_bookstore_world/models/aws_robomaker_retail_Bicycle_01/model.config
[5.267s] -- Symlinking: /home/sergio/tiago_simulator2_ws/install/aws_robomaker_bookstore_world/share/aws_robomaker_bookstore_world/models/aws_robomaker_retail_Bicycle_01/model.sdf
[5.282s] -- Symlinking: /home/sergio/tiago_simulator2_ws/install/aws_robomaker_bookstore_world/share/aws_robomaker_bookstore_world/models/aws_robomaker_retail_BookA_01/materials/textures/aws_BookA_01.png
[5.301s] -- Symlinking: /home/sergio/tiago_simulator2_ws/install/aws_robomaker_bookstore_world/share/aws_robomaker_bookstore_world/models/aws_robomaker_retail_BookA_01/meshes/aws_BookA_01_collision.DAE
[5.321s] -- Symlinking: /home/sergio/tiago_simulator2_ws/install/aws_robomaker_bookstore_world/share/aws_robomaker_bookstore_world/models/aws_robomaker_retail_BookA_01/meshes/aws_BookA_01_visual.DAE
[5.338s] -- Symlinking: /home/sergio/tiago_simulator2_ws/install/aws_robomaker_bookstore_world/share/aws_robomaker_bookstore_world/models/aws_robomaker_retail_BookA_01/model.config
[5.356s] -- Symlinking: /home/sergio/tiago_simulator2_ws/install/aws_robomaker_bookstore_world/share/aws_robomaker_bookstore_world/models/aws_robomaker_retail_BookA_01/model.sdf
[5.373s] -- Symlinking: /home/sergio/tiago_simulator2_ws/install/aws_robomaker_bookstore_world/share/aws_robomaker_bookstore_world/models/aws_robomaker_retail_BookB_01/materials/textures/aws_BookB_01.png
[5.390s] -- Symlinking: /home/sergio/tiago_simulator2_ws/install/aws_robomaker_bookstore_world/share/aws_robomaker_bookstore_world/models/aws_robomaker_retail_BookB_01/materials/textures/aws_BookB_02.png
[5.404s] -- Symlinking: /home/sergio/tiago_simulator2_ws/install/aws_robomaker_bookstore_world/share/aws_robomaker_bookstore_world/models/aws_robomaker_retail_BookB_01/meshes/aws_BookB_01_collision.DAE
[5.420s] -- Symlinking: /home/sergio/tiago_simulator2_ws/install/aws_robomaker_bookstore_world/share/aws_robomaker_bookstore_world/models/aws_robomaker_retail_BookB_01/meshes/aws_BookB_01_visual.DAE
[5.435s] -- Symlinking: /home/sergio/tiago_simulator2_ws/install/aws_robomaker_bookstore_world/share/aws_robomaker_bookstore_world/models/aws_robomaker_retail_BookB_01/model.config
[5.452s] -- Symlinking: /home/sergio/tiago_simulator2_ws/install/aws_robomaker_bookstore_world/share/aws_robomaker_bookstore_world/models/aws_robomaker_retail_BookB_01/model.sdf
[5.469s] -- Symlinking: /home/sergio/tiago_simulator2_ws/install/aws_robomaker_bookstore_world/share/aws_robomaker_bookstore_world/models/aws_robomaker_retail_BookC_01/materials/textures/aws_BookC_01.png
[5.487s] -- Symlinking: /home/sergio/tiago_simulator2_ws/install/aws_robomaker_bookstore_world/share/aws_robomaker_bookstore_world/models/aws_robomaker_retail_BookC_01/meshes/aws_BookC_01_collision.DAE
[5.503s] -- Symlinking: /home/sergio/tiago_simulator2_ws/install/aws_robomaker_bookstore_world/share/aws_robomaker_bookstore_world/models/aws_robomaker_retail_BookC_01/meshes/aws_BookC_01_visual.DAE
[5.521s] -- Symlinking: /home/sergio/tiago_simulator2_ws/install/aws_robomaker_bookstore_world/share/aws_robomaker_bookstore_world/models/aws_robomaker_retail_BookC_01/model.config
[5.535s] -- Symlinking: /home/sergio/tiago_simulator2_ws/install/aws_robomaker_bookstore_world/share/aws_robomaker_bookstore_world/models/aws_robomaker_retail_BookC_01/model.sdf
[5.553s] -- Symlinking: /home/sergio/tiago_simulator2_ws/install/aws_robomaker_bookstore_world/share/aws_robomaker_bookstore_world/models/aws_robomaker_retail_BookD_01/materials/textures/aws_BookD_01.png
[5.568s] -- Symlinking: /home/sergio/tiago_simulator2_ws/install/aws_robomaker_bookstore_world/share/aws_robomaker_bookstore_world/models/aws_robomaker_retail_BookD_01/meshes/aws_BookD_01_collision.DAE
[5.584s] -- Symlinking: /home/sergio/tiago_simulator2_ws/install/aws_robomaker_bookstore_world/share/aws_robomaker_bookstore_world/models/aws_robomaker_retail_BookD_01/meshes/aws_BookD_01_visual.DAE
[5.602s] -- Symlinking: /home/sergio/tiago_simulator2_ws/install/aws_robomaker_bookstore_world/share/aws_robomaker_bookstore_world/models/aws_robomaker_retail_BookD_01/model.config
[5.618s] -- Symlinking: /home/sergio/tiago_simulator2_ws/install/aws_robomaker_bookstore_world/share/aws_robomaker_bookstore_world/models/aws_robomaker_retail_BookD_01/model.sdf
[5.636s] -- Symlinking: /home/sergio/tiago_simulator2_ws/install/aws_robomaker_bookstore_world/share/aws_robomaker_bookstore_world/models/aws_robomaker_retail_BookE_01/materials/textures/aws_BookE_01.png
[5.649s] -- Symlinking: /home/sergio/tiago_simulator2_ws/install/aws_robomaker_bookstore_world/share/aws_robomaker_bookstore_world/models/aws_robomaker_retail_BookE_01/materials/textures/aws_BookE_02.png
[5.668s] -- Symlinking: /home/sergio/tiago_simulator2_ws/install/aws_robomaker_bookstore_world/share/aws_robomaker_bookstore_world/models/aws_robomaker_retail_BookE_01/meshes/aws_BookE_01_collision.DAE
[5.683s] -- Symlinking: /home/sergio/tiago_simulator2_ws/install/aws_robomaker_bookstore_world/share/aws_robomaker_bookstore_world/models/aws_robomaker_retail_BookE_01/meshes/aws_BookE_01_visual.DAE
[5.697s] -- Symlinking: /home/sergio/tiago_simulator2_ws/install/aws_robomaker_bookstore_world/share/aws_robomaker_bookstore_world/models/aws_robomaker_retail_BookE_01/model.config
[5.710s] -- Symlinking: /home/sergio/tiago_simulator2_ws/install/aws_robomaker_bookstore_world/share/aws_robomaker_bookstore_world/models/aws_robomaker_retail_BookE_01/model.sdf
[5.727s] -- Symlinking: /home/sergio/tiago_simulator2_ws/install/aws_robomaker_bookstore_world/share/aws_robomaker_bookstore_world/models/aws_robomaker_retail_BookF_01/materials/textures/aws_BookF_01.png
[5.743s] -- Symlinking: /home/sergio/tiago_simulator2_ws/install/aws_robomaker_bookstore_world/share/aws_robomaker_bookstore_world/models/aws_robomaker_retail_BookF_01/meshes/aws_BookF_01_collision.DAE
[5.760s] -- Symlinking: /home/sergio/tiago_simulator2_ws/install/aws_robomaker_bookstore_world/share/aws_robomaker_bookstore_world/models/aws_robomaker_retail_BookF_01/meshes/aws_BookF_01_visual.DAE
[5.777s] -- Symlinking: /home/sergio/tiago_simulator2_ws/install/aws_robomaker_bookstore_world/share/aws_robomaker_bookstore_world/models/aws_robomaker_retail_BookF_01/model.config
[5.793s] -- Symlinking: /home/sergio/tiago_simulator2_ws/install/aws_robomaker_bookstore_world/share/aws_robomaker_bookstore_world/models/aws_robomaker_retail_BookF_01/model.sdf
[5.809s] -- Symlinking: /home/sergio/tiago_simulator2_ws/install/aws_robomaker_bookstore_world/share/aws_robomaker_bookstore_world/models/aws_robomaker_retail_BookshelfA_01/materials/textures/aws_BookshelfA_01.png
[5.827s] -- Symlinking: /home/sergio/tiago_simulator2_ws/install/aws_robomaker_bookstore_world/share/aws_robomaker_bookstore_world/models/aws_robomaker_retail_BookshelfA_01/materials/textures/aws_BookshelfA_02.png
[5.839s] -- Symlinking: /home/sergio/tiago_simulator2_ws/install/aws_robomaker_bookstore_world/share/aws_robomaker_bookstore_world/models/aws_robomaker_retail_BookshelfA_01/materials/textures/aws_BookshelfA_03.png
[5.854s] -- Symlinking: /home/sergio/tiago_simulator2_ws/install/aws_robomaker_bookstore_world/share/aws_robomaker_bookstore_world/models/aws_robomaker_retail_BookshelfA_01/meshes/aws_BookshelfA_01_collision.DAE
[5.870s] -- Symlinking: /home/sergio/tiago_simulator2_ws/install/aws_robomaker_bookstore_world/share/aws_robomaker_bookstore_world/models/aws_robomaker_retail_BookshelfA_01/meshes/aws_BookshelfA_01_visual.DAE
[5.885s] -- Symlinking: /home/sergio/tiago_simulator2_ws/install/aws_robomaker_bookstore_world/share/aws_robomaker_bookstore_world/models/aws_robomaker_retail_BookshelfA_01/model.config
[5.897s] -- Symlinking: /home/sergio/tiago_simulator2_ws/install/aws_robomaker_bookstore_world/share/aws_robomaker_bookstore_world/models/aws_robomaker_retail_BookshelfA_01/model.sdf
[5.914s] -- Symlinking: /home/sergio/tiago_simulator2_ws/install/aws_robomaker_bookstore_world/share/aws_robomaker_bookstore_world/models/aws_robomaker_retail_BookshelfB_01/materials/textures/aws_BookshelfB_01.png
[5.930s] -- Symlinking: /home/sergio/tiago_simulator2_ws/install/aws_robomaker_bookstore_world/share/aws_robomaker_bookstore_world/models/aws_robomaker_retail_BookshelfB_01/materials/textures/aws_BookshelfB_02.png
[5.947s] -- Symlinking: /home/sergio/tiago_simulator2_ws/install/aws_robomaker_bookstore_world/share/aws_robomaker_bookstore_world/models/aws_robomaker_retail_BookshelfB_01/meshes/aws_BookshelfB_01_collision.DAE
[5.959s] -- Symlinking: /home/sergio/tiago_simulator2_ws/install/aws_robomaker_bookstore_world/share/aws_robomaker_bookstore_world/models/aws_robomaker_retail_BookshelfB_01/meshes/aws_BookshelfB_01_visual.DAE
[5.970s] -- Symlinking: /home/sergio/tiago_simulator2_ws/install/aws_robomaker_bookstore_world/share/aws_robomaker_bookstore_world/models/aws_robomaker_retail_BookshelfB_01/model.config
[5.987s] -- Symlinking: /home/sergio/tiago_simulator2_ws/install/aws_robomaker_bookstore_world/share/aws_robomaker_bookstore_world/models/aws_robomaker_retail_BookshelfB_01/model.sdf
[5.999s] -- Symlinking: /home/sergio/tiago_simulator2_ws/install/aws_robomaker_bookstore_world/share/aws_robomaker_bookstore_world/models/aws_robomaker_retail_BookshelfC_01/materials/textures/aws_BookshelfC_01.png
[6.015s] -- Symlinking: /home/sergio/tiago_simulator2_ws/install/aws_robomaker_bookstore_world/share/aws_robomaker_bookstore_world/models/aws_robomaker_retail_BookshelfC_01/meshes/aws_BookshelfC_01_collision.DAE
[6.031s] -- Symlinking: /home/sergio/tiago_simulator2_ws/install/aws_robomaker_bookstore_world/share/aws_robomaker_bookstore_world/models/aws_robomaker_retail_BookshelfC_01/meshes/aws_BookshelfC_01_visual.DAE
[6.047s] -- Symlinking: /home/sergio/tiago_simulator2_ws/install/aws_robomaker_bookstore_world/share/aws_robomaker_bookstore_world/models/aws_robomaker_retail_BookshelfC_01/model.config
[6.060s] -- Symlinking: /home/sergio/tiago_simulator2_ws/install/aws_robomaker_bookstore_world/share/aws_robomaker_bookstore_world/models/aws_robomaker_retail_BookshelfC_01/model.sdf
[6.073s] -- Symlinking: /home/sergio/tiago_simulator2_ws/install/aws_robomaker_bookstore_world/share/aws_robomaker_bookstore_world/models/aws_robomaker_retail_BookstoreLogo_01/materials/textures/aws_BookstoreLogo_01.png
[6.086s] -- Symlinking: /home/sergio/tiago_simulator2_ws/install/aws_robomaker_bookstore_world/share/aws_robomaker_bookstore_world/models/aws_robomaker_retail_BookstoreLogo_01/meshes/aws_BookstoreLogo_01_collision.DAE
[6.097s] -- Symlinking: /home/sergio/tiago_simulator2_ws/install/aws_robomaker_bookstore_world/share/aws_robomaker_bookstore_world/models/aws_robomaker_retail_BookstoreLogo_01/meshes/aws_BookstoreLogo_01_visual.DAE
[6.114s] -- Symlinking: /home/sergio/tiago_simulator2_ws/install/aws_robomaker_bookstore_world/share/aws_robomaker_bookstore_world/models/aws_robomaker_retail_BookstoreLogo_01/model.config
[6.126s] -- Symlinking: /home/sergio/tiago_simulator2_ws/install/aws_robomaker_bookstore_world/share/aws_robomaker_bookstore_world/models/aws_robomaker_retail_BookstoreLogo_01/model.sdf
[6.142s] -- Symlinking: /home/sergio/tiago_simulator2_ws/install/aws_robomaker_bookstore_world/share/aws_robomaker_bookstore_world/models/aws_robomaker_retail_ChairB_01/materials/textures/aws_ChairB_01.png
[6.156s] -- Symlinking: /home/sergio/tiago_simulator2_ws/install/aws_robomaker_bookstore_world/share/aws_robomaker_bookstore_world/models/aws_robomaker_retail_ChairB_01/meshes/aws_ChairB_01_collision.DAE
[6.172s] -- Symlinking: /home/sergio/tiago_simulator2_ws/install/aws_robomaker_bookstore_world/share/aws_robomaker_bookstore_world/models/aws_robomaker_retail_ChairB_01/meshes/aws_ChairB_01_visual.DAE
[6.190s] -- Symlinking: /home/sergio/tiago_simulator2_ws/install/aws_robomaker_bookstore_world/share/aws_robomaker_bookstore_world/models/aws_robomaker_retail_ChairB_01/model.config
[6.204s] -- Symlinking: /home/sergio/tiago_simulator2_ws/install/aws_robomaker_bookstore_world/share/aws_robomaker_bookstore_world/models/aws_robomaker_retail_ChairB_01/model.sdf
[6.222s] -- Symlinking: /home/sergio/tiago_simulator2_ws/install/aws_robomaker_bookstore_world/share/aws_robomaker_bookstore_world/models/aws_robomaker_retail_ColumnA_01/materials/textures/aws_ColumnA_01.png
[6.237s] -- Symlinking: /home/sergio/tiago_simulator2_ws/install/aws_robomaker_bookstore_world/share/aws_robomaker_bookstore_world/models/aws_robomaker_retail_ColumnA_01/meshes/aws_ColumnA_01_collision.DAE
[6.254s] -- Symlinking: /home/sergio/tiago_simulator2_ws/install/aws_robomaker_bookstore_world/share/aws_robomaker_bookstore_world/models/aws_robomaker_retail_ColumnA_01/meshes/aws_ColumnA_01_visual.DAE
[6.270s] -- Symlinking: /home/sergio/tiago_simulator2_ws/install/aws_robomaker_bookstore_world/share/aws_robomaker_bookstore_world/models/aws_robomaker_retail_ColumnA_01/model.config
[6.286s] -- Symlinking: /home/sergio/tiago_simulator2_ws/install/aws_robomaker_bookstore_world/share/aws_robomaker_bookstore_world/models/aws_robomaker_retail_ColumnA_01/model.sdf
[6.303s] -- Symlinking: /home/sergio/tiago_simulator2_ws/install/aws_robomaker_bookstore_world/share/aws_robomaker_bookstore_world/models/aws_robomaker_retail_ColumnB_01/materials/textures/aws_ColumnB_01.png
[6.319s] -- Symlinking: /home/sergio/tiago_simulator2_ws/install/aws_robomaker_bookstore_world/share/aws_robomaker_bookstore_world/models/aws_robomaker_retail_ColumnB_01/meshes/aws_ColumnB_01_collision.DAE
[6.336s] -- Symlinking: /home/sergio/tiago_simulator2_ws/install/aws_robomaker_bookstore_world/share/aws_robomaker_bookstore_world/models/aws_robomaker_retail_ColumnB_01/meshes/aws_ColumnB_01_visual.DAE
[6.353s] -- Symlinking: /home/sergio/tiago_simulator2_ws/install/aws_robomaker_bookstore_world/share/aws_robomaker_bookstore_world/models/aws_robomaker_retail_ColumnB_01/model.config
[6.369s] -- Symlinking: /home/sergio/tiago_simulator2_ws/install/aws_robomaker_bookstore_world/share/aws_robomaker_bookstore_world/models/aws_robomaker_retail_ColumnB_01/model.sdf
[6.386s] -- Symlinking: /home/sergio/tiago_simulator2_ws/install/aws_robomaker_bookstore_world/share/aws_robomaker_bookstore_world/models/aws_robomaker_retail_Computer_01/materials/textures/aws_Computer_01.png
[6.402s] -- Symlinking: /home/sergio/tiago_simulator2_ws/install/aws_robomaker_bookstore_world/share/aws_robomaker_bookstore_world/models/aws_robomaker_retail_Computer_01/meshes/aws_Computer_01_collision.DAE
[6.418s] -- Symlinking: /home/sergio/tiago_simulator2_ws/install/aws_robomaker_bookstore_world/share/aws_robomaker_bookstore_world/models/aws_robomaker_retail_Computer_01/meshes/aws_Computer_01_visual.DAE
[6.435s] -- Symlinking: /home/sergio/tiago_simulator2_ws/install/aws_robomaker_bookstore_world/share/aws_robomaker_bookstore_world/models/aws_robomaker_retail_Computer_01/model.config
[6.453s] -- Symlinking: /home/sergio/tiago_simulator2_ws/install/aws_robomaker_bookstore_world/share/aws_robomaker_bookstore_world/models/aws_robomaker_retail_Computer_01/model.sdf
[6.470s] -- Symlinking: /home/sergio/tiago_simulator2_ws/install/aws_robomaker_bookstore_world/share/aws_robomaker_bookstore_world/models/aws_robomaker_retail_DeskA_01/materials/textures/aws_DeskA_01.png
[6.484s] -- Symlinking: /home/sergio/tiago_simulator2_ws/install/aws_robomaker_bookstore_world/share/aws_robomaker_bookstore_world/models/aws_robomaker_retail_DeskA_01/materials/textures/aws_DeskA_02.png
[6.499s] -- Symlinking: /home/sergio/tiago_simulator2_ws/install/aws_robomaker_bookstore_world/share/aws_robomaker_bookstore_world/models/aws_robomaker_retail_DeskA_01/materials/textures/aws_DeskA_03.png
[6.516s] -- Symlinking: /home/sergio/tiago_simulator2_ws/install/aws_robomaker_bookstore_world/share/aws_robomaker_bookstore_world/models/aws_robomaker_retail_DeskA_01/meshes/aws_DeskA_01_collision.DAE
[6.533s] -- Symlinking: /home/sergio/tiago_simulator2_ws/install/aws_robomaker_bookstore_world/share/aws_robomaker_bookstore_world/models/aws_robomaker_retail_DeskA_01/meshes/aws_DeskA_01_visual.DAE
[6.550s] -- Symlinking: /home/sergio/tiago_simulator2_ws/install/aws_robomaker_bookstore_world/share/aws_robomaker_bookstore_world/models/aws_robomaker_retail_DeskA_01/model.config
[6.563s] -- Symlinking: /home/sergio/tiago_simulator2_ws/install/aws_robomaker_bookstore_world/share/aws_robomaker_bookstore_world/models/aws_robomaker_retail_DeskA_01/model.sdf
[6.580s] -- Symlinking: /home/sergio/tiago_simulator2_ws/install/aws_robomaker_bookstore_world/share/aws_robomaker_bookstore_world/models/aws_robomaker_retail_DeskB_01/materials/textures/aws_DeskB_01.png
[6.596s] -- Symlinking: /home/sergio/tiago_simulator2_ws/install/aws_robomaker_bookstore_world/share/aws_robomaker_bookstore_world/models/aws_robomaker_retail_DeskB_01/meshes/aws_DeskB_01_collision.DAE
[6.614s] -- Symlinking: /home/sergio/tiago_simulator2_ws/install/aws_robomaker_bookstore_world/share/aws_robomaker_bookstore_world/models/aws_robomaker_retail_DeskB_01/meshes/aws_DeskB_01_visual.DAE
[6.627s] -- Symlinking: /home/sergio/tiago_simulator2_ws/install/aws_robomaker_bookstore_world/share/aws_robomaker_bookstore_world/models/aws_robomaker_retail_DeskB_01/model.config
[6.641s] -- Symlinking: /home/sergio/tiago_simulator2_ws/install/aws_robomaker_bookstore_world/share/aws_robomaker_bookstore_world/models/aws_robomaker_retail_DeskB_01/model.sdf
[6.658s] -- Symlinking: /home/sergio/tiago_simulator2_ws/install/aws_robomaker_bookstore_world/share/aws_robomaker_bookstore_world/models/aws_robomaker_retail_DoorB_01/materials/textures/aws_DoorB_01.png
[6.676s] -- Symlinking: /home/sergio/tiago_simulator2_ws/install/aws_robomaker_bookstore_world/share/aws_robomaker_bookstore_world/models/aws_robomaker_retail_DoorB_01/meshes/aws_DoorB_01_collision.DAE
[6.693s] -- Symlinking: /home/sergio/tiago_simulator2_ws/install/aws_robomaker_bookstore_world/share/aws_robomaker_bookstore_world/models/aws_robomaker_retail_DoorB_01/meshes/aws_DoorB_01_visual.DAE
[6.710s] -- Symlinking: /home/sergio/tiago_simulator2_ws/install/aws_robomaker_bookstore_world/share/aws_robomaker_bookstore_world/models/aws_robomaker_retail_DoorB_01/model.config
[6.728s] -- Symlinking: /home/sergio/tiago_simulator2_ws/install/aws_robomaker_bookstore_world/share/aws_robomaker_bookstore_world/models/aws_robomaker_retail_DoorB_01/model.sdf
[6.744s] -- Symlinking: /home/sergio/tiago_simulator2_ws/install/aws_robomaker_bookstore_world/share/aws_robomaker_bookstore_world/models/aws_robomaker_retail_Holder_01/materials/textures/aws_Holder_01.png
[6.760s] -- Symlinking: /home/sergio/tiago_simulator2_ws/install/aws_robomaker_bookstore_world/share/aws_robomaker_bookstore_world/models/aws_robomaker_retail_Holder_01/meshes/aws_Holder_01_collision.DAE
[6.777s] -- Symlinking: /home/sergio/tiago_simulator2_ws/install/aws_robomaker_bookstore_world/share/aws_robomaker_bookstore_world/models/aws_robomaker_retail_Holder_01/meshes/aws_Holder_01_visual.DAE
[6.806s] -- Symlinking: /home/sergio/tiago_simulator2_ws/install/aws_robomaker_bookstore_world/share/aws_robomaker_bookstore_world/models/aws_robomaker_retail_Holder_01/model.config
[6.825s] -- Symlinking: /home/sergio/tiago_simulator2_ws/install/aws_robomaker_bookstore_world/share/aws_robomaker_bookstore_world/models/aws_robomaker_retail_Holder_01/model.sdf
[6.840s] -- Symlinking: /home/sergio/tiago_simulator2_ws/install/aws_robomaker_bookstore_world/share/aws_robomaker_bookstore_world/models/aws_robomaker_retail_Horologe_01/materials/textures/aws_Horologe_01.png
[6.858s] -- Symlinking: /home/sergio/tiago_simulator2_ws/install/aws_robomaker_bookstore_world/share/aws_robomaker_bookstore_world/models/aws_robomaker_retail_Horologe_01/meshes/aws_Horologe_01_collision.DAE
[6.875s] -- Symlinking: /home/sergio/tiago_simulator2_ws/install/aws_robomaker_bookstore_world/share/aws_robomaker_bookstore_world/models/aws_robomaker_retail_Horologe_01/meshes/aws_Horologe_01_visual.DAE
[6.890s] -- Symlinking: /home/sergio/tiago_simulator2_ws/install/aws_robomaker_bookstore_world/share/aws_robomaker_bookstore_world/models/aws_robomaker_retail_Horologe_01/model.config
[6.906s] -- Symlinking: /home/sergio/tiago_simulator2_ws/install/aws_robomaker_bookstore_world/share/aws_robomaker_bookstore_world/models/aws_robomaker_retail_Horologe_01/model.sdf
[6.919s] -- Symlinking: /home/sergio/tiago_simulator2_ws/install/aws_robomaker_bookstore_world/share/aws_robomaker_bookstore_world/models/aws_robomaker_retail_InfoDesk_01/materials/textures/aws_InfoDesk_01.png
[6.936s] -- Symlinking: /home/sergio/tiago_simulator2_ws/install/aws_robomaker_bookstore_world/share/aws_robomaker_bookstore_world/models/aws_robomaker_retail_InfoDesk_01/meshes/aws_InfoDesk_01_collision.DAE
[6.952s] -- Symlinking: /home/sergio/tiago_simulator2_ws/install/aws_robomaker_bookstore_world/share/aws_robomaker_bookstore_world/models/aws_robomaker_retail_InfoDesk_01/meshes/aws_InfoDesk_01_visual.DAE
[6.969s] -- Symlinking: /home/sergio/tiago_simulator2_ws/install/aws_robomaker_bookstore_world/share/aws_robomaker_bookstore_world/models/aws_robomaker_retail_InfoDesk_01/model.config
[6.985s] -- Symlinking: /home/sergio/tiago_simulator2_ws/install/aws_robomaker_bookstore_world/share/aws_robomaker_bookstore_world/models/aws_robomaker_retail_InfoDesk_01/model.sdf
[7.002s] -- Symlinking: /home/sergio/tiago_simulator2_ws/install/aws_robomaker_bookstore_world/share/aws_robomaker_bookstore_world/models/aws_robomaker_retail_LightA_01/materials/textures/aws_LightA_01.png
[7.017s] -- Symlinking: /home/sergio/tiago_simulator2_ws/install/aws_robomaker_bookstore_world/share/aws_robomaker_bookstore_world/models/aws_robomaker_retail_LightA_01/meshes/aws_LightA_01_collision.DAE
[7.037s] -- Symlinking: /home/sergio/tiago_simulator2_ws/install/aws_robomaker_bookstore_world/share/aws_robomaker_bookstore_world/models/aws_robomaker_retail_LightA_01/meshes/aws_LightA_01_visual.DAE
[7.052s] -- Symlinking: /home/sergio/tiago_simulator2_ws/install/aws_robomaker_bookstore_world/share/aws_robomaker_bookstore_world/models/aws_robomaker_retail_LightA_01/model.config
[7.069s] -- Symlinking: /home/sergio/tiago_simulator2_ws/install/aws_robomaker_bookstore_world/share/aws_robomaker_bookstore_world/models/aws_robomaker_retail_LightA_01/model.sdf
[7.087s] -- Symlinking: /home/sergio/tiago_simulator2_ws/install/aws_robomaker_bookstore_world/share/aws_robomaker_bookstore_world/models/aws_robomaker_retail_MagicCube_01/materials/textures/aws_MagicCube_01.png
[7.098s] -- Symlinking: /home/sergio/tiago_simulator2_ws/install/aws_robomaker_bookstore_world/share/aws_robomaker_bookstore_world/models/aws_robomaker_retail_MagicCube_01/meshes/aws_MagicCube_01_collision.DAE
[7.114s] -- Symlinking: /home/sergio/tiago_simulator2_ws/install/aws_robomaker_bookstore_world/share/aws_robomaker_bookstore_world/models/aws_robomaker_retail_MagicCube_01/meshes/aws_MagicCube_01_visual.DAE
[7.127s] -- Symlinking: /home/sergio/tiago_simulator2_ws/install/aws_robomaker_bookstore_world/share/aws_robomaker_bookstore_world/models/aws_robomaker_retail_MagicCube_01/model.config
[7.139s] -- Symlinking: /home/sergio/tiago_simulator2_ws/install/aws_robomaker_bookstore_world/share/aws_robomaker_bookstore_world/models/aws_robomaker_retail_MagicCube_01/model.sdf
[7.151s] -- Symlinking: /home/sergio/tiago_simulator2_ws/install/aws_robomaker_bookstore_world/share/aws_robomaker_bookstore_world/models/aws_robomaker_retail_RetailShopCeiling_01/materials/textures/aws_RetailShopCeiling_01.png
[7.164s] -- Symlinking: /home/sergio/tiago_simulator2_ws/install/aws_robomaker_bookstore_world/share/aws_robomaker_bookstore_world/models/aws_robomaker_retail_RetailShopCeiling_01/meshes/aws_RetailShopCeiling_01_collision.DAE
[7.177s] -- Symlinking: /home/sergio/tiago_simulator2_ws/install/aws_robomaker_bookstore_world/share/aws_robomaker_bookstore_world/models/aws_robomaker_retail_RetailShopCeiling_01/meshes/aws_RetailShopCeiling_01_visual.DAE
[7.190s] -- Symlinking: /home/sergio/tiago_simulator2_ws/install/aws_robomaker_bookstore_world/share/aws_robomaker_bookstore_world/models/aws_robomaker_retail_RetailShopCeiling_01/model.config
[7.202s] -- Symlinking: /home/sergio/tiago_simulator2_ws/install/aws_robomaker_bookstore_world/share/aws_robomaker_bookstore_world/models/aws_robomaker_retail_RetailShopCeiling_01/model.sdf
[7.214s] -- Symlinking: /home/sergio/tiago_simulator2_ws/install/aws_robomaker_bookstore_world/share/aws_robomaker_bookstore_world/models/aws_robomaker_retail_RetailShopFloor_01/materials/textures/aws_RetailShopFloor_01.png
[7.229s] -- Symlinking: /home/sergio/tiago_simulator2_ws/install/aws_robomaker_bookstore_world/share/aws_robomaker_bookstore_world/models/aws_robomaker_retail_RetailShopFloor_01/meshes/aws_RetailShopFloor_01_collision.DAE
[7.245s] -- Symlinking: /home/sergio/tiago_simulator2_ws/install/aws_robomaker_bookstore_world/share/aws_robomaker_bookstore_world/models/aws_robomaker_retail_RetailShopFloor_01/meshes/aws_RetailShopFloor_01_visual.DAE
[7.258s] -- Symlinking: /home/sergio/tiago_simulator2_ws/install/aws_robomaker_bookstore_world/share/aws_robomaker_bookstore_world/models/aws_robomaker_retail_RetailShopFloor_01/model.config
[7.269s] -- Symlinking: /home/sergio/tiago_simulator2_ws/install/aws_robomaker_bookstore_world/share/aws_robomaker_bookstore_world/models/aws_robomaker_retail_RetailShopFloor_01/model.sdf
[7.283s] -- Symlinking: /home/sergio/tiago_simulator2_ws/install/aws_robomaker_bookstore_world/share/aws_robomaker_bookstore_world/models/aws_robomaker_retail_RetailShopWall_01/materials/textures/aws_RetailShopWall_01.png
[7.295s] -- Symlinking: /home/sergio/tiago_simulator2_ws/install/aws_robomaker_bookstore_world/share/aws_robomaker_bookstore_world/models/aws_robomaker_retail_RetailShopWall_01/meshes/aws_RetailShopWall_01_collision.DAE
[7.308s] -- Symlinking: /home/sergio/tiago_simulator2_ws/install/aws_robomaker_bookstore_world/share/aws_robomaker_bookstore_world/models/aws_robomaker_retail_RetailShopWall_01/meshes/aws_RetailShopWall_01_visual.DAE
[7.319s] -- Symlinking: /home/sergio/tiago_simulator2_ws/install/aws_robomaker_bookstore_world/share/aws_robomaker_bookstore_world/models/aws_robomaker_retail_RetailShopWall_01/model.config
[7.332s] -- Symlinking: /home/sergio/tiago_simulator2_ws/install/aws_robomaker_bookstore_world/share/aws_robomaker_bookstore_world/models/aws_robomaker_retail_RetailShopWall_01/model.sdf
[7.345s] -- Symlinking: /home/sergio/tiago_simulator2_ws/install/aws_robomaker_bookstore_world/share/aws_robomaker_bookstore_world/models/aws_robomaker_retail_SecurityCamera_01/materials/textures/aws_SecurityCamera_01.png
[7.357s] -- Symlinking: /home/sergio/tiago_simulator2_ws/install/aws_robomaker_bookstore_world/share/aws_robomaker_bookstore_world/models/aws_robomaker_retail_SecurityCamera_01/meshes/aws_SecurityCamera_01_collision.DAE
[7.368s] -- Symlinking: /home/sergio/tiago_simulator2_ws/install/aws_robomaker_bookstore_world/share/aws_robomaker_bookstore_world/models/aws_robomaker_retail_SecurityCamera_01/meshes/aws_SecurityCamera_01_visual.DAE
[7.381s] -- Symlinking: /home/sergio/tiago_simulator2_ws/install/aws_robomaker_bookstore_world/share/aws_robomaker_bookstore_world/models/aws_robomaker_retail_SecurityCamera_01/model.config
[7.394s] -- Symlinking: /home/sergio/tiago_simulator2_ws/install/aws_robomaker_bookstore_world/share/aws_robomaker_bookstore_world/models/aws_robomaker_retail_SecurityCamera_01/model.sdf
[7.407s] -- Symlinking: /home/sergio/tiago_simulator2_ws/install/aws_robomaker_bookstore_world/share/aws_robomaker_bookstore_world/models/aws_robomaker_retail_ShopWindow_01/materials/textures/aws_ShopWindow_01.png
[7.420s] -- Symlinking: /home/sergio/tiago_simulator2_ws/install/aws_robomaker_bookstore_world/share/aws_robomaker_bookstore_world/models/aws_robomaker_retail_ShopWindow_01/meshes/aws_ShopWindow_01_collision.DAE
[7.433s] -- Symlinking: /home/sergio/tiago_simulator2_ws/install/aws_robomaker_bookstore_world/share/aws_robomaker_bookstore_world/models/aws_robomaker_retail_ShopWindow_01/meshes/aws_ShopWindow_01_visual.DAE
[7.445s] -- Symlinking: /home/sergio/tiago_simulator2_ws/install/aws_robomaker_bookstore_world/share/aws_robomaker_bookstore_world/models/aws_robomaker_retail_ShopWindow_01/model.config
[7.457s] -- Symlinking: /home/sergio/tiago_simulator2_ws/install/aws_robomaker_bookstore_world/share/aws_robomaker_bookstore_world/models/aws_robomaker_retail_ShopWindow_01/model.sdf
[7.469s] -- Symlinking: /home/sergio/tiago_simulator2_ws/install/aws_robomaker_bookstore_world/share/aws_robomaker_bookstore_world/models/aws_robomaker_retail_SmartSpeakerSmall_01/materials/textures/aws_SmartSpeakerSmall_01.png
[7.481s] -- Symlinking: /home/sergio/tiago_simulator2_ws/install/aws_robomaker_bookstore_world/share/aws_robomaker_bookstore_world/models/aws_robomaker_retail_SmartSpeakerSmall_01/meshes/aws_SmartSpeakerSmall_01_collision.DAE
[7.494s] -- Symlinking: /home/sergio/tiago_simulator2_ws/install/aws_robomaker_bookstore_world/share/aws_robomaker_bookstore_world/models/aws_robomaker_retail_SmartSpeakerSmall_01/meshes/aws_SmartSpeakerSmall_01_visual.DAE
[7.507s] -- Symlinking: /home/sergio/tiago_simulator2_ws/install/aws_robomaker_bookstore_world/share/aws_robomaker_bookstore_world/models/aws_robomaker_retail_SmartSpeakerSmall_01/model.config
[7.519s] -- Symlinking: /home/sergio/tiago_simulator2_ws/install/aws_robomaker_bookstore_world/share/aws_robomaker_bookstore_world/models/aws_robomaker_retail_SmartSpeakerSmall_01/model.sdf
[7.532s] -- Symlinking: /home/sergio/tiago_simulator2_ws/install/aws_robomaker_bookstore_world/share/aws_robomaker_bookstore_world/models/aws_robomaker_retail_SmartSpeakerTall_01/materials/textures/aws_SmartSpeakerTall_01.png
[7.545s] -- Symlinking: /home/sergio/tiago_simulator2_ws/install/aws_robomaker_bookstore_world/share/aws_robomaker_bookstore_world/models/aws_robomaker_retail_SmartSpeakerTall_01/meshes/aws_SmartSpeakerTall_01_collision.DAE
[7.559s] -- Symlinking: /home/sergio/tiago_simulator2_ws/install/aws_robomaker_bookstore_world/share/aws_robomaker_bookstore_world/models/aws_robomaker_retail_SmartSpeakerTall_01/meshes/aws_SmartSpeakerTall_01_visual.DAE
[7.572s] -- Symlinking: /home/sergio/tiago_simulator2_ws/install/aws_robomaker_bookstore_world/share/aws_robomaker_bookstore_world/models/aws_robomaker_retail_SmartSpeakerTall_01/model.config
[7.583s] -- Symlinking: /home/sergio/tiago_simulator2_ws/install/aws_robomaker_bookstore_world/share/aws_robomaker_bookstore_world/models/aws_robomaker_retail_SmartSpeakerTall_01/model.sdf
[7.595s] -- Symlinking: /home/sergio/tiago_simulator2_ws/install/aws_robomaker_bookstore_world/share/aws_robomaker_bookstore_world/models/aws_robomaker_retail_Spotlight_01/materials/textures/aws_SpotlightDiffuse_01.png
[7.607s] -- Symlinking: /home/sergio/tiago_simulator2_ws/install/aws_robomaker_bookstore_world/share/aws_robomaker_bookstore_world/models/aws_robomaker_retail_Spotlight_01/meshes/aws_spotlight_01_collision.DAE
[7.619s] -- Symlinking: /home/sergio/tiago_simulator2_ws/install/aws_robomaker_bookstore_world/share/aws_robomaker_bookstore_world/models/aws_robomaker_retail_Spotlight_01/meshes/aws_spotlight_01_visual.DAE
[7.631s] -- Symlinking: /home/sergio/tiago_simulator2_ws/install/aws_robomaker_bookstore_world/share/aws_robomaker_bookstore_world/models/aws_robomaker_retail_Spotlight_01/model.config
[7.644s] -- Symlinking: /home/sergio/tiago_simulator2_ws/install/aws_robomaker_bookstore_world/share/aws_robomaker_bookstore_world/models/aws_robomaker_retail_Spotlight_01/model.sdf
[7.656s] -- Symlinking: /home/sergio/tiago_simulator2_ws/install/aws_robomaker_bookstore_world/share/aws_robomaker_bookstore_world/models/aws_robomaker_retail_TabletB_01/materials/textures/aws_TabletB_01.png
[7.668s] -- Symlinking: /home/sergio/tiago_simulator2_ws/install/aws_robomaker_bookstore_world/share/aws_robomaker_bookstore_world/models/aws_robomaker_retail_TabletB_01/meshes/aws_TabletB_01_collision.DAE
[7.679s] -- Symlinking: /home/sergio/tiago_simulator2_ws/install/aws_robomaker_bookstore_world/share/aws_robomaker_bookstore_world/models/aws_robomaker_retail_TabletB_01/meshes/aws_TabletB_01_visual.DAE
[7.692s] -- Symlinking: /home/sergio/tiago_simulator2_ws/install/aws_robomaker_bookstore_world/share/aws_robomaker_bookstore_world/models/aws_robomaker_retail_TabletB_01/model.config
[7.704s] -- Symlinking: /home/sergio/tiago_simulator2_ws/install/aws_robomaker_bookstore_world/share/aws_robomaker_bookstore_world/models/aws_robomaker_retail_TabletB_01/model.sdf
[7.715s] -- Symlinking: /home/sergio/tiago_simulator2_ws/install/aws_robomaker_bookstore_world/share/aws_robomaker_bookstore_world/models/aws_robomaker_retail_Tablet_01/materials/textures/aws_Tablet_01_nologo.png
[7.728s] -- Symlinking: /home/sergio/tiago_simulator2_ws/install/aws_robomaker_bookstore_world/share/aws_robomaker_bookstore_world/models/aws_robomaker_retail_Tablet_01/meshes/aws_Tablet_01_collision.DAE
[7.740s] -- Symlinking: /home/sergio/tiago_simulator2_ws/install/aws_robomaker_bookstore_world/share/aws_robomaker_bookstore_world/models/aws_robomaker_retail_Tablet_01/meshes/aws_Tablet_01_visual.DAE
[7.751s] -- Symlinking: /home/sergio/tiago_simulator2_ws/install/aws_robomaker_bookstore_world/share/aws_robomaker_bookstore_world/models/aws_robomaker_retail_Tablet_01/model.config
[7.763s] -- Symlinking: /home/sergio/tiago_simulator2_ws/install/aws_robomaker_bookstore_world/share/aws_robomaker_bookstore_world/models/aws_robomaker_retail_Tablet_01/model.sdf
[7.776s] -- Symlinking: /home/sergio/tiago_simulator2_ws/install/aws_robomaker_bookstore_world/share/aws_robomaker_bookstore_world/routes/route.yaml
[7.788s] -- Symlinking: /home/sergio/tiago_simulator2_ws/install/aws_robomaker_bookstore_world/share/aws_robomaker_bookstore_world/param/burger.yaml
[7.799s] -- Symlinking: /home/sergio/tiago_simulator2_ws/install/aws_robomaker_bookstore_world/share/aws_robomaker_bookstore_world/param/waffle.yaml
[7.811s] -- Symlinking: /home/sergio/tiago_simulator2_ws/install/aws_robomaker_bookstore_world/share/aws_robomaker_bookstore_world/param/waffle_pi.yaml
[7.823s] -- Symlinking: /home/sergio/tiago_simulator2_ws/install/aws_robomaker_bookstore_world/share/aws_robomaker_bookstore_world/worlds/bookstore.world
[7.835s] -- Symlinking: /home/sergio/tiago_simulator2_ws/install/aws_robomaker_bookstore_world/share/ament_index/resource_index/package_run_dependencies/aws_robomaker_bookstore_world
[7.847s] -- Symlinking: /home/sergio/tiago_simulator2_ws/install/aws_robomaker_bookstore_world/share/ament_index/resource_index/parent_prefix_path/aws_robomaker_bookstore_world
[7.860s] -- Symlinking: /home/sergio/tiago_simulator2_ws/install/aws_robomaker_bookstore_world/share/aws_robomaker_bookstore_world/environment/ament_prefix_path.sh
[7.872s] -- Symlinking: /home/sergio/tiago_simulator2_ws/install/aws_robomaker_bookstore_world/share/aws_robomaker_bookstore_world/environment/ament_prefix_path.dsv
[7.884s] -- Symlinking: /home/sergio/tiago_simulator2_ws/install/aws_robomaker_bookstore_world/share/aws_robomaker_bookstore_world/environment/path.sh
[7.897s] -- Symlinking: /home/sergio/tiago_simulator2_ws/install/aws_robomaker_bookstore_world/share/aws_robomaker_bookstore_world/environment/path.dsv
[7.910s] -- Symlinking: /home/sergio/tiago_simulator2_ws/install/aws_robomaker_bookstore_world/share/aws_robomaker_bookstore_world/local_setup.bash
[7.923s] -- Symlinking: /home/sergio/tiago_simulator2_ws/install/aws_robomaker_bookstore_world/share/aws_robomaker_bookstore_world/local_setup.sh
[7.935s] -- Symlinking: /home/sergio/tiago_simulator2_ws/install/aws_robomaker_bookstore_world/share/aws_robomaker_bookstore_world/local_setup.zsh
[7.946s] -- Symlinking: /home/sergio/tiago_simulator2_ws/install/aws_robomaker_bookstore_world/share/aws_robomaker_bookstore_world/local_setup.dsv
[7.958s] -- Symlinking: /home/sergio/tiago_simulator2_ws/install/aws_robomaker_bookstore_world/share/aws_robomaker_bookstore_world/package.dsv
[7.970s] -- Symlinking: /home/sergio/tiago_simulator2_ws/install/aws_robomaker_bookstore_world/share/ament_index/resource_index/packages/aws_robomaker_bookstore_world
[7.981s] -- Symlinking: /home/sergio/tiago_simulator2_ws/install/aws_robomaker_bookstore_world/share/aws_robomaker_bookstore_world/cmake/ament_cmake_export_dependencies-extras.cmake
[7.992s] -- Symlinking: /home/sergio/tiago_simulator2_ws/install/aws_robomaker_bookstore_world/share/aws_robomaker_bookstore_world/cmake/aws_robomaker_bookstore_worldConfig.cmake
[8.004s] -- Symlinking: /home/sergio/tiago_simulator2_ws/install/aws_robomaker_bookstore_world/share/aws_robomaker_bookstore_world/cmake/aws_robomaker_bookstore_worldConfig-version.cmake
[8.015s] -- Symlinking: /home/sergio/tiago_simulator2_ws/install/aws_robomaker_bookstore_world/share/aws_robomaker_bookstore_world/package.xml
[8.030s] Invoked command in '/home/sergio/tiago_simulator2_ws/build/aws_robomaker_bookstore_world' returned '0': CMAKE_PREFIX_PATH=${CMAKE_PREFIX_PATH}:/home/sergio/tiago_simulator_ws/install/waypoint_navigation:/home/sergio/tiago_simulator_ws/install/sound_recognition:/opt/ros/humble /usr/bin/cmake --install /home/sergio/tiago_simulator2_ws/build/aws_robomaker_bookstore_world
