[0.048s] Invoking command in '/home/sergio/tiago_simulator2_ws/build/aws_robomaker_racetrack_world': CMAKE_PREFIX_PATH=${CMAKE_PREFIX_PATH}:/home/sergio/tiago_simulator_ws/install/waypoint_navigation:/home/sergio/tiago_simulator_ws/install/sound_recognition:/opt/ros/humble /usr/bin/cmake /home/sergio/tiago_simulator2_ws/src/ThirdParty/aws-robomaker-racetrack-world -DBUILD_TESTING=OFF -DAMENT_CMAKE_SYMLINK_INSTALL=1 -DCMAKE_INSTALL_PREFIX=/home/sergio/tiago_simulator2_ws/install/aws_robomaker_racetrack_world
[0.308s] -- The C compiler identification is GNU 11.4.0
[0.490s] -- The CXX compiler identification is GNU 11.4.0
[0.503s] -- Detecting C compiler ABI info
[0.630s] -- Detecting C compiler ABI info - done
[0.644s] -- Check for working C compiler: /usr/bin/cc - skipped
[0.644s] -- Detecting C compile features
[0.645s] -- Detecting C compile features - done
[0.651s] -- Detecting CXX compiler ABI info
[0.808s] -- Detecting CXX compiler ABI info - done
[0.825s] -- Check for working CXX compiler: /usr/bin/c++ - skipped
[0.826s] -- Detecting CXX compile features
[0.826s] -- Detecting CXX compile features - done
[0.832s] -- Found ament_cmake: 1.3.8 (/opt/ros/humble/share/ament_cmake/cmake)
[1.150s] -- Found Python3: /usr/bin/python3 (found version "3.10.12") found components: Interpreter 
[1.292s] -- Override CMake install command with custom implementation using symlinks instead of copying resources
[1.384s] -- Found gazebo_ros: 3.7.0 (/opt/ros/humble/share/gazebo_ros/cmake)
[1.513s] -- Found rosidl_generator_c: 3.1.5 (/opt/ros/humble/share/rosidl_generator_c/cmake)
[1.530s] -- Found rosidl_adapter: 3.1.5 (/opt/ros/humble/share/rosidl_adapter/cmake)
[1.555s] -- Found rosidl_generator_cpp: 3.1.5 (/opt/ros/humble/share/rosidl_generator_cpp/cmake)
[1.594s] -- Using all available rosidl_typesupport_c: rosidl_typesupport_fastrtps_c;rosidl_typesupport_introspection_c
[1.651s] -- Using all available rosidl_typesupport_cpp: rosidl_typesupport_fastrtps_cpp;rosidl_typesupport_introspection_cpp
[1.840s] -- Found rmw_implementation_cmake: 6.1.1 (/opt/ros/humble/share/rmw_implementation_cmake/cmake)
[1.846s] -- Found rmw_fastrtps_cpp: 6.2.6 (/opt/ros/humble/share/rmw_fastrtps_cpp/cmake)
[2.011s] -- Found OpenSSL: /usr/lib/x86_64-linux-gnu/libcrypto.so (found version "3.0.2")  
[2.063s] -- Found FastRTPS: /opt/ros/humble/include  
[2.146s] -- Using RMW implementation 'rmw_fastrtps_cpp' as default
[2.166s] -- Looking for pthread.h
[2.289s] -- Looking for pthread.h - found
[2.289s] -- Performing Test CMAKE_HAVE_LIBC_PTHREAD
[2.417s] -- Performing Test CMAKE_HAVE_LIBC_PTHREAD - Success
[2.419s] -- Found Threads: TRUE  
[2.860s] -- Found PkgConfig: /usr/bin/pkg-config (found version "0.29.2") 
[2.863s] -- Checking for module 'bullet>=2.82'
[2.884s] --   Found bullet, version 3.05
[3.067s] -- Found fcl: /usr/include (found suitable version "0.7.0", minimum required is "0.5.0") 
[3.146s] -- Found assimp: /usr/include (found version "5.2.0") 
[3.181s] -- Found DART: /usr/include (Required is at least version "6.6") found components: dart 
[3.249s] -- Found Boost: /usr/lib/x86_64-linux-gnu/cmake/Boost-1.74.0/BoostConfig.cmake (found suitable version "1.74.0", minimum required is "1.40.0") found components: thread system filesystem program_options regex iostreams date_time 
[3.284s] -- Found Protobuf: /usr/lib/x86_64-linux-gnu/libprotobuf.so (found version "3.12.4") 
[3.296s] -- Looking for ignition-math6 -- found version 6.15.1
[3.307s] -- Searching for dependencies of ignition-math6
[3.310s] -- Looking for OGRE...
[3.310s] -- OGRE_PREFIX_WATCH changed.
[3.318s] -- Checking for module 'OGRE'
[3.341s] --   Found OGRE, version 1.9.0
[3.394s] -- Found Ogre Ghadamon (1.9.0)
[3.413s] -- Found OGRE: optimized;/usr/lib/x86_64-linux-gnu/libOgreMain.so;debug;/usr/lib/x86_64-linux-gnu/libOgreMain.so
[3.430s] -- Looking for OGRE_Paging...
[3.448s] -- Found OGRE_Paging: optimized;/usr/lib/x86_64-linux-gnu/libOgrePaging.so;debug;/usr/lib/x86_64-linux-gnu/libOgrePaging.so
[3.448s] -- Looking for OGRE_Terrain...
[3.466s] -- Found OGRE_Terrain: optimized;/usr/lib/x86_64-linux-gnu/libOgreTerrain.so;debug;/usr/lib/x86_64-linux-gnu/libOgreTerrain.so
[3.466s] -- Looking for OGRE_Property...
[3.483s] -- Found OGRE_Property: optimized;/usr/lib/x86_64-linux-gnu/libOgreProperty.so;debug;/usr/lib/x86_64-linux-gnu/libOgreProperty.so
[3.483s] -- Looking for OGRE_RTShaderSystem...
[3.499s] -- Found OGRE_RTShaderSystem: optimized;/usr/lib/x86_64-linux-gnu/libOgreRTShaderSystem.so;debug;/usr/lib/x86_64-linux-gnu/libOgreRTShaderSystem.so
[3.499s] -- Looking for OGRE_Volume...
[3.516s] -- Found OGRE_Volume: optimized;/usr/lib/x86_64-linux-gnu/libOgreVolume.so;debug;/usr/lib/x86_64-linux-gnu/libOgreVolume.so
[3.516s] -- Looking for OGRE_Overlay...
[3.532s] -- Found OGRE_Overlay: optimized;/usr/lib/x86_64-linux-gnu/libOgreOverlay.so;debug;/usr/lib/x86_64-linux-gnu/libOgreOverlay.so
[3.888s] -- Looking for ignition-math6 -- found version 6.15.1
[3.894s] -- Looking for ignition-transport8 -- found version 8.2.1
[3.895s] -- Searching for dependencies of ignition-transport8
[3.928s] -- Found Protobuf: /usr/lib/x86_64-linux-gnu/libprotobuf.so (found suitable version "3.12.4", minimum required is "3") 
[3.950s] -- Config-file not installed for ZeroMQ -- checking for pkg-config
[3.960s] -- Checking for module 'libzmq >= 4'
[3.983s] --   Found libzmq , version 4.3.4
[4.046s] -- Found ZeroMQ: TRUE (Required is at least version "4") 
[4.055s] -- Checking for module 'uuid'
[4.076s] --   Found uuid, version 2.37.2
[4.129s] -- Found UUID: TRUE  
[4.135s] -- Looking for ignition-msgs5 -- found version 5.8.1
[4.135s] -- Searching for dependencies of ignition-msgs5
[4.169s] -- Looking for ignition-math6 -- found version 6.15.1
[4.177s] -- Checking for module 'tinyxml2'
[4.199s] --   Found tinyxml2, version 9.0.0
[4.254s] -- Looking for ignition-msgs5 -- found version 5.8.1
[4.259s] -- Looking for ignition-common3 -- found version 3.14.0
[4.260s] -- Searching for dependencies of ignition-common3
[4.261s] -- Looking for dlfcn.h - found
[4.263s] -- Looking for libdl - found
[4.265s] -- Found DL: TRUE  
[4.286s] -- Found tinyobjloader: /usr/lib/x86_64-linux-gnu/cmake/tinyobjloader/tinyobjloader-config.cmake (found version "2.0.0") 
[4.287s] -- Searching for <ignition-common3> component [graphics]
[4.292s] -- Looking for ignition-common3-graphics -- found version 3.14.0
[4.293s] -- Searching for dependencies of ignition-common3-graphics
[4.293s] -- Looking for ignition-math6 -- found version 6.15.1
[4.299s] -- Looking for ignition-fuel_tools4 -- found version 4.4.0
[4.300s] -- Searching for dependencies of ignition-fuel_tools4
[4.430s] -- Found CURL: /usr/lib/x86_64-linux-gnu/libcurl.so (found version "7.81.0")  
[4.447s] -- Checking for module 'jsoncpp'
[4.470s] --   Found jsoncpp, version 1.9.5
[4.524s] -- Found JSONCPP: TRUE  
[4.533s] -- Checking for module 'libzip'
[4.555s] --   Found libzip, version 1.7.3
[4.613s] -- Found ZIP: TRUE  
[4.614s] -- Looking for ignition-common3 -- found version 3.14.0
[4.615s] -- Looking for ignition-math6 -- found version 6.15.1
[4.616s] -- Looking for ignition-msgs5 -- found version 5.8.1
[4.624s] -- Gazebo version: 11.10
[4.625s] -- Checking for module 'tbb'
[4.645s] --   Found tbb, version 2021.5.0
[4.868s] -- Configuring done
[4.873s] -- Generating done
[4.878s] -- Build files have been written to: /home/sergio/tiago_simulator2_ws/build/aws_robomaker_racetrack_world
[4.909s] Invoked command in '/home/sergio/tiago_simulator2_ws/build/aws_robomaker_racetrack_world' returned '0': CMAKE_PREFIX_PATH=${CMAKE_PREFIX_PATH}:/home/sergio/tiago_simulator_ws/install/waypoint_navigation:/home/sergio/tiago_simulator_ws/install/sound_recognition:/opt/ros/humble /usr/bin/cmake /home/sergio/tiago_simulator2_ws/src/ThirdParty/aws-robomaker-racetrack-world -DBUILD_TESTING=OFF -DAMENT_CMAKE_SYMLINK_INSTALL=1 -DCMAKE_INSTALL_PREFIX=/home/sergio/tiago_simulator2_ws/install/aws_robomaker_racetrack_world
[4.912s] Invoking command in '/home/sergio/tiago_simulator2_ws/build/aws_robomaker_racetrack_world': CMAKE_PREFIX_PATH=${CMAKE_PREFIX_PATH}:/home/sergio/tiago_simulator_ws/install/waypoint_navigation:/home/sergio/tiago_simulator_ws/install/sound_recognition:/opt/ros/humble /usr/bin/cmake --build /home/sergio/tiago_simulator2_ws/build/aws_robomaker_racetrack_world -- -j8 -l8
[4.987s] Invoked command in '/home/sergio/tiago_simulator2_ws/build/aws_robomaker_racetrack_world' returned '0': CMAKE_PREFIX_PATH=${CMAKE_PREFIX_PATH}:/home/sergio/tiago_simulator_ws/install/waypoint_navigation:/home/sergio/tiago_simulator_ws/install/sound_recognition:/opt/ros/humble /usr/bin/cmake --build /home/sergio/tiago_simulator2_ws/build/aws_robomaker_racetrack_world -- -j8 -l8
[5.040s] Invoking command in '/home/sergio/tiago_simulator2_ws/build/aws_robomaker_racetrack_world': CMAKE_PREFIX_PATH=${CMAKE_PREFIX_PATH}:/home/sergio/tiago_simulator_ws/install/waypoint_navigation:/home/sergio/tiago_simulator_ws/install/sound_recognition:/opt/ros/humble /usr/bin/cmake --install /home/sergio/tiago_simulator2_ws/build/aws_robomaker_racetrack_world
[5.384s] -- Install configuration: ""
[5.384s] -- Execute custom install script
[5.385s] -- Symlinking: /home/sergio/tiago_simulator2_ws/install/aws_robomaker_racetrack_world/share/aws_robomaker_racetrack_world/launch/racetrack.launch.py
[5.385s] -- Symlinking: /home/sergio/tiago_simulator2_ws/install/aws_robomaker_racetrack_world/share/aws_robomaker_racetrack_world/launch/view_racetrack.launch.py
[5.385s] -- Symlinking: /home/sergio/tiago_simulator2_ws/install/aws_robomaker_racetrack_world/share/aws_robomaker_racetrack_world/models/aws_robomaker_racetrack_Archway_01/materials/textures/aws_Archway_01.png
[5.385s] -- Symlinking: /home/sergio/tiago_simulator2_ws/install/aws_robomaker_racetrack_world/share/aws_robomaker_racetrack_world/models/aws_robomaker_racetrack_Archway_01/meshes/aws_Archway_01_collision.DAE
[5.385s] -- Symlinking: /home/sergio/tiago_simulator2_ws/install/aws_robomaker_racetrack_world/share/aws_robomaker_racetrack_world/models/aws_robomaker_racetrack_Archway_01/meshes/aws_Archway_01_visual.DAE
[5.386s] -- Symlinking: /home/sergio/tiago_simulator2_ws/install/aws_robomaker_racetrack_world/share/aws_robomaker_racetrack_world/models/aws_robomaker_racetrack_Archway_01/model.config
[5.386s] -- Symlinking: /home/sergio/tiago_simulator2_ws/install/aws_robomaker_racetrack_world/share/aws_robomaker_racetrack_world/models/aws_robomaker_racetrack_Archway_01/model.sdf
[5.386s] -- Symlinking: /home/sergio/tiago_simulator2_ws/install/aws_robomaker_racetrack_world/share/aws_robomaker_racetrack_world/models/aws_robomaker_racetrack_Billboard_01/materials/textures/aws_Billboard_01.png
[5.386s] -- Symlinking: /home/sergio/tiago_simulator2_ws/install/aws_robomaker_racetrack_world/share/aws_robomaker_racetrack_world/models/aws_robomaker_racetrack_Billboard_01/meshes/aws_Billboard_01_collision.DAE
[5.386s] -- Symlinking: /home/sergio/tiago_simulator2_ws/install/aws_robomaker_racetrack_world/share/aws_robomaker_racetrack_world/models/aws_robomaker_racetrack_Billboard_01/meshes/aws_Billboard_01_visual.DAE
[5.386s] -- Symlinking: /home/sergio/tiago_simulator2_ws/install/aws_robomaker_racetrack_world/share/aws_robomaker_racetrack_world/models/aws_robomaker_racetrack_Billboard_01/model.config
[5.387s] -- Symlinking: /home/sergio/tiago_simulator2_ws/install/aws_robomaker_racetrack_world/share/aws_robomaker_racetrack_world/models/aws_robomaker_racetrack_Billboard_01/model.sdf
[5.387s] -- Symlinking: /home/sergio/tiago_simulator2_ws/install/aws_robomaker_racetrack_world/share/aws_robomaker_racetrack_world/models/aws_robomaker_racetrack_Column_01/materials/textures/aws_Column_01.png
[5.387s] -- Symlinking: /home/sergio/tiago_simulator2_ws/install/aws_robomaker_racetrack_world/share/aws_robomaker_racetrack_world/models/aws_robomaker_racetrack_Column_01/meshes/aws_Column_01_collision.DAE
[5.387s] -- Symlinking: /home/sergio/tiago_simulator2_ws/install/aws_robomaker_racetrack_world/share/aws_robomaker_racetrack_world/models/aws_robomaker_racetrack_Column_01/meshes/aws_Column_01_visual.DAE
[5.387s] -- Symlinking: /home/sergio/tiago_simulator2_ws/install/aws_robomaker_racetrack_world/share/aws_robomaker_racetrack_world/models/aws_robomaker_racetrack_Column_01/model.config
[5.387s] -- Symlinking: /home/sergio/tiago_simulator2_ws/install/aws_robomaker_racetrack_world/share/aws_robomaker_racetrack_world/models/aws_robomaker_racetrack_Column_01/model.sdf
[5.388s] -- Symlinking: /home/sergio/tiago_simulator2_ws/install/aws_robomaker_racetrack_world/share/aws_robomaker_racetrack_world/models/aws_robomaker_racetrack_CrashworthBucket_01/materials/textures/aws_CrashworthBucket_01.png
[5.388s] -- Symlinking: /home/sergio/tiago_simulator2_ws/install/aws_robomaker_racetrack_world/share/aws_robomaker_racetrack_world/models/aws_robomaker_racetrack_CrashworthBucket_01/meshes/aws_CrashworthBucket_01_collision.DAE
[5.388s] -- Symlinking: /home/sergio/tiago_simulator2_ws/install/aws_robomaker_racetrack_world/share/aws_robomaker_racetrack_world/models/aws_robomaker_racetrack_CrashworthBucket_01/meshes/aws_CrashworthBucket_01_visual.DAE
[5.398s] -- Symlinking: /home/sergio/tiago_simulator2_ws/install/aws_robomaker_racetrack_world/share/aws_robomaker_racetrack_world/models/aws_robomaker_racetrack_CrashworthBucket_01/model.config
[5.417s] -- Symlinking: /home/sergio/tiago_simulator2_ws/install/aws_robomaker_racetrack_world/share/aws_robomaker_racetrack_world/models/aws_robomaker_racetrack_CrashworthBucket_01/model.sdf
[5.433s] -- Symlinking: /home/sergio/tiago_simulator2_ws/install/aws_robomaker_racetrack_world/share/aws_robomaker_racetrack_world/models/aws_robomaker_racetrack_FenceMesh_01/materials/textures/aws_FenceMesh_01.png
[5.450s] -- Symlinking: /home/sergio/tiago_simulator2_ws/install/aws_robomaker_racetrack_world/share/aws_robomaker_racetrack_world/models/aws_robomaker_racetrack_FenceMesh_01/meshes/aws_FenceMesh_01_collision.DAE
[5.467s] -- Symlinking: /home/sergio/tiago_simulator2_ws/install/aws_robomaker_racetrack_world/share/aws_robomaker_racetrack_world/models/aws_robomaker_racetrack_FenceMesh_01/meshes/aws_FenceMesh_01_visual.DAE
[5.487s] -- Symlinking: /home/sergio/tiago_simulator2_ws/install/aws_robomaker_racetrack_world/share/aws_robomaker_racetrack_world/models/aws_robomaker_racetrack_FenceMesh_01/model.config
[5.504s] -- Symlinking: /home/sergio/tiago_simulator2_ws/install/aws_robomaker_racetrack_world/share/aws_robomaker_racetrack_world/models/aws_robomaker_racetrack_FenceMesh_01/model.sdf
[5.520s] -- Symlinking: /home/sergio/tiago_simulator2_ws/install/aws_robomaker_racetrack_world/share/aws_robomaker_racetrack_world/models/aws_robomaker_racetrack_Fence_01/materials/textures/aws_Fence_01.png
[5.534s] -- Symlinking: /home/sergio/tiago_simulator2_ws/install/aws_robomaker_racetrack_world/share/aws_robomaker_racetrack_world/models/aws_robomaker_racetrack_Fence_01/meshes/aws_Fence_01_collision.DAE
[5.548s] -- Symlinking: /home/sergio/tiago_simulator2_ws/install/aws_robomaker_racetrack_world/share/aws_robomaker_racetrack_world/models/aws_robomaker_racetrack_Fence_01/meshes/aws_Fence_01_visual.DAE
[5.561s] -- Symlinking: /home/sergio/tiago_simulator2_ws/install/aws_robomaker_racetrack_world/share/aws_robomaker_racetrack_world/models/aws_robomaker_racetrack_Fence_01/model.config
[5.578s] -- Symlinking: /home/sergio/tiago_simulator2_ws/install/aws_robomaker_racetrack_world/share/aws_robomaker_racetrack_world/models/aws_robomaker_racetrack_Fence_01/model.sdf
[5.596s] -- Symlinking: /home/sergio/tiago_simulator2_ws/install/aws_robomaker_racetrack_world/share/aws_robomaker_racetrack_world/models/aws_robomaker_racetrack_Fence_02/materials/textures/aws_Fence_02.png
[5.612s] -- Symlinking: /home/sergio/tiago_simulator2_ws/install/aws_robomaker_racetrack_world/share/aws_robomaker_racetrack_world/models/aws_robomaker_racetrack_Fence_02/meshes/aws_Fence_02_collision.DAE
[5.628s] -- Symlinking: /home/sergio/tiago_simulator2_ws/install/aws_robomaker_racetrack_world/share/aws_robomaker_racetrack_world/models/aws_robomaker_racetrack_Fence_02/meshes/aws_Fence_02_visual.DAE
[5.647s] -- Symlinking: /home/sergio/tiago_simulator2_ws/install/aws_robomaker_racetrack_world/share/aws_robomaker_racetrack_world/models/aws_robomaker_racetrack_Fence_02/model.config
[5.664s] -- Symlinking: /home/sergio/tiago_simulator2_ws/install/aws_robomaker_racetrack_world/share/aws_robomaker_racetrack_world/models/aws_robomaker_racetrack_Fence_02/model.sdf
[5.682s] -- Symlinking: /home/sergio/tiago_simulator2_ws/install/aws_robomaker_racetrack_world/share/aws_robomaker_racetrack_world/models/aws_robomaker_racetrack_Ground_01/materials/textures/aws_GroundN_01.png
[5.701s] -- Symlinking: /home/sergio/tiago_simulator2_ws/install/aws_robomaker_racetrack_world/share/aws_robomaker_racetrack_world/models/aws_robomaker_racetrack_Ground_01/materials/textures/aws_Ground_01.png
[5.718s] -- Symlinking: /home/sergio/tiago_simulator2_ws/install/aws_robomaker_racetrack_world/share/aws_robomaker_racetrack_world/models/aws_robomaker_racetrack_Ground_01/meshes/aws_Ground_01_collision.DAE
[5.735s] -- Symlinking: /home/sergio/tiago_simulator2_ws/install/aws_robomaker_racetrack_world/share/aws_robomaker_racetrack_world/models/aws_robomaker_racetrack_Ground_01/meshes/aws_Ground_01_visual.DAE
[5.752s] -- Symlinking: /home/sergio/tiago_simulator2_ws/install/aws_robomaker_racetrack_world/share/aws_robomaker_racetrack_world/models/aws_robomaker_racetrack_Ground_01/model.config
[5.767s] -- Symlinking: /home/sergio/tiago_simulator2_ws/install/aws_robomaker_racetrack_world/share/aws_robomaker_racetrack_world/models/aws_robomaker_racetrack_Ground_01/model.sdf
[5.784s] -- Symlinking: /home/sergio/tiago_simulator2_ws/install/aws_robomaker_racetrack_world/share/aws_robomaker_racetrack_world/models/aws_robomaker_racetrack_Light_01/materials/textures/aws_Light_01.png
[5.797s] -- Symlinking: /home/sergio/tiago_simulator2_ws/install/aws_robomaker_racetrack_world/share/aws_robomaker_racetrack_world/models/aws_robomaker_racetrack_Light_01/meshes/aws_Light_01_collision.DAE
[5.810s] -- Symlinking: /home/sergio/tiago_simulator2_ws/install/aws_robomaker_racetrack_world/share/aws_robomaker_racetrack_world/models/aws_robomaker_racetrack_Light_01/meshes/aws_Light_01_visual.DAE
[5.824s] -- Symlinking: /home/sergio/tiago_simulator2_ws/install/aws_robomaker_racetrack_world/share/aws_robomaker_racetrack_world/models/aws_robomaker_racetrack_Light_01/model.config
[5.842s] -- Symlinking: /home/sergio/tiago_simulator2_ws/install/aws_robomaker_racetrack_world/share/aws_robomaker_racetrack_world/models/aws_robomaker_racetrack_Light_01/model.sdf
[5.861s] -- Symlinking: /home/sergio/tiago_simulator2_ws/install/aws_robomaker_racetrack_world/share/aws_robomaker_racetrack_world/models/aws_robomaker_racetrack_RaceStartLight_01/materials/textures/aws_RaceStartLight_01.png
[5.877s] -- Symlinking: /home/sergio/tiago_simulator2_ws/install/aws_robomaker_racetrack_world/share/aws_robomaker_racetrack_world/models/aws_robomaker_racetrack_RaceStartLight_01/meshes/aws_RaceStartLight_01_collision.DAE
[5.889s] -- Symlinking: /home/sergio/tiago_simulator2_ws/install/aws_robomaker_racetrack_world/share/aws_robomaker_racetrack_world/models/aws_robomaker_racetrack_RaceStartLight_01/meshes/aws_RaceStartLight_01_visual.DAE
[5.905s] -- Symlinking: /home/sergio/tiago_simulator2_ws/install/aws_robomaker_racetrack_world/share/aws_robomaker_racetrack_world/models/aws_robomaker_racetrack_RaceStartLight_01/model.config
[5.918s] -- Symlinking: /home/sergio/tiago_simulator2_ws/install/aws_robomaker_racetrack_world/share/aws_robomaker_racetrack_world/models/aws_robomaker_racetrack_RaceStartLight_01/model.sdf
[5.934s] -- Symlinking: /home/sergio/tiago_simulator2_ws/install/aws_robomaker_racetrack_world/share/aws_robomaker_racetrack_world/models/aws_robomaker_racetrack_StonePier_01/materials/textures/aws_StonePier_01.png
[5.951s] -- Symlinking: /home/sergio/tiago_simulator2_ws/install/aws_robomaker_racetrack_world/share/aws_robomaker_racetrack_world/models/aws_robomaker_racetrack_StonePier_01/meshes/aws_StonePier_01_collision.DAE
[5.963s] -- Symlinking: /home/sergio/tiago_simulator2_ws/install/aws_robomaker_racetrack_world/share/aws_robomaker_racetrack_world/models/aws_robomaker_racetrack_StonePier_01/meshes/aws_StonePier_01_visual.DAE
[5.980s] -- Symlinking: /home/sergio/tiago_simulator2_ws/install/aws_robomaker_racetrack_world/share/aws_robomaker_racetrack_world/models/aws_robomaker_racetrack_StonePier_01/model.config
[5.997s] -- Symlinking: /home/sergio/tiago_simulator2_ws/install/aws_robomaker_racetrack_world/share/aws_robomaker_racetrack_world/models/aws_robomaker_racetrack_StonePier_01/model.sdf
[6.014s] -- Symlinking: /home/sergio/tiago_simulator2_ws/install/aws_robomaker_racetrack_world/share/aws_robomaker_racetrack_world/models/aws_robomaker_racetrack_StopSign_01/materials/textures/aws_StopSign_01.png
[6.031s] -- Symlinking: /home/sergio/tiago_simulator2_ws/install/aws_robomaker_racetrack_world/share/aws_robomaker_racetrack_world/models/aws_robomaker_racetrack_StopSign_01/meshes/aws_StopSign_01_collision.DAE
[6.044s] -- Symlinking: /home/sergio/tiago_simulator2_ws/install/aws_robomaker_racetrack_world/share/aws_robomaker_racetrack_world/models/aws_robomaker_racetrack_StopSign_01/meshes/aws_StopSign_01_visual.DAE
[6.059s] -- Symlinking: /home/sergio/tiago_simulator2_ws/install/aws_robomaker_racetrack_world/share/aws_robomaker_racetrack_world/models/aws_robomaker_racetrack_StopSign_01/model.config
[6.074s] -- Symlinking: /home/sergio/tiago_simulator2_ws/install/aws_robomaker_racetrack_world/share/aws_robomaker_racetrack_world/models/aws_robomaker_racetrack_StopSign_01/model.sdf
[6.091s] -- Symlinking: /home/sergio/tiago_simulator2_ws/install/aws_robomaker_racetrack_world/share/aws_robomaker_racetrack_world/models/aws_robomaker_racetrack_Track_01/materials/textures/aws_Track_01.png
[6.107s] -- Symlinking: /home/sergio/tiago_simulator2_ws/install/aws_robomaker_racetrack_world/share/aws_robomaker_racetrack_world/models/aws_robomaker_racetrack_Track_01/materials/textures/aws_Track_01A.png
[6.123s] -- Symlinking: /home/sergio/tiago_simulator2_ws/install/aws_robomaker_racetrack_world/share/aws_robomaker_racetrack_world/models/aws_robomaker_racetrack_Track_01/meshes/aws_Track_01_collision.DAE
[6.140s] -- Symlinking: /home/sergio/tiago_simulator2_ws/install/aws_robomaker_racetrack_world/share/aws_robomaker_racetrack_world/models/aws_robomaker_racetrack_Track_01/meshes/aws_Track_01_visual.DAE
[6.157s] -- Symlinking: /home/sergio/tiago_simulator2_ws/install/aws_robomaker_racetrack_world/share/aws_robomaker_racetrack_world/models/aws_robomaker_racetrack_Track_01/model.config
[6.169s] -- Symlinking: /home/sergio/tiago_simulator2_ws/install/aws_robomaker_racetrack_world/share/aws_robomaker_racetrack_world/models/aws_robomaker_racetrack_Track_01/model.sdf
[6.181s] -- Symlinking: /home/sergio/tiago_simulator2_ws/install/aws_robomaker_racetrack_world/share/aws_robomaker_racetrack_world/models/aws_robomaker_racetrack_Track_02/materials/textures/aws_Track_02.png
[6.193s] -- Symlinking: /home/sergio/tiago_simulator2_ws/install/aws_robomaker_racetrack_world/share/aws_robomaker_racetrack_world/models/aws_robomaker_racetrack_Track_02/materials/textures/aws_Track_02B.png
[6.208s] -- Symlinking: /home/sergio/tiago_simulator2_ws/install/aws_robomaker_racetrack_world/share/aws_robomaker_racetrack_world/models/aws_robomaker_racetrack_Track_02/meshes/aws_Track_02_collision.DAE
[6.221s] -- Symlinking: /home/sergio/tiago_simulator2_ws/install/aws_robomaker_racetrack_world/share/aws_robomaker_racetrack_world/models/aws_robomaker_racetrack_Track_02/meshes/aws_Track_02_visual.DAE
[6.234s] -- Symlinking: /home/sergio/tiago_simulator2_ws/install/aws_robomaker_racetrack_world/share/aws_robomaker_racetrack_world/models/aws_robomaker_racetrack_Track_02/model.config
[6.245s] -- Symlinking: /home/sergio/tiago_simulator2_ws/install/aws_robomaker_racetrack_world/share/aws_robomaker_racetrack_world/models/aws_robomaker_racetrack_Track_02/model.sdf
[6.262s] -- Symlinking: /home/sergio/tiago_simulator2_ws/install/aws_robomaker_racetrack_world/share/aws_robomaker_racetrack_world/models/aws_robomaker_racetrack_Track_03/materials/textures/aws_Track_03.png
[6.278s] -- Symlinking: /home/sergio/tiago_simulator2_ws/install/aws_robomaker_racetrack_world/share/aws_robomaker_racetrack_world/models/aws_robomaker_racetrack_Track_03/materials/textures/aws_Track_03B.png
[6.294s] -- Symlinking: /home/sergio/tiago_simulator2_ws/install/aws_robomaker_racetrack_world/share/aws_robomaker_racetrack_world/models/aws_robomaker_racetrack_Track_03/meshes/aws_Track_03_collision.DAE
[6.309s] -- Symlinking: /home/sergio/tiago_simulator2_ws/install/aws_robomaker_racetrack_world/share/aws_robomaker_racetrack_world/models/aws_robomaker_racetrack_Track_03/meshes/aws_Track_03_visual.DAE
[6.323s] -- Symlinking: /home/sergio/tiago_simulator2_ws/install/aws_robomaker_racetrack_world/share/aws_robomaker_racetrack_world/models/aws_robomaker_racetrack_Track_03/model.config
[6.339s] -- Symlinking: /home/sergio/tiago_simulator2_ws/install/aws_robomaker_racetrack_world/share/aws_robomaker_racetrack_world/models/aws_robomaker_racetrack_Track_03/model.sdf
[6.354s] -- Symlinking: /home/sergio/tiago_simulator2_ws/install/aws_robomaker_racetrack_world/share/aws_robomaker_racetrack_world/models/aws_robomaker_racetrack_Track_04/materials/textures/aws_Track_04.png
[6.371s] -- Symlinking: /home/sergio/tiago_simulator2_ws/install/aws_robomaker_racetrack_world/share/aws_robomaker_racetrack_world/models/aws_robomaker_racetrack_Track_04/materials/textures/aws_Track_04B.png
[6.388s] -- Symlinking: /home/sergio/tiago_simulator2_ws/install/aws_robomaker_racetrack_world/share/aws_robomaker_racetrack_world/models/aws_robomaker_racetrack_Track_04/meshes/aws_Track_04_collision.DAE
[6.405s] -- Symlinking: /home/sergio/tiago_simulator2_ws/install/aws_robomaker_racetrack_world/share/aws_robomaker_racetrack_world/models/aws_robomaker_racetrack_Track_04/meshes/aws_Track_04_visual.DAE
[6.422s] -- Symlinking: /home/sergio/tiago_simulator2_ws/install/aws_robomaker_racetrack_world/share/aws_robomaker_racetrack_world/models/aws_robomaker_racetrack_Track_04/model.config
[6.438s] -- Symlinking: /home/sergio/tiago_simulator2_ws/install/aws_robomaker_racetrack_world/share/aws_robomaker_racetrack_world/models/aws_robomaker_racetrack_Track_04/model.sdf
[6.453s] -- Symlinking: /home/sergio/tiago_simulator2_ws/install/aws_robomaker_racetrack_world/share/aws_robomaker_racetrack_world/models/aws_robomaker_racetrack_Track_05/materials/aws_Track_05.png
[6.469s] -- Symlinking: /home/sergio/tiago_simulator2_ws/install/aws_robomaker_racetrack_world/share/aws_robomaker_racetrack_world/models/aws_robomaker_racetrack_Track_05/materials/aws_Track_05B.png
[6.485s] -- Symlinking: /home/sergio/tiago_simulator2_ws/install/aws_robomaker_racetrack_world/share/aws_robomaker_racetrack_world/models/aws_robomaker_racetrack_Track_05/materials/aws_Track_05C.png
[6.502s] -- Symlinking: /home/sergio/tiago_simulator2_ws/install/aws_robomaker_racetrack_world/share/aws_robomaker_racetrack_world/models/aws_robomaker_racetrack_Track_05/materials/textures/aws_Track_05.png
[6.519s] -- Symlinking: /home/sergio/tiago_simulator2_ws/install/aws_robomaker_racetrack_world/share/aws_robomaker_racetrack_world/models/aws_robomaker_racetrack_Track_05/materials/textures/aws_Track_05B.png
[6.540s] -- Symlinking: /home/sergio/tiago_simulator2_ws/install/aws_robomaker_racetrack_world/share/aws_robomaker_racetrack_world/models/aws_robomaker_racetrack_Track_05/materials/textures/aws_Track_05C.png
[6.556s] -- Symlinking: /home/sergio/tiago_simulator2_ws/install/aws_robomaker_racetrack_world/share/aws_robomaker_racetrack_world/models/aws_robomaker_racetrack_Track_05/meshes/aws_Track_05_collision.DAE
[6.571s] -- Symlinking: /home/sergio/tiago_simulator2_ws/install/aws_robomaker_racetrack_world/share/aws_robomaker_racetrack_world/models/aws_robomaker_racetrack_Track_05/meshes/aws_Track_05_visual.DAE
[6.586s] -- Symlinking: /home/sergio/tiago_simulator2_ws/install/aws_robomaker_racetrack_world/share/aws_robomaker_racetrack_world/models/aws_robomaker_racetrack_Track_05/model.config
[6.599s] -- Symlinking: /home/sergio/tiago_simulator2_ws/install/aws_robomaker_racetrack_world/share/aws_robomaker_racetrack_world/models/aws_robomaker_racetrack_Track_05/model.sdf
[6.611s] -- Symlinking: /home/sergio/tiago_simulator2_ws/install/aws_robomaker_racetrack_world/share/aws_robomaker_racetrack_world/models/aws_robomaker_racetrack_Trackline_01/materials/textures/aws_Trackline_01.png
[6.624s] -- Symlinking: /home/sergio/tiago_simulator2_ws/install/aws_robomaker_racetrack_world/share/aws_robomaker_racetrack_world/models/aws_robomaker_racetrack_Trackline_01/meshes/aws_Trackline_01_collision.DAE
[6.640s] -- Symlinking: /home/sergio/tiago_simulator2_ws/install/aws_robomaker_racetrack_world/share/aws_robomaker_racetrack_world/models/aws_robomaker_racetrack_Trackline_01/meshes/aws_Trackline_01_visual.DAE
[6.657s] -- Symlinking: /home/sergio/tiago_simulator2_ws/install/aws_robomaker_racetrack_world/share/aws_robomaker_racetrack_world/models/aws_robomaker_racetrack_Trackline_01/model.config
[6.672s] -- Symlinking: /home/sergio/tiago_simulator2_ws/install/aws_robomaker_racetrack_world/share/aws_robomaker_racetrack_world/models/aws_robomaker_racetrack_Trackline_01/model.sdf
[6.691s] -- Symlinking: /home/sergio/tiago_simulator2_ws/install/aws_robomaker_racetrack_world/share/aws_robomaker_racetrack_world/models/aws_robomaker_racetrack_TrafficCone_01/materials/textures/aws_TrafficCone_01.png
[6.705s] -- Symlinking: /home/sergio/tiago_simulator2_ws/install/aws_robomaker_racetrack_world/share/aws_robomaker_racetrack_world/models/aws_robomaker_racetrack_TrafficCone_01/meshes/aws_TrafficCone_01_coliision.DAE
[6.720s] -- Symlinking: /home/sergio/tiago_simulator2_ws/install/aws_robomaker_racetrack_world/share/aws_robomaker_racetrack_world/models/aws_robomaker_racetrack_TrafficCone_01/meshes/aws_TrafficCone_01_visual.DAE
[6.736s] -- Symlinking: /home/sergio/tiago_simulator2_ws/install/aws_robomaker_racetrack_world/share/aws_robomaker_racetrack_world/models/aws_robomaker_racetrack_TrafficCone_01/model.config
[6.749s] -- Symlinking: /home/sergio/tiago_simulator2_ws/install/aws_robomaker_racetrack_world/share/aws_robomaker_racetrack_world/models/aws_robomaker_racetrack_TrafficCone_01/model.sdf
[6.784s] -- Symlinking: /home/sergio/tiago_simulator2_ws/install/aws_robomaker_racetrack_world/share/aws_robomaker_racetrack_world/models/aws_robomaker_racetrack_Wall_01/materials/textures/aws_Wall_01.png
[6.802s] -- Symlinking: /home/sergio/tiago_simulator2_ws/install/aws_robomaker_racetrack_world/share/aws_robomaker_racetrack_world/models/aws_robomaker_racetrack_Wall_01/meshes/aws_Wall_01_collision.DAE
[6.813s] -- Symlinking: /home/sergio/tiago_simulator2_ws/install/aws_robomaker_racetrack_world/share/aws_robomaker_racetrack_world/models/aws_robomaker_racetrack_Wall_01/meshes/aws_Wall_01_visual.DAE
[6.826s] -- Symlinking: /home/sergio/tiago_simulator2_ws/install/aws_robomaker_racetrack_world/share/aws_robomaker_racetrack_world/models/aws_robomaker_racetrack_Wall_01/model.config
[6.841s] -- Symlinking: /home/sergio/tiago_simulator2_ws/install/aws_robomaker_racetrack_world/share/aws_robomaker_racetrack_world/models/aws_robomaker_racetrack_Wall_01/model.sdf
[6.859s] -- Symlinking: /home/sergio/tiago_simulator2_ws/install/aws_robomaker_racetrack_world/share/aws_robomaker_racetrack_world/worlds/racetrack_day.world
[6.877s] -- Symlinking: /home/sergio/tiago_simulator2_ws/install/aws_robomaker_racetrack_world/share/aws_robomaker_racetrack_world/worlds/racetrack_day_empty.world
[6.892s] -- Symlinking: /home/sergio/tiago_simulator2_ws/install/aws_robomaker_racetrack_world/share/aws_robomaker_racetrack_world/worlds/racetrack_night.world
[6.909s] -- Symlinking: /home/sergio/tiago_simulator2_ws/install/aws_robomaker_racetrack_world/share/ament_index/resource_index/package_run_dependencies/aws_robomaker_racetrack_world
[6.925s] -- Symlinking: /home/sergio/tiago_simulator2_ws/install/aws_robomaker_racetrack_world/share/ament_index/resource_index/parent_prefix_path/aws_robomaker_racetrack_world
[6.939s] -- Symlinking: /home/sergio/tiago_simulator2_ws/install/aws_robomaker_racetrack_world/share/aws_robomaker_racetrack_world/environment/ament_prefix_path.sh
[6.954s] -- Symlinking: /home/sergio/tiago_simulator2_ws/install/aws_robomaker_racetrack_world/share/aws_robomaker_racetrack_world/environment/ament_prefix_path.dsv
[6.968s] -- Symlinking: /home/sergio/tiago_simulator2_ws/install/aws_robomaker_racetrack_world/share/aws_robomaker_racetrack_world/environment/path.sh
[6.981s] -- Symlinking: /home/sergio/tiago_simulator2_ws/install/aws_robomaker_racetrack_world/share/aws_robomaker_racetrack_world/environment/path.dsv
[6.994s] -- Symlinking: /home/sergio/tiago_simulator2_ws/install/aws_robomaker_racetrack_world/share/aws_robomaker_racetrack_world/local_setup.bash
[7.008s] -- Symlinking: /home/sergio/tiago_simulator2_ws/install/aws_robomaker_racetrack_world/share/aws_robomaker_racetrack_world/local_setup.sh
[7.023s] -- Symlinking: /home/sergio/tiago_simulator2_ws/install/aws_robomaker_racetrack_world/share/aws_robomaker_racetrack_world/local_setup.zsh
[7.036s] -- Symlinking: /home/sergio/tiago_simulator2_ws/install/aws_robomaker_racetrack_world/share/aws_robomaker_racetrack_world/local_setup.dsv
[7.048s] -- Symlinking: /home/sergio/tiago_simulator2_ws/install/aws_robomaker_racetrack_world/share/aws_robomaker_racetrack_world/package.dsv
[7.064s] -- Symlinking: /home/sergio/tiago_simulator2_ws/install/aws_robomaker_racetrack_world/share/ament_index/resource_index/packages/aws_robomaker_racetrack_world
[7.081s] -- Symlinking: /home/sergio/tiago_simulator2_ws/install/aws_robomaker_racetrack_world/share/aws_robomaker_racetrack_world/cmake/ament_cmake_export_dependencies-extras.cmake
[7.097s] -- Symlinking: /home/sergio/tiago_simulator2_ws/install/aws_robomaker_racetrack_world/share/aws_robomaker_racetrack_world/cmake/aws_robomaker_racetrack_worldConfig.cmake
[7.110s] -- Symlinking: /home/sergio/tiago_simulator2_ws/install/aws_robomaker_racetrack_world/share/aws_robomaker_racetrack_world/cmake/aws_robomaker_racetrack_worldConfig-version.cmake
[7.122s] -- Symlinking: /home/sergio/tiago_simulator2_ws/install/aws_robomaker_racetrack_world/share/aws_robomaker_racetrack_world/package.xml
[7.140s] Invoked command in '/home/sergio/tiago_simulator2_ws/build/aws_robomaker_racetrack_world' returned '0': CMAKE_PREFIX_PATH=${CMAKE_PREFIX_PATH}:/home/sergio/tiago_simulator_ws/install/waypoint_navigation:/home/sergio/tiago_simulator_ws/install/sound_recognition:/opt/ros/humble /usr/bin/cmake --install /home/sergio/tiago_simulator2_ws/build/aws_robomaker_racetrack_world
