[0.037s] Invoking command in '/home/sergio/tiago_simulator2_ws/build/tiago_simulator': CMAKE_PREFIX_PATH=${CMAKE_PREFIX_PATH}:/home/sergio/tiago_simulator_ws/install/waypoint_navigation:/home/sergio/tiago_simulator_ws/install/sound_recognition:/opt/ros/humble /usr/bin/cmake /home/sergio/tiago_simulator2_ws/src/tiago_simulator -DBUILD_TESTING=OFF -DAMENT_CMAKE_SYMLINK_INSTALL=1 -DCMAKE_INSTALL_PREFIX=/home/sergio/tiago_simulator2_ws/install/tiago_simulator
[4.727s] -- The C compiler identification is GNU 11.4.0
[4.727s] -- The CXX compiler identification is GNU 11.4.0
[4.728s] -- Detecting C compiler ABI info
[4.728s] -- Detecting C compiler ABI info - done
[4.731s] -- Check for working C compiler: /usr/bin/cc - skipped
[4.731s] -- Detecting C compile features
[4.731s] -- Detecting C compile features - done
[4.731s] -- Detecting CXX compiler ABI info
[4.732s] -- Detecting CXX compiler ABI info - done
[4.732s] -- Check for working CXX compiler: /usr/bin/c++ - skipped
[4.732s] -- Detecting CXX compile features
[4.732s] -- Detecting CXX compile features - done
[4.732s] -- Found ament_cmake: 1.3.8 (/opt/ros/humble/share/ament_cmake/cmake)
[4.732s] -- Found Python3: /usr/bin/python3 (found version "3.10.12") found components: Interpreter 
[4.733s] -- Override CMake install command with custom implementation using symlinks instead of copying resources
[4.733s] -- Configuring done
[4.733s] -- Generating done
[4.733s] -- Build files have been written to: /home/sergio/tiago_simulator2_ws/build/tiago_simulator
[4.738s] Invoked command in '/home/sergio/tiago_simulator2_ws/build/tiago_simulator' returned '0': CMAKE_PREFIX_PATH=${CMAKE_PREFIX_PATH}:/home/sergio/tiago_simulator_ws/install/waypoint_navigation:/home/sergio/tiago_simulator_ws/install/sound_recognition:/opt/ros/humble /usr/bin/cmake /home/sergio/tiago_simulator2_ws/src/tiago_simulator -DBUILD_TESTING=OFF -DAMENT_CMAKE_SYMLINK_INSTALL=1 -DCMAKE_INSTALL_PREFIX=/home/sergio/tiago_simulator2_ws/install/tiago_simulator
[4.739s] Invoking command in '/home/sergio/tiago_simulator2_ws/build/tiago_simulator': CMAKE_PREFIX_PATH=${CMAKE_PREFIX_PATH}:/home/sergio/tiago_simulator_ws/install/waypoint_navigation:/home/sergio/tiago_simulator_ws/install/sound_recognition:/opt/ros/humble /usr/bin/cmake --build /home/sergio/tiago_simulator2_ws/build/tiago_simulator -- -j8 -l8
[4.819s] Invoked command in '/home/sergio/tiago_simulator2_ws/build/tiago_simulator' returned '0': CMAKE_PREFIX_PATH=${CMAKE_PREFIX_PATH}:/home/sergio/tiago_simulator_ws/install/waypoint_navigation:/home/sergio/tiago_simulator_ws/install/sound_recognition:/opt/ros/humble /usr/bin/cmake --build /home/sergio/tiago_simulator2_ws/build/tiago_simulator -- -j8 -l8
[4.872s] Invoking command in '/home/sergio/tiago_simulator2_ws/build/tiago_simulator': CMAKE_PREFIX_PATH=${CMAKE_PREFIX_PATH}:/home/sergio/tiago_simulator_ws/install/waypoint_navigation:/home/sergio/tiago_simulator_ws/install/sound_recognition:/opt/ros/humble /usr/bin/cmake --install /home/sergio/tiago_simulator2_ws/build/tiago_simulator
[4.887s] -- Install configuration: ""
[4.887s] -- Execute custom install script
[4.887s] -- Symlinking: /home/sergio/tiago_simulator2_ws/install/tiago_simulator/share/tiago_simulator/launch/navigation.launch.py
[4.903s] -- Symlinking: /home/sergio/tiago_simulator2_ws/install/tiago_simulator/share/tiago_simulator/launch/simulation.launch.py
[4.919s] -- Symlinking: /home/sergio/tiago_simulator2_ws/install/tiago_simulator/share/tiago_simulator/config/params.yaml
[4.937s] -- Symlinking: /home/sergio/tiago_simulator2_ws/install/tiago_simulator/share/tiago_simulator/maps/aws_bookstore.pgm
[4.954s] -- Symlinking: /home/sergio/tiago_simulator2_ws/install/tiago_simulator/share/tiago_simulator/maps/aws_bookstore.yaml
[4.972s] -- Symlinking: /home/sergio/tiago_simulator2_ws/install/tiago_simulator/share/tiago_simulator/maps/aws_hospital.pgm
[4.989s] -- Symlinking: /home/sergio/tiago_simulator2_ws/install/tiago_simulator/share/tiago_simulator/maps/aws_hospital.yaml
[5.005s] -- Symlinking: /home/sergio/tiago_simulator2_ws/install/tiago_simulator/share/tiago_simulator/maps/aws_house.pgm
[5.022s] -- Symlinking: /home/sergio/tiago_simulator2_ws/install/tiago_simulator/share/tiago_simulator/maps/aws_house.yaml
[5.038s] -- Symlinking: /home/sergio/tiago_simulator2_ws/install/tiago_simulator/share/tiago_simulator/maps/aws_warehouse.pgm
[5.051s] -- Symlinking: /home/sergio/tiago_simulator2_ws/install/tiago_simulator/share/tiago_simulator/maps/aws_warehouse.yaml
[5.068s] -- Symlinking: /home/sergio/tiago_simulator2_ws/install/tiago_simulator/share/tiago_simulator/maps/plasys_house.pgm
[5.082s] -- Symlinking: /home/sergio/tiago_simulator2_ws/install/tiago_simulator/share/tiago_simulator/maps/plasys_house.yaml
[5.099s] -- Symlinking: /home/sergio/tiago_simulator2_ws/install/tiago_simulator/share/ament_index/resource_index/package_run_dependencies/tiago_simulator
[5.117s] -- Symlinking: /home/sergio/tiago_simulator2_ws/install/tiago_simulator/share/ament_index/resource_index/parent_prefix_path/tiago_simulator
[5.133s] -- Symlinking: /home/sergio/tiago_simulator2_ws/install/tiago_simulator/share/tiago_simulator/environment/ament_prefix_path.sh
[5.149s] -- Symlinking: /home/sergio/tiago_simulator2_ws/install/tiago_simulator/share/tiago_simulator/environment/ament_prefix_path.dsv
[5.168s] -- Symlinking: /home/sergio/tiago_simulator2_ws/install/tiago_simulator/share/tiago_simulator/environment/path.sh
[5.185s] -- Symlinking: /home/sergio/tiago_simulator2_ws/install/tiago_simulator/share/tiago_simulator/environment/path.dsv
[5.202s] -- Symlinking: /home/sergio/tiago_simulator2_ws/install/tiago_simulator/share/tiago_simulator/local_setup.bash
[5.220s] -- Symlinking: /home/sergio/tiago_simulator2_ws/install/tiago_simulator/share/tiago_simulator/local_setup.sh
[5.236s] -- Symlinking: /home/sergio/tiago_simulator2_ws/install/tiago_simulator/share/tiago_simulator/local_setup.zsh
[5.251s] -- Symlinking: /home/sergio/tiago_simulator2_ws/install/tiago_simulator/share/tiago_simulator/local_setup.dsv
[5.268s] -- Symlinking: /home/sergio/tiago_simulator2_ws/install/tiago_simulator/share/tiago_simulator/package.dsv
[5.285s] -- Symlinking: /home/sergio/tiago_simulator2_ws/install/tiago_simulator/share/ament_index/resource_index/packages/tiago_simulator
[5.302s] -- Symlinking: /home/sergio/tiago_simulator2_ws/install/tiago_simulator/share/tiago_simulator/cmake/tiago_simulatorConfig.cmake
[5.320s] -- Symlinking: /home/sergio/tiago_simulator2_ws/install/tiago_simulator/share/tiago_simulator/cmake/tiago_simulatorConfig-version.cmake
[5.335s] -- Symlinking: /home/sergio/tiago_simulator2_ws/install/tiago_simulator/share/tiago_simulator/package.xml
[5.362s] Invoked command in '/home/sergio/tiago_simulator2_ws/build/tiago_simulator' returned '0': CMAKE_PREFIX_PATH=${CMAKE_PREFIX_PATH}:/home/sergio/tiago_simulator_ws/install/waypoint_navigation:/home/sergio/tiago_simulator_ws/install/sound_recognition:/opt/ros/humble /usr/bin/cmake --install /home/sergio/tiago_simulator2_ws/build/tiago_simulator
